[ 2014-11-19T10:19:05+08:00 ] 127.0.0.1 /xbdcms/
INFO: [ app_init ] --START--
INFO: Run Behavior\BuildLiteBehavior [ RunTime:0.000000s ]
INFO: [ app_init ] --END-- [ RunTime:0.098006s ]
INFO: [ app_begin ] --START--
INFO: Run Behavior\ReadHtmlCacheBehavior [ RunTime:0.020002s ]
INFO: [ app_begin ] --END-- [ RunTime:0.020002s ]
INFO: [ view_parse ] --START--
INFO: [ template_filter ] --START--
INFO: Run Behavior\ContentReplaceBehavior [ RunTime:0.001000s ]
INFO: [ template_filter ] --END-- [ RunTime:0.001000s ]
NOTIC: [8] Use of undefined constant login - assumed 'login' D:\wamp\www\xbdcms\Application\Runtime\Cache\Home\4a2c385fbfaec846964dc7028911284c.php 第 12 行.
NOTIC: [8] Use of undefined constant verify - assumed 'verify' D:\wamp\www\xbdcms\Application\Runtime\Cache\Home\4a2c385fbfaec846964dc7028911284c.php 第 16 行.
INFO: Run Behavior\ParseTemplateBehavior [ RunTime:0.178010s ]
INFO: [ view_parse ] --END-- [ RunTime:0.178010s ]
INFO: [ view_filter ] --START--
INFO: Run Behavior\WriteHtmlCacheBehavior [ RunTime:0.006000s ]
INFO: [ view_filter ] --END-- [ RunTime:0.006000s ]
INFO: [ app_end ] --START--
INFO: Run Behavior\ShowPageTraceBehavior [ RunTime:0.030002s ]
INFO: [ app_end ] --END-- [ RunTime:0.031002s ]

[ 2014-11-19T10:19:09+08:00 ] 127.0.0.1 /xbdcms/Home/Login/verify
INFO: [ app_init ] --START--
INFO: Run Behavior\BuildLiteBehavior [ RunTime:0.000000s ]
INFO: [ app_init ] --END-- [ RunTime:0.001000s ]
INFO: [ app_begin ] --START--
INFO: Run Behavior\ReadHtmlCacheBehavior [ RunTime:0.001000s ]
INFO: [ app_begin ] --END-- [ RunTime:0.001000s ]
INFO: [ app_end ] --START--
INFO: Run Behavior\ShowPageTraceBehavior [ RunTime:0.002000s ]
INFO: [ app_end ] --END-- [ RunTime:0.002000s ]

[ 2014-11-19T10:20:39+08:00 ] 127.0.0.1 /xbdcms/Home/Login/login.html
INFO: [ app_init ] --START--
INFO: Run Behavior\BuildLiteBehavior [ RunTime:0.000000s ]
INFO: [ app_init ] --END-- [ RunTime:0.001000s ]
INFO: [ app_begin ] --START--
INFO: Run Behavior\ReadHtmlCacheBehavior [ RunTime:0.007001s ]
INFO: [ app_begin ] --END-- [ RunTime:0.007001s ]
NOTIC: [8192] mysql_connect(): The mysql extension is deprecated and will be removed in the future: use mysqli or PDO instead D:\wamp\www\xbdcms\ThinkPHP\Library\Think\Db\Driver\Mysql.class.php 第 52 行.
SQL: SHOW COLUMNS FROM `tp_user` [ RunTime:0.277016s ]
SQL: SELECT * FROM `tp_user` WHERE ( `username` = 'admin' ) AND ( `password` = 'c33367701511b4f6020ec61ded352059' ) LIMIT 1   [ RunTime:0.132007s ]

[ 2014-11-19T10:20:40+08:00 ] 127.0.0.1 /xbdcms/Home/Index/index.html
INFO: [ app_init ] --START--
INFO: Run Behavior\BuildLiteBehavior [ RunTime:0.000000s ]
INFO: [ app_init ] --END-- [ RunTime:0.001000s ]
INFO: [ app_begin ] --START--
INFO: Run Behavior\ReadHtmlCacheBehavior [ RunTime:0.001000s ]
INFO: [ app_begin ] --END-- [ RunTime:0.002000s ]
NOTIC: [8192] mysql_connect(): The mysql extension is deprecated and will be removed in the future: use mysqli or PDO instead D:\wamp\www\xbdcms\ThinkPHP\Library\Think\Db\Driver\Mysql.class.php 第 52 行.
SQL: SHOW COLUMNS FROM `tp_user` [ RunTime:0.018001s ]
SQL: SELECT * FROM `tp_user` WHERE ( `username` = 'admin' ) AND ( `password` = 'e10adc3949ba59abbe56e057f20f883e' ) LIMIT 1   [ RunTime:0.026002s ]
INFO: [ view_parse ] --START--
INFO: [ template_filter ] --START--
INFO: Run Behavior\ContentReplaceBehavior [ RunTime:0.000000s ]
INFO: [ template_filter ] --END-- [ RunTime:0.001000s ]
NOTIC: [8] Use of undefined constant index - assumed 'index' D:\wamp\www\xbdcms\Application\Runtime\Cache\Home\0d6509e863112dc5821b22ecb897e16e.php 第 44 行.
NOTIC: [8] Use of undefined constant dksq - assumed 'dksq' D:\wamp\www\xbdcms\Application\Runtime\Cache\Home\0d6509e863112dc5821b22ecb897e16e.php 第 45 行.
NOTIC: [8] Use of undefined constant staff - assumed 'staff' D:\wamp\www\xbdcms\Application\Runtime\Cache\Home\0d6509e863112dc5821b22ecb897e16e.php 第 47 行.
INFO: Run Behavior\ParseTemplateBehavior [ RunTime:0.174010s ]
INFO: [ view_parse ] --END-- [ RunTime:0.174010s ]
INFO: [ view_filter ] --START--
INFO: Run Behavior\WriteHtmlCacheBehavior [ RunTime:0.005000s ]
INFO: [ view_filter ] --END-- [ RunTime:0.005000s ]
INFO: [ app_end ] --START--
INFO: Run Behavior\ShowPageTraceBehavior [ RunTime:0.008001s ]
INFO: [ app_end ] --END-- [ RunTime:0.008001s ]

[ 2014-11-19T10:21:08+08:00 ] 127.0.0.1 /xbdcms/Home/Dksq/index.html
INFO: [ app_init ] --START--
INFO: Run Behavior\BuildLiteBehavior [ RunTime:0.000000s ]
INFO: [ app_init ] --END-- [ RunTime:0.001000s ]
INFO: [ app_begin ] --START--
INFO: Run Behavior\ReadHtmlCacheBehavior [ RunTime:0.001000s ]
INFO: [ app_begin ] --END-- [ RunTime:0.001000s ]
NOTIC: [8192] mysql_connect(): The mysql extension is deprecated and will be removed in the future: use mysqli or PDO instead D:\wamp\www\xbdcms\ThinkPHP\Library\Think\Db\Driver\Mysql.class.php 第 52 行.
SQL: SHOW COLUMNS FROM `tp_dksq_sq` [ RunTime:0.025001s ]
SQL: SELECT COUNT(*) AS tp_count FROM `tp_dksq_sq` LIMIT 1   [ RunTime:0.052003s ]
SQL: SHOW COLUMNS FROM `tp_dksq_sq` [ RunTime:0.007000s ]
SQL: SELECT a.*,b.xingming FROM tp_dksq_sq a,tp_dksq_grzl b WHERE ( a.zjhm=b.zjhm ) ORDER BY id desc LIMIT 0,15   [ RunTime:0.068004s ]
INFO: [ view_parse ] --START--
INFO: [ template_filter ] --START--
INFO: Run Behavior\ContentReplaceBehavior [ RunTime:0.001000s ]
INFO: [ template_filter ] --END-- [ RunTime:0.001000s ]
NOTIC: [8] Use of undefined constant index - assumed 'index' D:\wamp\www\xbdcms\Application\Runtime\Cache\Home\a1b949df914c7f3f3746bb74ecd0cc68.php 第 44 行.
NOTIC: [8] Use of undefined constant dksq - assumed 'dksq' D:\wamp\www\xbdcms\Application\Runtime\Cache\Home\a1b949df914c7f3f3746bb74ecd0cc68.php 第 45 行.
NOTIC: [8] Use of undefined constant staff - assumed 'staff' D:\wamp\www\xbdcms\Application\Runtime\Cache\Home\a1b949df914c7f3f3746bb74ecd0cc68.php 第 47 行.
INFO: Run Behavior\ParseTemplateBehavior [ RunTime:0.064004s ]
INFO: [ view_parse ] --END-- [ RunTime:0.064004s ]
INFO: [ view_filter ] --START--
INFO: Run Behavior\WriteHtmlCacheBehavior [ RunTime:0.000000s ]
INFO: [ view_filter ] --END-- [ RunTime:0.001000s ]
INFO: [ app_end ] --START--
INFO: Run Behavior\ShowPageTraceBehavior [ RunTime:0.001000s ]
INFO: [ app_end ] --END-- [ RunTime:0.001000s ]

[ 2014-11-19T10:22:46+08:00 ] 127.0.0.1 /xbdcms/Home/Dksq/index.html
INFO: [ app_init ] --START--
INFO: Run Behavior\BuildLiteBehavior [ RunTime:0.000000s ]
INFO: [ app_init ] --END-- [ RunTime:0.001001s ]
INFO: [ app_begin ] --START--
INFO: Run Behavior\ReadHtmlCacheBehavior [ RunTime:0.001000s ]
INFO: [ app_begin ] --END-- [ RunTime:0.001000s ]
NOTIC: [8192] mysql_connect(): The mysql extension is deprecated and will be removed in the future: use mysqli or PDO instead D:\wamp\www\xbdcms\ThinkPHP\Library\Think\Db\Driver\Mysql.class.php 第 52 行.
SQL: SHOW COLUMNS FROM `tp_dksq_sq` [ RunTime:0.005000s ]
SQL: SELECT COUNT(*) AS tp_count FROM `tp_dksq_sq` LIMIT 1   [ RunTime:0.000000s ]
SQL: SHOW COLUMNS FROM `tp_dksq_sq` [ RunTime:0.004001s ]
SQL: SELECT a.*,b.xingming FROM tp_dksq_sq a,tp_dksq_grzl b WHERE ( a.zjhm=b.zjhm ) ORDER BY id desc LIMIT 0,15   [ RunTime:0.001000s ]
INFO: [ view_parse ] --START--
INFO: [ template_filter ] --START--
INFO: Run Behavior\ContentReplaceBehavior [ RunTime:0.000000s ]
INFO: [ template_filter ] --END-- [ RunTime:0.000000s ]
NOTIC: [8] Use of undefined constant index - assumed 'index' D:\wamp\www\xbdcms\Application\Runtime\Cache\Home\a1b949df914c7f3f3746bb74ecd0cc68.php 第 44 行.
NOTIC: [8] Use of undefined constant dksq - assumed 'dksq' D:\wamp\www\xbdcms\Application\Runtime\Cache\Home\a1b949df914c7f3f3746bb74ecd0cc68.php 第 45 行.
NOTIC: [8] Use of undefined constant staff - assumed 'staff' D:\wamp\www\xbdcms\Application\Runtime\Cache\Home\a1b949df914c7f3f3746bb74ecd0cc68.php 第 47 行.
INFO: Run Behavior\ParseTemplateBehavior [ RunTime:0.043002s ]
INFO: [ view_parse ] --END-- [ RunTime:0.043002s ]
INFO: [ view_filter ] --START--
INFO: Run Behavior\WriteHtmlCacheBehavior [ RunTime:0.001000s ]
INFO: [ view_filter ] --END-- [ RunTime:0.001000s ]
INFO: [ app_end ] --START--
INFO: Run Behavior\ShowPageTraceBehavior [ RunTime:0.001000s ]
INFO: [ app_end ] --END-- [ RunTime:0.001000s ]

[ 2014-11-19T10:27:05+08:00 ] 127.0.0.1 /xbdcms/Home/Dksq/index.html
INFO: [ app_init ] --START--
INFO: Run Behavior\BuildLiteBehavior [ RunTime:0.000000s ]
INFO: [ app_init ] --END-- [ RunTime:0.000000s ]
INFO: [ app_begin ] --START--
INFO: Run Behavior\ReadHtmlCacheBehavior [ RunTime:0.001000s ]
INFO: [ app_begin ] --END-- [ RunTime:0.001000s ]
NOTIC: [8192] mysql_connect(): The mysql extension is deprecated and will be removed in the future: use mysqli or PDO instead D:\wamp\www\xbdcms\ThinkPHP\Library\Think\Db\Driver\Mysql.class.php 第 52 行.
SQL: SHOW COLUMNS FROM `tp_dksq_sq` [ RunTime:0.018001s ]
SQL: SELECT COUNT(*) AS tp_count FROM `tp_dksq_sq` LIMIT 1   [ RunTime:0.001000s ]
SQL: SHOW COLUMNS FROM `tp_dksq_sq` [ RunTime:0.015001s ]
SQL: SELECT a.*,b.xingming FROM tp_dksq_sq a,tp_dksq_grzl b WHERE ( a.zjhm=b.zjhm ) ORDER BY id desc LIMIT 0,15   [ RunTime:0.002000s ]
INFO: [ view_parse ] --START--
INFO: [ template_filter ] --START--
INFO: Run Behavior\ContentReplaceBehavior [ RunTime:0.000000s ]
INFO: [ template_filter ] --END-- [ RunTime:0.000000s ]
NOTIC: [8] Use of undefined constant index - assumed 'index' D:\wamp\www\xbdcms\Application\Runtime\Cache\Home\a1b949df914c7f3f3746bb74ecd0cc68.php 第 44 行.
NOTIC: [8] Use of undefined constant dksq - assumed 'dksq' D:\wamp\www\xbdcms\Application\Runtime\Cache\Home\a1b949df914c7f3f3746bb74ecd0cc68.php 第 45 行.
NOTIC: [8] Use of undefined constant staff - assumed 'staff' D:\wamp\www\xbdcms\Application\Runtime\Cache\Home\a1b949df914c7f3f3746bb74ecd0cc68.php 第 47 行.
INFO: Run Behavior\ParseTemplateBehavior [ RunTime:0.040002s ]
INFO: [ view_parse ] --END-- [ RunTime:0.040002s ]
INFO: [ view_filter ] --START--
INFO: Run Behavior\WriteHtmlCacheBehavior [ RunTime:0.001000s ]
INFO: [ view_filter ] --END-- [ RunTime:0.001000s ]
INFO: [ app_end ] --START--
INFO: Run Behavior\ShowPageTraceBehavior [ RunTime:0.001000s ]
INFO: [ app_end ] --END-- [ RunTime:0.002000s ]

[ 2014-11-19T10:27:17+08:00 ] 127.0.0.1 /xbdcms/Home/Dksq/index.html
INFO: [ app_init ] --START--
INFO: Run Behavior\BuildLiteBehavior [ RunTime:0.000000s ]
INFO: [ app_init ] --END-- [ RunTime:0.001000s ]
INFO: [ app_begin ] --START--
INFO: Run Behavior\ReadHtmlCacheBehavior [ RunTime:0.001000s ]
INFO: [ app_begin ] --END-- [ RunTime:0.002000s ]
NOTIC: [8192] mysql_connect(): The mysql extension is deprecated and will be removed in the future: use mysqli or PDO instead D:\wamp\www\xbdcms\ThinkPHP\Library\Think\Db\Driver\Mysql.class.php 第 52 行.
SQL: SHOW COLUMNS FROM `tp_dksq_sq` [ RunTime:0.004001s ]
SQL: SELECT COUNT(*) AS tp_count FROM `tp_dksq_sq` LIMIT 1   [ RunTime:0.000000s ]
SQL: SHOW COLUMNS FROM `tp_dksq_sq` [ RunTime:0.004000s ]
SQL: SELECT a.*,b.xingming FROM tp_dksq_sq a,tp_dksq_grzl b WHERE ( a.zjhm=b.zjhm ) ORDER BY id desc LIMIT 0,15   [ RunTime:0.001000s ]
INFO: [ view_parse ] --START--
INFO: [ template_filter ] --START--
INFO: Run Behavior\ContentReplaceBehavior [ RunTime:0.000000s ]
INFO: [ template_filter ] --END-- [ RunTime:0.001000s ]
NOTIC: [8] Use of undefined constant index - assumed 'index' D:\wamp\www\xbdcms\Application\Runtime\Cache\Home\a1b949df914c7f3f3746bb74ecd0cc68.php 第 44 行.
NOTIC: [8] Use of undefined constant dksq - assumed 'dksq' D:\wamp\www\xbdcms\Application\Runtime\Cache\Home\a1b949df914c7f3f3746bb74ecd0cc68.php 第 45 行.
NOTIC: [8] Use of undefined constant staff - assumed 'staff' D:\wamp\www\xbdcms\Application\Runtime\Cache\Home\a1b949df914c7f3f3746bb74ecd0cc68.php 第 47 行.
INFO: Run Behavior\ParseTemplateBehavior [ RunTime:0.043003s ]
INFO: [ view_parse ] --END-- [ RunTime:0.043003s ]
INFO: [ view_filter ] --START--
INFO: Run Behavior\WriteHtmlCacheBehavior [ RunTime:0.001000s ]
INFO: [ view_filter ] --END-- [ RunTime:0.001000s ]
INFO: [ app_end ] --START--
INFO: Run Behavior\ShowPageTraceBehavior [ RunTime:0.001000s ]
INFO: [ app_end ] --END-- [ RunTime:0.001000s ]

