[ 2015-05-18T16:50:36+08:00 ] ::1 /tp/Fhk/index
INFO: [ app_begin ] --START--
INFO: Run Behavior\ReadHtmlCacheBehavior [ RunTime:0.001000s ]
INFO: [ app_begin ] --END-- [ RunTime:0.002000s ]
SQL: SHOW COLUMNS FROM `tp_user_message` [ RunTime:0.0100s ]
SQL: SELECT COUNT(*) AS tp_count FROM `tp_user_message` WHERE ( getid=1 and status=0 ) LIMIT 1   [ RunTime:0.0010s ]
NOTIC: [8] Use of undefined constant UID - assumed 'UID' D:\wamp\www\tp\Application\Common\Common\function.php 第 21 行.
SQL: SHOW COLUMNS FROM `tp_auth_group_access` [ RunTime:0.0080s ]
SQL: SELECT `uid`,`group_id`,`title`,`rules` FROM tp_auth_group_access a INNER JOIN tp_auth_group g on a.group_id=g.id  WHERE ( a.uid='1' and g.status='1' )  [ RunTime:0.0010s ]
NOTIC: [8] Use of undefined constant UID - assumed 'UID' D:\wamp\www\tp\Application\Common\Common\function.php 第 21 行.
NOTIC: [8] Use of undefined constant UID - assumed 'UID' D:\wamp\www\tp\Application\Common\Common\function.php 第 21 行.
NOTIC: [8] Use of undefined constant UID - assumed 'UID' D:\wamp\www\tp\Application\Common\Common\function.php 第 21 行.
SQL: SHOW COLUMNS FROM `tp_user` [ RunTime:0.0070s ]
SQL: SELECT `id`,`xingming` FROM `tp_user`  [ RunTime:0.0000s ]
SQL: SHOW COLUMNS FROM `tp_fhk_client` [ RunTime:0.0060s ]
SQL: SHOW COLUMNS FROM `tp_fhk_agree` [ RunTime:0.0060s ]
SQL: SELECT COUNT(*) AS tp_count FROM tp_fhk_client Fhk_client  JOIN tp_fhk_agree Fhk_agree ON Fhk_client.agree_num=Fhk_agree.agree_num LIMIT 1   [ RunTime:0.0010s ]
NOTIC: [8] Undefined variable: search D:\wamp\www\tp\Application\Home\Controller\FhkController.class.php 第 70 行.
SQL: SELECT Fhk_client.id AS id,Fhk_client.cname AS cname,Fhk_client.id_card AS id_card,Fhk_client.agree_num AS agree_num,Fhk_agree.id AS id,Fhk_agree.agree_num AS agree_num,Fhk_agree.fk_money AS fk_money,Fhk_agree.fk_type AS fk_type,Fhk_agree.limit_time AS limit_time,Fhk_agree.rate AS rate,Fhk_agree.fk_date AS fk_date,Fhk_agree.saler AS saler,Fhk_agree.hk_method AS hk_method,Fhk_agree.info AS info,Fhk_agree.status AS status FROM tp_fhk_client Fhk_client  JOIN tp_fhk_agree Fhk_agree ON Fhk_client.agree_num=Fhk_agree.agree_num ORDER BY Fhk_client.agree_num desc LIMIT 0,10   [ RunTime:0.0010s ]
SQL: SELECT Fhk_client.id AS id,Fhk_client.cname AS cname,Fhk_client.id_card AS id_card,Fhk_client.agree_num AS agree_num,Fhk_agree.id AS id,Fhk_agree.agree_num AS agree_num,Fhk_agree.fk_money AS fk_money,Fhk_agree.fk_type AS fk_type,Fhk_agree.limit_time AS limit_time,Fhk_agree.rate AS rate,Fhk_agree.fk_date AS fk_date,Fhk_agree.saler AS saler,Fhk_agree.hk_method AS hk_method,Fhk_agree.info AS info,Fhk_agree.status AS status FROM tp_fhk_client Fhk_client  JOIN tp_fhk_agree Fhk_agree ON Fhk_client.agree_num=Fhk_agree.agree_num  [ RunTime:0.0010s ]
SQL: SELECT `cname` FROM `tp_fhk_client`  [ RunTime:0.0000s ]
NOTIC: [8] Array to string conversion D:\wamp\www\tp\Application\Home\Controller\FhkController.class.php 第 121 行.
NOTIC: [8] Array to string conversion D:\wamp\www\tp\Application\Home\Controller\FhkController.class.php 第 121 行.
NOTIC: [8] Array to string conversion D:\wamp\www\tp\Application\Home\Controller\FhkController.class.php 第 121 行.
NOTIC: [8] Array to string conversion D:\wamp\www\tp\Application\Home\Controller\FhkController.class.php 第 121 行.
INFO: [ view_parse ] --START--
INFO: [ template_filter ] --START--
INFO: Run Behavior\ContentReplaceBehavior [ RunTime:0.000000s ]
INFO: [ template_filter ] --END-- [ RunTime:0.000000s ]
NOTIC: [8] Use of undefined constant index - assumed 'index' D:\wamp\www\tp\Application\Runtime\Cache\Home\90fdf413e2bc55922994a4fa369f3bbb.php 第 30 行.
NOTIC: [8] Use of undefined constant dksq - assumed 'dksq' D:\wamp\www\tp\Application\Runtime\Cache\Home\90fdf413e2bc55922994a4fa369f3bbb.php 第 31 行.
NOTIC: [8] Use of undefined constant staff - assumed 'staff' D:\wamp\www\tp\Application\Runtime\Cache\Home\90fdf413e2bc55922994a4fa369f3bbb.php 第 32 行.
NOTIC: [8] Use of undefined constant borrow - assumed 'borrow' D:\wamp\www\tp\Application\Runtime\Cache\Home\90fdf413e2bc55922994a4fa369f3bbb.php 第 33 行.
NOTIC: [8] Use of undefined constant auth - assumed 'auth' D:\wamp\www\tp\Application\Runtime\Cache\Home\90fdf413e2bc55922994a4fa369f3bbb.php 第 34 行.
NOTIC: [8] Use of undefined constant fhk - assumed 'fhk' D:\wamp\www\tp\Application\Runtime\Cache\Home\90fdf413e2bc55922994a4fa369f3bbb.php 第 35 行.
NOTIC: [8] Use of undefined constant index - assumed 'index' D:\wamp\www\tp\Application\Runtime\Cache\Home\90fdf413e2bc55922994a4fa369f3bbb.php 第 79 行.
NOTIC: [8] Use of undefined constant staff - assumed 'staff' D:\wamp\www\tp\Application\Runtime\Cache\Home\90fdf413e2bc55922994a4fa369f3bbb.php 第 82 行.
NOTIC: [8] Use of undefined constant dksq - assumed 'dksq' D:\wamp\www\tp\Application\Runtime\Cache\Home\90fdf413e2bc55922994a4fa369f3bbb.php 第 90 行.
NOTIC: [8] Use of undefined constant borrow - assumed 'borrow' D:\wamp\www\tp\Application\Runtime\Cache\Home\90fdf413e2bc55922994a4fa369f3bbb.php 第 103 行.
NOTIC: [8] Use of undefined constant auth - assumed 'auth' D:\wamp\www\tp\Application\Runtime\Cache\Home\90fdf413e2bc55922994a4fa369f3bbb.php 第 115 行.
NOTIC: [8] Use of undefined constant fhk - assumed 'fhk' D:\wamp\www\tp\Application\Runtime\Cache\Home\90fdf413e2bc55922994a4fa369f3bbb.php 第 123 行.
NOTIC: [8] Use of undefined constant index - assumed 'index' D:\wamp\www\tp\Application\Runtime\Cache\Home\90fdf413e2bc55922994a4fa369f3bbb.php 第 125 行.
NOTIC: [8] Use of undefined constant clientView - assumed 'clientView' D:\wamp\www\tp\Application\Runtime\Cache\Home\90fdf413e2bc55922994a4fa369f3bbb.php 第 126 行.
NOTIC: [8] Use of undefined constant DsList - assumed 'DsList' D:\wamp\www\tp\Application\Runtime\Cache\Home\90fdf413e2bc55922994a4fa369f3bbb.php 第 127 行.
NOTIC: [8] Use of undefined constant YsList - assumed 'YsList' D:\wamp\www\tp\Application\Runtime\Cache\Home\90fdf413e2bc55922994a4fa369f3bbb.php 第 128 行.
NOTIC: [8] Use of undefined constant AlreadyList - assumed 'AlreadyList' D:\wamp\www\tp\Application\Runtime\Cache\Home\90fdf413e2bc55922994a4fa369f3bbb.php 第 129 行.
NOTIC: [8] Use of undefined constant TcList - assumed 'TcList' D:\wamp\www\tp\Application\Runtime\Cache\Home\90fdf413e2bc55922994a4fa369f3bbb.php 第 130 行.
NOTIC: [8] Use of undefined constant pre - assumed 'pre' D:\wamp\www\tp\Application\Runtime\Cache\Home\90fdf413e2bc55922994a4fa369f3bbb.php 第 131 行.
INFO: Run Behavior\ParseTemplateBehavior [ RunTime:0.060003s ]
INFO: [ view_parse ] --END-- [ RunTime:0.060003s ]
INFO: [ view_filter ] --START--
INFO: Run Behavior\WriteHtmlCacheBehavior [ RunTime:0.000000s ]
INFO: [ view_filter ] --END-- [ RunTime:0.000000s ]
INFO: [ app_end ] --START--
INFO: Run Behavior\ShowPageTraceBehavior [ RunTime:0.001000s ]
INFO: [ app_end ] --END-- [ RunTime:0.001000s ]

[ 2015-05-18T16:55:07+08:00 ] ::1 /tp/Fhk/index
INFO: [ app_begin ] --START--
INFO: Run Behavior\ReadHtmlCacheBehavior [ RunTime:0.001000s ]
INFO: [ app_begin ] --END-- [ RunTime:0.002000s ]
SQL: SHOW COLUMNS FROM `tp_user_message` [ RunTime:0.0070s ]
SQL: SELECT COUNT(*) AS tp_count FROM `tp_user_message` WHERE ( getid=1 and status=0 ) LIMIT 1   [ RunTime:0.0000s ]
NOTIC: [8] Use of undefined constant UID - assumed 'UID' D:\wamp\www\tp\Application\Common\Common\function.php 第 21 行.
SQL: SHOW COLUMNS FROM `tp_auth_group_access` [ RunTime:0.0060s ]
SQL: SELECT `uid`,`group_id`,`title`,`rules` FROM tp_auth_group_access a INNER JOIN tp_auth_group g on a.group_id=g.id  WHERE ( a.uid='1' and g.status='1' )  [ RunTime:0.0020s ]
NOTIC: [8] Use of undefined constant UID - assumed 'UID' D:\wamp\www\tp\Application\Common\Common\function.php 第 21 行.
NOTIC: [8] Use of undefined constant UID - assumed 'UID' D:\wamp\www\tp\Application\Common\Common\function.php 第 21 行.
NOTIC: [8] Use of undefined constant UID - assumed 'UID' D:\wamp\www\tp\Application\Common\Common\function.php 第 21 行.
SQL: SHOW COLUMNS FROM `tp_user` [ RunTime:0.0070s ]
SQL: SELECT `id`,`xingming` FROM `tp_user`  [ RunTime:0.0010s ]
SQL: SHOW COLUMNS FROM `tp_fhk_client` [ RunTime:0.0100s ]
SQL: SHOW COLUMNS FROM `tp_fhk_agree` [ RunTime:0.0060s ]
SQL: SELECT COUNT(*) AS tp_count FROM tp_fhk_client Fhk_client  JOIN tp_fhk_agree Fhk_agree ON Fhk_client.agree_num=Fhk_agree.agree_num LIMIT 1   [ RunTime:0.0020s ]
NOTIC: [8] Undefined variable: search D:\wamp\www\tp\Application\Home\Controller\FhkController.class.php 第 70 行.
SQL: SELECT Fhk_client.id AS id,Fhk_client.cname AS cname,Fhk_client.id_card AS id_card,Fhk_client.agree_num AS agree_num,Fhk_agree.id AS id,Fhk_agree.agree_num AS agree_num,Fhk_agree.fk_money AS fk_money,Fhk_agree.fk_type AS fk_type,Fhk_agree.limit_time AS limit_time,Fhk_agree.rate AS rate,Fhk_agree.fk_date AS fk_date,Fhk_agree.saler AS saler,Fhk_agree.hk_method AS hk_method,Fhk_agree.info AS info,Fhk_agree.status AS status FROM tp_fhk_client Fhk_client  JOIN tp_fhk_agree Fhk_agree ON Fhk_client.agree_num=Fhk_agree.agree_num ORDER BY Fhk_client.agree_num desc LIMIT 0,10   [ RunTime:0.0020s ]
SQL: SELECT Fhk_client.id AS id,Fhk_client.cname AS cname,Fhk_client.id_card AS id_card,Fhk_client.agree_num AS agree_num,Fhk_agree.id AS id,Fhk_agree.agree_num AS agree_num,Fhk_agree.fk_money AS fk_money,Fhk_agree.fk_type AS fk_type,Fhk_agree.limit_time AS limit_time,Fhk_agree.rate AS rate,Fhk_agree.fk_date AS fk_date,Fhk_agree.saler AS saler,Fhk_agree.hk_method AS hk_method,Fhk_agree.info AS info,Fhk_agree.status AS status FROM tp_fhk_client Fhk_client  JOIN tp_fhk_agree Fhk_agree ON Fhk_client.agree_num=Fhk_agree.agree_num  [ RunTime:0.0010s ]
SQL: SELECT `cname` FROM `tp_fhk_client`  [ RunTime:0.0000s ]
NOTIC: [2] next() expects parameter 1 to be array, null given D:\wamp\www\tp\Application\Home\Controller\FhkController.class.php 第 123 行.
NOTIC: [2] next() expects parameter 1 to be array, null given D:\wamp\www\tp\Application\Home\Controller\FhkController.class.php 第 123 行.
NOTIC: [2] next() expects parameter 1 to be array, null given D:\wamp\www\tp\Application\Home\Controller\FhkController.class.php 第 123 行.
NOTIC: [2] next() expects parameter 1 to be array, null given D:\wamp\www\tp\Application\Home\Controller\FhkController.class.php 第 123 行.
INFO: [ view_parse ] --START--
INFO: [ template_filter ] --START--
INFO: Run Behavior\ContentReplaceBehavior [ RunTime:0.000000s ]
INFO: [ template_filter ] --END-- [ RunTime:0.000000s ]
NOTIC: [8] Use of undefined constant index - assumed 'index' D:\wamp\www\tp\Application\Runtime\Cache\Home\90fdf413e2bc55922994a4fa369f3bbb.php 第 30 行.
NOTIC: [8] Use of undefined constant dksq - assumed 'dksq' D:\wamp\www\tp\Application\Runtime\Cache\Home\90fdf413e2bc55922994a4fa369f3bbb.php 第 31 行.
NOTIC: [8] Use of undefined constant staff - assumed 'staff' D:\wamp\www\tp\Application\Runtime\Cache\Home\90fdf413e2bc55922994a4fa369f3bbb.php 第 32 行.
NOTIC: [8] Use of undefined constant borrow - assumed 'borrow' D:\wamp\www\tp\Application\Runtime\Cache\Home\90fdf413e2bc55922994a4fa369f3bbb.php 第 33 行.
NOTIC: [8] Use of undefined constant auth - assumed 'auth' D:\wamp\www\tp\Application\Runtime\Cache\Home\90fdf413e2bc55922994a4fa369f3bbb.php 第 34 行.
NOTIC: [8] Use of undefined constant fhk - assumed 'fhk' D:\wamp\www\tp\Application\Runtime\Cache\Home\90fdf413e2bc55922994a4fa369f3bbb.php 第 35 行.
NOTIC: [8] Use of undefined constant index - assumed 'index' D:\wamp\www\tp\Application\Runtime\Cache\Home\90fdf413e2bc55922994a4fa369f3bbb.php 第 79 行.
NOTIC: [8] Use of undefined constant staff - assumed 'staff' D:\wamp\www\tp\Application\Runtime\Cache\Home\90fdf413e2bc55922994a4fa369f3bbb.php 第 82 行.
NOTIC: [8] Use of undefined constant dksq - assumed 'dksq' D:\wamp\www\tp\Application\Runtime\Cache\Home\90fdf413e2bc55922994a4fa369f3bbb.php 第 90 行.
NOTIC: [8] Use of undefined constant borrow - assumed 'borrow' D:\wamp\www\tp\Application\Runtime\Cache\Home\90fdf413e2bc55922994a4fa369f3bbb.php 第 103 行.
NOTIC: [8] Use of undefined constant auth - assumed 'auth' D:\wamp\www\tp\Application\Runtime\Cache\Home\90fdf413e2bc55922994a4fa369f3bbb.php 第 115 行.
NOTIC: [8] Use of undefined constant fhk - assumed 'fhk' D:\wamp\www\tp\Application\Runtime\Cache\Home\90fdf413e2bc55922994a4fa369f3bbb.php 第 123 行.
NOTIC: [8] Use of undefined constant index - assumed 'index' D:\wamp\www\tp\Application\Runtime\Cache\Home\90fdf413e2bc55922994a4fa369f3bbb.php 第 125 行.
NOTIC: [8] Use of undefined constant clientView - assumed 'clientView' D:\wamp\www\tp\Application\Runtime\Cache\Home\90fdf413e2bc55922994a4fa369f3bbb.php 第 126 行.
NOTIC: [8] Use of undefined constant DsList - assumed 'DsList' D:\wamp\www\tp\Application\Runtime\Cache\Home\90fdf413e2bc55922994a4fa369f3bbb.php 第 127 行.
NOTIC: [8] Use of undefined constant YsList - assumed 'YsList' D:\wamp\www\tp\Application\Runtime\Cache\Home\90fdf413e2bc55922994a4fa369f3bbb.php 第 128 行.
NOTIC: [8] Use of undefined constant AlreadyList - assumed 'AlreadyList' D:\wamp\www\tp\Application\Runtime\Cache\Home\90fdf413e2bc55922994a4fa369f3bbb.php 第 129 行.
NOTIC: [8] Use of undefined constant TcList - assumed 'TcList' D:\wamp\www\tp\Application\Runtime\Cache\Home\90fdf413e2bc55922994a4fa369f3bbb.php 第 130 行.
NOTIC: [8] Use of undefined constant pre - assumed 'pre' D:\wamp\www\tp\Application\Runtime\Cache\Home\90fdf413e2bc55922994a4fa369f3bbb.php 第 131 行.
INFO: Run Behavior\ParseTemplateBehavior [ RunTime:0.059003s ]
INFO: [ view_parse ] --END-- [ RunTime:0.060003s ]
INFO: [ view_filter ] --START--
INFO: Run Behavior\WriteHtmlCacheBehavior [ RunTime:0.001000s ]
INFO: [ view_filter ] --END-- [ RunTime:0.001000s ]
INFO: [ app_end ] --START--
INFO: Run Behavior\ShowPageTraceBehavior [ RunTime:0.001000s ]
INFO: [ app_end ] --END-- [ RunTime:0.001000s ]

[ 2015-05-18T16:57:50+08:00 ] ::1 /tp/Fhk/index
INFO: [ app_begin ] --START--
INFO: Run Behavior\ReadHtmlCacheBehavior [ RunTime:0.001000s ]
INFO: [ app_begin ] --END-- [ RunTime:0.002000s ]
SQL: SHOW COLUMNS FROM `tp_user_message` [ RunTime:0.0070s ]
SQL: SELECT COUNT(*) AS tp_count FROM `tp_user_message` WHERE ( getid=1 and status=0 ) LIMIT 1   [ RunTime:0.0000s ]
NOTIC: [8] Use of undefined constant UID - assumed 'UID' D:\wamp\www\tp\Application\Common\Common\function.php 第 21 行.
SQL: SHOW COLUMNS FROM `tp_auth_group_access` [ RunTime:0.0070s ]
SQL: SELECT `uid`,`group_id`,`title`,`rules` FROM tp_auth_group_access a INNER JOIN tp_auth_group g on a.group_id=g.id  WHERE ( a.uid='1' and g.status='1' )  [ RunTime:0.0010s ]
NOTIC: [8] Use of undefined constant UID - assumed 'UID' D:\wamp\www\tp\Application\Common\Common\function.php 第 21 行.
NOTIC: [8] Use of undefined constant UID - assumed 'UID' D:\wamp\www\tp\Application\Common\Common\function.php 第 21 行.
NOTIC: [8] Use of undefined constant UID - assumed 'UID' D:\wamp\www\tp\Application\Common\Common\function.php 第 21 行.
SQL: SHOW COLUMNS FROM `tp_user` [ RunTime:0.0060s ]
SQL: SELECT `id`,`xingming` FROM `tp_user`  [ RunTime:0.0000s ]
SQL: SHOW COLUMNS FROM `tp_fhk_client` [ RunTime:0.0050s ]
SQL: SHOW COLUMNS FROM `tp_fhk_agree` [ RunTime:0.0060s ]
SQL: SELECT COUNT(*) AS tp_count FROM tp_fhk_client Fhk_client  JOIN tp_fhk_agree Fhk_agree ON Fhk_client.agree_num=Fhk_agree.agree_num LIMIT 1   [ RunTime:0.0010s ]
NOTIC: [8] Undefined variable: search D:\wamp\www\tp\Application\Home\Controller\FhkController.class.php 第 70 行.
SQL: SELECT Fhk_client.id AS id,Fhk_client.cname AS cname,Fhk_client.id_card AS id_card,Fhk_client.agree_num AS agree_num,Fhk_agree.id AS id,Fhk_agree.agree_num AS agree_num,Fhk_agree.fk_money AS fk_money,Fhk_agree.fk_type AS fk_type,Fhk_agree.limit_time AS limit_time,Fhk_agree.rate AS rate,Fhk_agree.fk_date AS fk_date,Fhk_agree.saler AS saler,Fhk_agree.hk_method AS hk_method,Fhk_agree.info AS info,Fhk_agree.status AS status FROM tp_fhk_client Fhk_client  JOIN tp_fhk_agree Fhk_agree ON Fhk_client.agree_num=Fhk_agree.agree_num ORDER BY Fhk_client.agree_num desc LIMIT 0,10   [ RunTime:0.0010s ]
SQL: SELECT Fhk_client.id AS id,Fhk_client.cname AS cname,Fhk_client.id_card AS id_card,Fhk_client.agree_num AS agree_num,Fhk_agree.id AS id,Fhk_agree.agree_num AS agree_num,Fhk_agree.fk_money AS fk_money,Fhk_agree.fk_type AS fk_type,Fhk_agree.limit_time AS limit_time,Fhk_agree.rate AS rate,Fhk_agree.fk_date AS fk_date,Fhk_agree.saler AS saler,Fhk_agree.hk_method AS hk_method,Fhk_agree.info AS info,Fhk_agree.status AS status FROM tp_fhk_client Fhk_client  JOIN tp_fhk_agree Fhk_agree ON Fhk_client.agree_num=Fhk_agree.agree_num  [ RunTime:0.0010s ]
SQL: SELECT `cname` FROM `tp_fhk_client`  [ RunTime:0.0000s ]
NOTIC: [2] next() expects parameter 1 to be array, null given D:\wamp\www\tp\Application\Home\Controller\FhkController.class.php 第 123 行.
NOTIC: [2] next() expects parameter 1 to be array, null given D:\wamp\www\tp\Application\Home\Controller\FhkController.class.php 第 123 行.
NOTIC: [2] next() expects parameter 1 to be array, null given D:\wamp\www\tp\Application\Home\Controller\FhkController.class.php 第 123 行.
NOTIC: [2] next() expects parameter 1 to be array, null given D:\wamp\www\tp\Application\Home\Controller\FhkController.class.php 第 123 行.
INFO: [ view_parse ] --START--
INFO: [ template_filter ] --START--
INFO: Run Behavior\ContentReplaceBehavior [ RunTime:0.000000s ]
INFO: [ template_filter ] --END-- [ RunTime:0.000000s ]
NOTIC: [8] Use of undefined constant index - assumed 'index' D:\wamp\www\tp\Application\Runtime\Cache\Home\90fdf413e2bc55922994a4fa369f3bbb.php 第 30 行.
NOTIC: [8] Use of undefined constant dksq - assumed 'dksq' D:\wamp\www\tp\Application\Runtime\Cache\Home\90fdf413e2bc55922994a4fa369f3bbb.php 第 31 行.
NOTIC: [8] Use of undefined constant staff - assumed 'staff' D:\wamp\www\tp\Application\Runtime\Cache\Home\90fdf413e2bc55922994a4fa369f3bbb.php 第 32 行.
NOTIC: [8] Use of undefined constant borrow - assumed 'borrow' D:\wamp\www\tp\Application\Runtime\Cache\Home\90fdf413e2bc55922994a4fa369f3bbb.php 第 33 行.
NOTIC: [8] Use of undefined constant auth - assumed 'auth' D:\wamp\www\tp\Application\Runtime\Cache\Home\90fdf413e2bc55922994a4fa369f3bbb.php 第 34 行.
NOTIC: [8] Use of undefined constant fhk - assumed 'fhk' D:\wamp\www\tp\Application\Runtime\Cache\Home\90fdf413e2bc55922994a4fa369f3bbb.php 第 35 行.
NOTIC: [8] Use of undefined constant index - assumed 'index' D:\wamp\www\tp\Application\Runtime\Cache\Home\90fdf413e2bc55922994a4fa369f3bbb.php 第 79 行.
NOTIC: [8] Use of undefined constant staff - assumed 'staff' D:\wamp\www\tp\Application\Runtime\Cache\Home\90fdf413e2bc55922994a4fa369f3bbb.php 第 82 行.
NOTIC: [8] Use of undefined constant dksq - assumed 'dksq' D:\wamp\www\tp\Application\Runtime\Cache\Home\90fdf413e2bc55922994a4fa369f3bbb.php 第 90 行.
NOTIC: [8] Use of undefined constant borrow - assumed 'borrow' D:\wamp\www\tp\Application\Runtime\Cache\Home\90fdf413e2bc55922994a4fa369f3bbb.php 第 103 行.
NOTIC: [8] Use of undefined constant auth - assumed 'auth' D:\wamp\www\tp\Application\Runtime\Cache\Home\90fdf413e2bc55922994a4fa369f3bbb.php 第 115 行.
NOTIC: [8] Use of undefined constant fhk - assumed 'fhk' D:\wamp\www\tp\Application\Runtime\Cache\Home\90fdf413e2bc55922994a4fa369f3bbb.php 第 123 行.
NOTIC: [8] Use of undefined constant index - assumed 'index' D:\wamp\www\tp\Application\Runtime\Cache\Home\90fdf413e2bc55922994a4fa369f3bbb.php 第 125 行.
NOTIC: [8] Use of undefined constant clientView - assumed 'clientView' D:\wamp\www\tp\Application\Runtime\Cache\Home\90fdf413e2bc55922994a4fa369f3bbb.php 第 126 行.
NOTIC: [8] Use of undefined constant DsList - assumed 'DsList' D:\wamp\www\tp\Application\Runtime\Cache\Home\90fdf413e2bc55922994a4fa369f3bbb.php 第 127 行.
NOTIC: [8] Use of undefined constant YsList - assumed 'YsList' D:\wamp\www\tp\Application\Runtime\Cache\Home\90fdf413e2bc55922994a4fa369f3bbb.php 第 128 行.
NOTIC: [8] Use of undefined constant AlreadyList - assumed 'AlreadyList' D:\wamp\www\tp\Application\Runtime\Cache\Home\90fdf413e2bc55922994a4fa369f3bbb.php 第 129 行.
NOTIC: [8] Use of undefined constant TcList - assumed 'TcList' D:\wamp\www\tp\Application\Runtime\Cache\Home\90fdf413e2bc55922994a4fa369f3bbb.php 第 130 行.
NOTIC: [8] Use of undefined constant pre - assumed 'pre' D:\wamp\www\tp\Application\Runtime\Cache\Home\90fdf413e2bc55922994a4fa369f3bbb.php 第 131 行.
INFO: Run Behavior\ParseTemplateBehavior [ RunTime:0.054003s ]
INFO: [ view_parse ] --END-- [ RunTime:0.054003s ]
INFO: [ view_filter ] --START--
INFO: Run Behavior\WriteHtmlCacheBehavior [ RunTime:0.002000s ]
INFO: [ view_filter ] --END-- [ RunTime:0.002000s ]
INFO: [ app_end ] --START--
INFO: Run Behavior\ShowPageTraceBehavior [ RunTime:0.001000s ]
INFO: [ app_end ] --END-- [ RunTime:0.001000s ]

[ 2015-05-18T16:58:10+08:00 ] ::1 /tp/Fhk/index
INFO: [ app_begin ] --START--
INFO: Run Behavior\ReadHtmlCacheBehavior [ RunTime:0.000000s ]
INFO: [ app_begin ] --END-- [ RunTime:0.001000s ]
SQL: SHOW COLUMNS FROM `tp_user_message` [ RunTime:0.0060s ]
SQL: SELECT COUNT(*) AS tp_count FROM `tp_user_message` WHERE ( getid=1 and status=0 ) LIMIT 1   [ RunTime:0.0000s ]
NOTIC: [8] Use of undefined constant UID - assumed 'UID' D:\wamp\www\tp\Application\Common\Common\function.php 第 21 行.
SQL: SHOW COLUMNS FROM `tp_auth_group_access` [ RunTime:0.0060s ]
SQL: SELECT `uid`,`group_id`,`title`,`rules` FROM tp_auth_group_access a INNER JOIN tp_auth_group g on a.group_id=g.id  WHERE ( a.uid='1' and g.status='1' )  [ RunTime:0.0010s ]
NOTIC: [8] Use of undefined constant UID - assumed 'UID' D:\wamp\www\tp\Application\Common\Common\function.php 第 21 行.
NOTIC: [8] Use of undefined constant UID - assumed 'UID' D:\wamp\www\tp\Application\Common\Common\function.php 第 21 行.
NOTIC: [8] Use of undefined constant UID - assumed 'UID' D:\wamp\www\tp\Application\Common\Common\function.php 第 21 行.
SQL: SHOW COLUMNS FROM `tp_user` [ RunTime:0.0060s ]
SQL: SELECT `id`,`xingming` FROM `tp_user`  [ RunTime:0.0000s ]
SQL: SHOW COLUMNS FROM `tp_fhk_client` [ RunTime:0.0060s ]
SQL: SHOW COLUMNS FROM `tp_fhk_agree` [ RunTime:0.0060s ]
SQL: SELECT COUNT(*) AS tp_count FROM tp_fhk_client Fhk_client  JOIN tp_fhk_agree Fhk_agree ON Fhk_client.agree_num=Fhk_agree.agree_num LIMIT 1   [ RunTime:0.0000s ]
NOTIC: [8] Undefined variable: search D:\wamp\www\tp\Application\Home\Controller\FhkController.class.php 第 70 行.
SQL: SELECT Fhk_client.id AS id,Fhk_client.cname AS cname,Fhk_client.id_card AS id_card,Fhk_client.agree_num AS agree_num,Fhk_agree.id AS id,Fhk_agree.agree_num AS agree_num,Fhk_agree.fk_money AS fk_money,Fhk_agree.fk_type AS fk_type,Fhk_agree.limit_time AS limit_time,Fhk_agree.rate AS rate,Fhk_agree.fk_date AS fk_date,Fhk_agree.saler AS saler,Fhk_agree.hk_method AS hk_method,Fhk_agree.info AS info,Fhk_agree.status AS status FROM tp_fhk_client Fhk_client  JOIN tp_fhk_agree Fhk_agree ON Fhk_client.agree_num=Fhk_agree.agree_num ORDER BY Fhk_client.agree_num desc LIMIT 0,10   [ RunTime:0.0010s ]
SQL: SELECT Fhk_client.id AS id,Fhk_client.cname AS cname,Fhk_client.id_card AS id_card,Fhk_client.agree_num AS agree_num,Fhk_agree.id AS id,Fhk_agree.agree_num AS agree_num,Fhk_agree.fk_money AS fk_money,Fhk_agree.fk_type AS fk_type,Fhk_agree.limit_time AS limit_time,Fhk_agree.rate AS rate,Fhk_agree.fk_date AS fk_date,Fhk_agree.saler AS saler,Fhk_agree.hk_method AS hk_method,Fhk_agree.info AS info,Fhk_agree.status AS status FROM tp_fhk_client Fhk_client  JOIN tp_fhk_agree Fhk_agree ON Fhk_client.agree_num=Fhk_agree.agree_num  [ RunTime:0.0000s ]
SQL: SELECT `cname` FROM `tp_fhk_client`  [ RunTime:0.0000s ]
NOTIC: [2] next() expects parameter 1 to be array, null given D:\wamp\www\tp\Application\Home\Controller\FhkController.class.php 第 123 行.
NOTIC: [2] next() expects parameter 1 to be array, null given D:\wamp\www\tp\Application\Home\Controller\FhkController.class.php 第 123 行.
NOTIC: [2] next() expects parameter 1 to be array, null given D:\wamp\www\tp\Application\Home\Controller\FhkController.class.php 第 123 行.
NOTIC: [2] next() expects parameter 1 to be array, null given D:\wamp\www\tp\Application\Home\Controller\FhkController.class.php 第 123 行.
INFO: [ view_parse ] --START--
INFO: [ template_filter ] --START--
INFO: Run Behavior\ContentReplaceBehavior [ RunTime:0.000000s ]
INFO: [ template_filter ] --END-- [ RunTime:0.000000s ]
NOTIC: [8] Use of undefined constant index - assumed 'index' D:\wamp\www\tp\Application\Runtime\Cache\Home\90fdf413e2bc55922994a4fa369f3bbb.php 第 30 行.
NOTIC: [8] Use of undefined constant dksq - assumed 'dksq' D:\wamp\www\tp\Application\Runtime\Cache\Home\90fdf413e2bc55922994a4fa369f3bbb.php 第 31 行.
NOTIC: [8] Use of undefined constant staff - assumed 'staff' D:\wamp\www\tp\Application\Runtime\Cache\Home\90fdf413e2bc55922994a4fa369f3bbb.php 第 32 行.
NOTIC: [8] Use of undefined constant borrow - assumed 'borrow' D:\wamp\www\tp\Application\Runtime\Cache\Home\90fdf413e2bc55922994a4fa369f3bbb.php 第 33 行.
NOTIC: [8] Use of undefined constant auth - assumed 'auth' D:\wamp\www\tp\Application\Runtime\Cache\Home\90fdf413e2bc55922994a4fa369f3bbb.php 第 34 行.
NOTIC: [8] Use of undefined constant fhk - assumed 'fhk' D:\wamp\www\tp\Application\Runtime\Cache\Home\90fdf413e2bc55922994a4fa369f3bbb.php 第 35 行.
NOTIC: [8] Use of undefined constant index - assumed 'index' D:\wamp\www\tp\Application\Runtime\Cache\Home\90fdf413e2bc55922994a4fa369f3bbb.php 第 79 行.
NOTIC: [8] Use of undefined constant staff - assumed 'staff' D:\wamp\www\tp\Application\Runtime\Cache\Home\90fdf413e2bc55922994a4fa369f3bbb.php 第 82 行.
NOTIC: [8] Use of undefined constant dksq - assumed 'dksq' D:\wamp\www\tp\Application\Runtime\Cache\Home\90fdf413e2bc55922994a4fa369f3bbb.php 第 90 行.
NOTIC: [8] Use of undefined constant borrow - assumed 'borrow' D:\wamp\www\tp\Application\Runtime\Cache\Home\90fdf413e2bc55922994a4fa369f3bbb.php 第 103 行.
NOTIC: [8] Use of undefined constant auth - assumed 'auth' D:\wamp\www\tp\Application\Runtime\Cache\Home\90fdf413e2bc55922994a4fa369f3bbb.php 第 115 行.
NOTIC: [8] Use of undefined constant fhk - assumed 'fhk' D:\wamp\www\tp\Application\Runtime\Cache\Home\90fdf413e2bc55922994a4fa369f3bbb.php 第 123 行.
NOTIC: [8] Use of undefined constant index - assumed 'index' D:\wamp\www\tp\Application\Runtime\Cache\Home\90fdf413e2bc55922994a4fa369f3bbb.php 第 125 行.
NOTIC: [8] Use of undefined constant clientView - assumed 'clientView' D:\wamp\www\tp\Application\Runtime\Cache\Home\90fdf413e2bc55922994a4fa369f3bbb.php 第 126 行.
NOTIC: [8] Use of undefined constant DsList - assumed 'DsList' D:\wamp\www\tp\Application\Runtime\Cache\Home\90fdf413e2bc55922994a4fa369f3bbb.php 第 127 行.
NOTIC: [8] Use of undefined constant YsList - assumed 'YsList' D:\wamp\www\tp\Application\Runtime\Cache\Home\90fdf413e2bc55922994a4fa369f3bbb.php 第 128 行.
NOTIC: [8] Use of undefined constant AlreadyList - assumed 'AlreadyList' D:\wamp\www\tp\Application\Runtime\Cache\Home\90fdf413e2bc55922994a4fa369f3bbb.php 第 129 行.
NOTIC: [8] Use of undefined constant TcList - assumed 'TcList' D:\wamp\www\tp\Application\Runtime\Cache\Home\90fdf413e2bc55922994a4fa369f3bbb.php 第 130 行.
NOTIC: [8] Use of undefined constant pre - assumed 'pre' D:\wamp\www\tp\Application\Runtime\Cache\Home\90fdf413e2bc55922994a4fa369f3bbb.php 第 131 行.
INFO: Run Behavior\ParseTemplateBehavior [ RunTime:0.052003s ]
INFO: [ view_parse ] --END-- [ RunTime:0.052003s ]
INFO: [ view_filter ] --START--
INFO: Run Behavior\WriteHtmlCacheBehavior [ RunTime:0.001000s ]
INFO: [ view_filter ] --END-- [ RunTime:0.001000s ]
INFO: [ app_end ] --START--
INFO: Run Behavior\ShowPageTraceBehavior [ RunTime:0.001000s ]
INFO: [ app_end ] --END-- [ RunTime:0.001000s ]

[ 2015-05-18T16:58:34+08:00 ] ::1 /tp/Fhk/index
INFO: [ app_begin ] --START--
INFO: Run Behavior\ReadHtmlCacheBehavior [ RunTime:0.001000s ]
INFO: [ app_begin ] --END-- [ RunTime:0.002000s ]
SQL: SHOW COLUMNS FROM `tp_user_message` [ RunTime:0.0080s ]
SQL: SELECT COUNT(*) AS tp_count FROM `tp_user_message` WHERE ( getid=1 and status=0 ) LIMIT 1   [ RunTime:0.0010s ]
NOTIC: [8] Use of undefined constant UID - assumed 'UID' D:\wamp\www\tp\Application\Common\Common\function.php 第 21 行.
SQL: SHOW COLUMNS FROM `tp_auth_group_access` [ RunTime:0.0060s ]
SQL: SELECT `uid`,`group_id`,`title`,`rules` FROM tp_auth_group_access a INNER JOIN tp_auth_group g on a.group_id=g.id  WHERE ( a.uid='1' and g.status='1' )  [ RunTime:0.0010s ]
NOTIC: [8] Use of undefined constant UID - assumed 'UID' D:\wamp\www\tp\Application\Common\Common\function.php 第 21 行.
NOTIC: [8] Use of undefined constant UID - assumed 'UID' D:\wamp\www\tp\Application\Common\Common\function.php 第 21 行.
NOTIC: [8] Use of undefined constant UID - assumed 'UID' D:\wamp\www\tp\Application\Common\Common\function.php 第 21 行.
SQL: SHOW COLUMNS FROM `tp_user` [ RunTime:0.0080s ]
SQL: SELECT `id`,`xingming` FROM `tp_user`  [ RunTime:0.0010s ]
SQL: SHOW COLUMNS FROM `tp_fhk_client` [ RunTime:0.0070s ]
SQL: SHOW COLUMNS FROM `tp_fhk_agree` [ RunTime:0.0060s ]
SQL: SELECT COUNT(*) AS tp_count FROM tp_fhk_client Fhk_client  JOIN tp_fhk_agree Fhk_agree ON Fhk_client.agree_num=Fhk_agree.agree_num LIMIT 1   [ RunTime:0.0010s ]
NOTIC: [8] Undefined variable: search D:\wamp\www\tp\Application\Home\Controller\FhkController.class.php 第 70 行.
SQL: SELECT Fhk_client.id AS id,Fhk_client.cname AS cname,Fhk_client.id_card AS id_card,Fhk_client.agree_num AS agree_num,Fhk_agree.id AS id,Fhk_agree.agree_num AS agree_num,Fhk_agree.fk_money AS fk_money,Fhk_agree.fk_type AS fk_type,Fhk_agree.limit_time AS limit_time,Fhk_agree.rate AS rate,Fhk_agree.fk_date AS fk_date,Fhk_agree.saler AS saler,Fhk_agree.hk_method AS hk_method,Fhk_agree.info AS info,Fhk_agree.status AS status FROM tp_fhk_client Fhk_client  JOIN tp_fhk_agree Fhk_agree ON Fhk_client.agree_num=Fhk_agree.agree_num ORDER BY Fhk_client.agree_num desc LIMIT 0,10   [ RunTime:0.0010s ]
SQL: SELECT Fhk_client.id AS id,Fhk_client.cname AS cname,Fhk_client.id_card AS id_card,Fhk_client.agree_num AS agree_num,Fhk_agree.id AS id,Fhk_agree.agree_num AS agree_num,Fhk_agree.fk_money AS fk_money,Fhk_agree.fk_type AS fk_type,Fhk_agree.limit_time AS limit_time,Fhk_agree.rate AS rate,Fhk_agree.fk_date AS fk_date,Fhk_agree.saler AS saler,Fhk_agree.hk_method AS hk_method,Fhk_agree.info AS info,Fhk_agree.status AS status FROM tp_fhk_client Fhk_client  JOIN tp_fhk_agree Fhk_agree ON Fhk_client.agree_num=Fhk_agree.agree_num  [ RunTime:0.0000s ]
SQL: SELECT `cname` FROM `tp_fhk_client`  [ RunTime:0.0000s ]
NOTIC: [2] next() expects parameter 1 to be array, null given D:\wamp\www\tp\Application\Home\Controller\FhkController.class.php 第 123 行.
NOTIC: [2] next() expects parameter 1 to be array, null given D:\wamp\www\tp\Application\Home\Controller\FhkController.class.php 第 123 行.
NOTIC: [2] next() expects parameter 1 to be array, null given D:\wamp\www\tp\Application\Home\Controller\FhkController.class.php 第 123 行.
NOTIC: [2] next() expects parameter 1 to be array, null given D:\wamp\www\tp\Application\Home\Controller\FhkController.class.php 第 123 行.
INFO: [ view_parse ] --START--
INFO: [ template_filter ] --START--
INFO: Run Behavior\ContentReplaceBehavior [ RunTime:0.000000s ]
INFO: [ template_filter ] --END-- [ RunTime:0.000000s ]
NOTIC: [8] Use of undefined constant index - assumed 'index' D:\wamp\www\tp\Application\Runtime\Cache\Home\90fdf413e2bc55922994a4fa369f3bbb.php 第 30 行.
NOTIC: [8] Use of undefined constant dksq - assumed 'dksq' D:\wamp\www\tp\Application\Runtime\Cache\Home\90fdf413e2bc55922994a4fa369f3bbb.php 第 31 行.
NOTIC: [8] Use of undefined constant staff - assumed 'staff' D:\wamp\www\tp\Application\Runtime\Cache\Home\90fdf413e2bc55922994a4fa369f3bbb.php 第 32 行.
NOTIC: [8] Use of undefined constant borrow - assumed 'borrow' D:\wamp\www\tp\Application\Runtime\Cache\Home\90fdf413e2bc55922994a4fa369f3bbb.php 第 33 行.
NOTIC: [8] Use of undefined constant auth - assumed 'auth' D:\wamp\www\tp\Application\Runtime\Cache\Home\90fdf413e2bc55922994a4fa369f3bbb.php 第 34 行.
NOTIC: [8] Use of undefined constant fhk - assumed 'fhk' D:\wamp\www\tp\Application\Runtime\Cache\Home\90fdf413e2bc55922994a4fa369f3bbb.php 第 35 行.
NOTIC: [8] Use of undefined constant index - assumed 'index' D:\wamp\www\tp\Application\Runtime\Cache\Home\90fdf413e2bc55922994a4fa369f3bbb.php 第 79 行.
NOTIC: [8] Use of undefined constant staff - assumed 'staff' D:\wamp\www\tp\Application\Runtime\Cache\Home\90fdf413e2bc55922994a4fa369f3bbb.php 第 82 行.
NOTIC: [8] Use of undefined constant dksq - assumed 'dksq' D:\wamp\www\tp\Application\Runtime\Cache\Home\90fdf413e2bc55922994a4fa369f3bbb.php 第 90 行.
NOTIC: [8] Use of undefined constant borrow - assumed 'borrow' D:\wamp\www\tp\Application\Runtime\Cache\Home\90fdf413e2bc55922994a4fa369f3bbb.php 第 103 行.
NOTIC: [8] Use of undefined constant auth - assumed 'auth' D:\wamp\www\tp\Application\Runtime\Cache\Home\90fdf413e2bc55922994a4fa369f3bbb.php 第 115 行.
NOTIC: [8] Use of undefined constant fhk - assumed 'fhk' D:\wamp\www\tp\Application\Runtime\Cache\Home\90fdf413e2bc55922994a4fa369f3bbb.php 第 123 行.
NOTIC: [8] Use of undefined constant index - assumed 'index' D:\wamp\www\tp\Application\Runtime\Cache\Home\90fdf413e2bc55922994a4fa369f3bbb.php 第 125 行.
NOTIC: [8] Use of undefined constant clientView - assumed 'clientView' D:\wamp\www\tp\Application\Runtime\Cache\Home\90fdf413e2bc55922994a4fa369f3bbb.php 第 126 行.
NOTIC: [8] Use of undefined constant DsList - assumed 'DsList' D:\wamp\www\tp\Application\Runtime\Cache\Home\90fdf413e2bc55922994a4fa369f3bbb.php 第 127 行.
NOTIC: [8] Use of undefined constant YsList - assumed 'YsList' D:\wamp\www\tp\Application\Runtime\Cache\Home\90fdf413e2bc55922994a4fa369f3bbb.php 第 128 行.
NOTIC: [8] Use of undefined constant AlreadyList - assumed 'AlreadyList' D:\wamp\www\tp\Application\Runtime\Cache\Home\90fdf413e2bc55922994a4fa369f3bbb.php 第 129 行.
NOTIC: [8] Use of undefined constant TcList - assumed 'TcList' D:\wamp\www\tp\Application\Runtime\Cache\Home\90fdf413e2bc55922994a4fa369f3bbb.php 第 130 行.
NOTIC: [8] Use of undefined constant pre - assumed 'pre' D:\wamp\www\tp\Application\Runtime\Cache\Home\90fdf413e2bc55922994a4fa369f3bbb.php 第 131 行.
INFO: Run Behavior\ParseTemplateBehavior [ RunTime:0.053003s ]
INFO: [ view_parse ] --END-- [ RunTime:0.054003s ]
INFO: [ view_filter ] --START--
INFO: Run Behavior\WriteHtmlCacheBehavior [ RunTime:0.001000s ]
INFO: [ view_filter ] --END-- [ RunTime:0.001000s ]
INFO: [ app_end ] --START--
INFO: Run Behavior\ShowPageTraceBehavior [ RunTime:0.001000s ]
INFO: [ app_end ] --END-- [ RunTime:0.001000s ]

[ 2015-05-18T17:01:35+08:00 ] ::1 /tp/Fhk/index
INFO: [ app_begin ] --START--
INFO: Run Behavior\ReadHtmlCacheBehavior [ RunTime:0.001000s ]
INFO: [ app_begin ] --END-- [ RunTime:0.001000s ]
SQL: SHOW COLUMNS FROM `tp_user_message` [ RunTime:0.0060s ]
SQL: SELECT COUNT(*) AS tp_count FROM `tp_user_message` WHERE ( getid=1 and status=0 ) LIMIT 1   [ RunTime:0.0010s ]
NOTIC: [8] Use of undefined constant UID - assumed 'UID' D:\wamp\www\tp\Application\Common\Common\function.php 第 21 行.
SQL: SHOW COLUMNS FROM `tp_auth_group_access` [ RunTime:0.0060s ]
SQL: SELECT `uid`,`group_id`,`title`,`rules` FROM tp_auth_group_access a INNER JOIN tp_auth_group g on a.group_id=g.id  WHERE ( a.uid='1' and g.status='1' )  [ RunTime:0.0000s ]
NOTIC: [8] Use of undefined constant UID - assumed 'UID' D:\wamp\www\tp\Application\Common\Common\function.php 第 21 行.
NOTIC: [8] Use of undefined constant UID - assumed 'UID' D:\wamp\www\tp\Application\Common\Common\function.php 第 21 行.
NOTIC: [8] Use of undefined constant UID - assumed 'UID' D:\wamp\www\tp\Application\Common\Common\function.php 第 21 行.
SQL: SHOW COLUMNS FROM `tp_user` [ RunTime:0.0060s ]
SQL: SELECT `id`,`xingming` FROM `tp_user`  [ RunTime:0.0010s ]
SQL: SHOW COLUMNS FROM `tp_fhk_client` [ RunTime:0.0060s ]
SQL: SHOW COLUMNS FROM `tp_fhk_agree` [ RunTime:0.0050s ]
SQL: SELECT COUNT(*) AS tp_count FROM tp_fhk_client Fhk_client  JOIN tp_fhk_agree Fhk_agree ON Fhk_client.agree_num=Fhk_agree.agree_num LIMIT 1   [ RunTime:0.0010s ]
NOTIC: [8] Undefined variable: search D:\wamp\www\tp\Application\Home\Controller\FhkController.class.php 第 70 行.
SQL: SELECT Fhk_client.id AS id,Fhk_client.cname AS cname,Fhk_client.id_card AS id_card,Fhk_client.agree_num AS agree_num,Fhk_agree.id AS id,Fhk_agree.agree_num AS agree_num,Fhk_agree.fk_money AS fk_money,Fhk_agree.fk_type AS fk_type,Fhk_agree.limit_time AS limit_time,Fhk_agree.rate AS rate,Fhk_agree.fk_date AS fk_date,Fhk_agree.saler AS saler,Fhk_agree.hk_method AS hk_method,Fhk_agree.info AS info,Fhk_agree.status AS status FROM tp_fhk_client Fhk_client  JOIN tp_fhk_agree Fhk_agree ON Fhk_client.agree_num=Fhk_agree.agree_num ORDER BY Fhk_client.agree_num desc LIMIT 0,10   [ RunTime:0.0010s ]
SQL: SELECT Fhk_client.id AS id,Fhk_client.cname AS cname,Fhk_client.id_card AS id_card,Fhk_client.agree_num AS agree_num,Fhk_agree.id AS id,Fhk_agree.agree_num AS agree_num,Fhk_agree.fk_money AS fk_money,Fhk_agree.fk_type AS fk_type,Fhk_agree.limit_time AS limit_time,Fhk_agree.rate AS rate,Fhk_agree.fk_date AS fk_date,Fhk_agree.saler AS saler,Fhk_agree.hk_method AS hk_method,Fhk_agree.info AS info,Fhk_agree.status AS status FROM tp_fhk_client Fhk_client  JOIN tp_fhk_agree Fhk_agree ON Fhk_client.agree_num=Fhk_agree.agree_num  [ RunTime:0.0010s ]
SQL: SELECT `cname` FROM `tp_fhk_client`  [ RunTime:0.0010s ]
NOTIC: [2] next() expects parameter 1 to be array, null given D:\wamp\www\tp\Application\Home\Controller\FhkController.class.php 第 123 行.
NOTIC: [2] next() expects parameter 1 to be array, null given D:\wamp\www\tp\Application\Home\Controller\FhkController.class.php 第 123 行.
NOTIC: [2] next() expects parameter 1 to be array, null given D:\wamp\www\tp\Application\Home\Controller\FhkController.class.php 第 123 行.
NOTIC: [2] next() expects parameter 1 to be array, null given D:\wamp\www\tp\Application\Home\Controller\FhkController.class.php 第 123 行.
INFO: [ view_parse ] --START--
INFO: [ template_filter ] --START--
INFO: Run Behavior\ContentReplaceBehavior [ RunTime:0.000000s ]
INFO: [ template_filter ] --END-- [ RunTime:0.000000s ]
NOTIC: [8] Use of undefined constant index - assumed 'index' D:\wamp\www\tp\Application\Runtime\Cache\Home\90fdf413e2bc55922994a4fa369f3bbb.php 第 30 行.
NOTIC: [8] Use of undefined constant dksq - assumed 'dksq' D:\wamp\www\tp\Application\Runtime\Cache\Home\90fdf413e2bc55922994a4fa369f3bbb.php 第 31 行.
NOTIC: [8] Use of undefined constant staff - assumed 'staff' D:\wamp\www\tp\Application\Runtime\Cache\Home\90fdf413e2bc55922994a4fa369f3bbb.php 第 32 行.
NOTIC: [8] Use of undefined constant borrow - assumed 'borrow' D:\wamp\www\tp\Application\Runtime\Cache\Home\90fdf413e2bc55922994a4fa369f3bbb.php 第 33 行.
NOTIC: [8] Use of undefined constant auth - assumed 'auth' D:\wamp\www\tp\Application\Runtime\Cache\Home\90fdf413e2bc55922994a4fa369f3bbb.php 第 34 行.
NOTIC: [8] Use of undefined constant fhk - assumed 'fhk' D:\wamp\www\tp\Application\Runtime\Cache\Home\90fdf413e2bc55922994a4fa369f3bbb.php 第 35 行.
NOTIC: [8] Use of undefined constant index - assumed 'index' D:\wamp\www\tp\Application\Runtime\Cache\Home\90fdf413e2bc55922994a4fa369f3bbb.php 第 79 行.
NOTIC: [8] Use of undefined constant staff - assumed 'staff' D:\wamp\www\tp\Application\Runtime\Cache\Home\90fdf413e2bc55922994a4fa369f3bbb.php 第 82 行.
NOTIC: [8] Use of undefined constant dksq - assumed 'dksq' D:\wamp\www\tp\Application\Runtime\Cache\Home\90fdf413e2bc55922994a4fa369f3bbb.php 第 90 行.
NOTIC: [8] Use of undefined constant borrow - assumed 'borrow' D:\wamp\www\tp\Application\Runtime\Cache\Home\90fdf413e2bc55922994a4fa369f3bbb.php 第 103 行.
NOTIC: [8] Use of undefined constant auth - assumed 'auth' D:\wamp\www\tp\Application\Runtime\Cache\Home\90fdf413e2bc55922994a4fa369f3bbb.php 第 115 行.
NOTIC: [8] Use of undefined constant fhk - assumed 'fhk' D:\wamp\www\tp\Application\Runtime\Cache\Home\90fdf413e2bc55922994a4fa369f3bbb.php 第 123 行.
NOTIC: [8] Use of undefined constant index - assumed 'index' D:\wamp\www\tp\Application\Runtime\Cache\Home\90fdf413e2bc55922994a4fa369f3bbb.php 第 125 行.
NOTIC: [8] Use of undefined constant clientView - assumed 'clientView' D:\wamp\www\tp\Application\Runtime\Cache\Home\90fdf413e2bc55922994a4fa369f3bbb.php 第 126 行.
NOTIC: [8] Use of undefined constant DsList - assumed 'DsList' D:\wamp\www\tp\Application\Runtime\Cache\Home\90fdf413e2bc55922994a4fa369f3bbb.php 第 127 行.
NOTIC: [8] Use of undefined constant YsList - assumed 'YsList' D:\wamp\www\tp\Application\Runtime\Cache\Home\90fdf413e2bc55922994a4fa369f3bbb.php 第 128 行.
NOTIC: [8] Use of undefined constant AlreadyList - assumed 'AlreadyList' D:\wamp\www\tp\Application\Runtime\Cache\Home\90fdf413e2bc55922994a4fa369f3bbb.php 第 129 行.
NOTIC: [8] Use of undefined constant TcList - assumed 'TcList' D:\wamp\www\tp\Application\Runtime\Cache\Home\90fdf413e2bc55922994a4fa369f3bbb.php 第 130 行.
NOTIC: [8] Use of undefined constant pre - assumed 'pre' D:\wamp\www\tp\Application\Runtime\Cache\Home\90fdf413e2bc55922994a4fa369f3bbb.php 第 131 行.
INFO: Run Behavior\ParseTemplateBehavior [ RunTime:0.053003s ]
INFO: [ view_parse ] --END-- [ RunTime:0.053003s ]
INFO: [ view_filter ] --START--
INFO: Run Behavior\WriteHtmlCacheBehavior [ RunTime:0.000000s ]
INFO: [ view_filter ] --END-- [ RunTime:0.001000s ]
INFO: [ app_end ] --START--
INFO: Run Behavior\ShowPageTraceBehavior [ RunTime:0.000000s ]
INFO: [ app_end ] --END-- [ RunTime:0.002001s ]

[ 2015-05-18T17:02:31+08:00 ] ::1 /tp/Fhk/index
INFO: [ app_begin ] --START--
INFO: Run Behavior\ReadHtmlCacheBehavior [ RunTime:0.001000s ]
INFO: [ app_begin ] --END-- [ RunTime:0.001000s ]
SQL: SHOW COLUMNS FROM `tp_user_message` [ RunTime:0.0060s ]
SQL: SELECT COUNT(*) AS tp_count FROM `tp_user_message` WHERE ( getid=1 and status=0 ) LIMIT 1   [ RunTime:0.0010s ]
NOTIC: [8] Use of undefined constant UID - assumed 'UID' D:\wamp\www\tp\Application\Common\Common\function.php 第 21 行.
SQL: SHOW COLUMNS FROM `tp_auth_group_access` [ RunTime:0.0060s ]
SQL: SELECT `uid`,`group_id`,`title`,`rules` FROM tp_auth_group_access a INNER JOIN tp_auth_group g on a.group_id=g.id  WHERE ( a.uid='1' and g.status='1' )  [ RunTime:0.0010s ]
NOTIC: [8] Use of undefined constant UID - assumed 'UID' D:\wamp\www\tp\Application\Common\Common\function.php 第 21 行.
NOTIC: [8] Use of undefined constant UID - assumed 'UID' D:\wamp\www\tp\Application\Common\Common\function.php 第 21 行.
NOTIC: [8] Use of undefined constant UID - assumed 'UID' D:\wamp\www\tp\Application\Common\Common\function.php 第 21 行.
SQL: SHOW COLUMNS FROM `tp_user` [ RunTime:0.0060s ]
SQL: SELECT `id`,`xingming` FROM `tp_user`  [ RunTime:0.0000s ]
SQL: SHOW COLUMNS FROM `tp_fhk_client` [ RunTime:0.0060s ]
SQL: SHOW COLUMNS FROM `tp_fhk_agree` [ RunTime:0.0050s ]
SQL: SELECT COUNT(*) AS tp_count FROM tp_fhk_client Fhk_client  JOIN tp_fhk_agree Fhk_agree ON Fhk_client.agree_num=Fhk_agree.agree_num LIMIT 1   [ RunTime:0.0000s ]
NOTIC: [8] Undefined variable: search D:\wamp\www\tp\Application\Home\Controller\FhkController.class.php 第 70 行.
SQL: SELECT Fhk_client.id AS id,Fhk_client.cname AS cname,Fhk_client.id_card AS id_card,Fhk_client.agree_num AS agree_num,Fhk_agree.id AS id,Fhk_agree.agree_num AS agree_num,Fhk_agree.fk_money AS fk_money,Fhk_agree.fk_type AS fk_type,Fhk_agree.limit_time AS limit_time,Fhk_agree.rate AS rate,Fhk_agree.fk_date AS fk_date,Fhk_agree.saler AS saler,Fhk_agree.hk_method AS hk_method,Fhk_agree.info AS info,Fhk_agree.status AS status FROM tp_fhk_client Fhk_client  JOIN tp_fhk_agree Fhk_agree ON Fhk_client.agree_num=Fhk_agree.agree_num ORDER BY Fhk_client.agree_num desc LIMIT 0,10   [ RunTime:0.0010s ]
SQL: SELECT Fhk_client.id AS id,Fhk_client.cname AS cname,Fhk_client.id_card AS id_card,Fhk_client.agree_num AS agree_num,Fhk_agree.id AS id,Fhk_agree.agree_num AS agree_num,Fhk_agree.fk_money AS fk_money,Fhk_agree.fk_type AS fk_type,Fhk_agree.limit_time AS limit_time,Fhk_agree.rate AS rate,Fhk_agree.fk_date AS fk_date,Fhk_agree.saler AS saler,Fhk_agree.hk_method AS hk_method,Fhk_agree.info AS info,Fhk_agree.status AS status FROM tp_fhk_client Fhk_client  JOIN tp_fhk_agree Fhk_agree ON Fhk_client.agree_num=Fhk_agree.agree_num  [ RunTime:0.0000s ]
SQL: SELECT `cname` FROM `tp_fhk_client`  [ RunTime:0.0000s ]
NOTIC: [2] next() expects parameter 1 to be array, null given D:\wamp\www\tp\Application\Home\Controller\FhkController.class.php 第 123 行.
NOTIC: [2] next() expects parameter 1 to be array, null given D:\wamp\www\tp\Application\Home\Controller\FhkController.class.php 第 123 行.
NOTIC: [2] next() expects parameter 1 to be array, null given D:\wamp\www\tp\Application\Home\Controller\FhkController.class.php 第 123 行.
NOTIC: [2] next() expects parameter 1 to be array, null given D:\wamp\www\tp\Application\Home\Controller\FhkController.class.php 第 123 行.
INFO: [ view_parse ] --START--
INFO: [ template_filter ] --START--
INFO: Run Behavior\ContentReplaceBehavior [ RunTime:0.000000s ]
INFO: [ template_filter ] --END-- [ RunTime:0.000000s ]
NOTIC: [8] Use of undefined constant index - assumed 'index' D:\wamp\www\tp\Application\Runtime\Cache\Home\90fdf413e2bc55922994a4fa369f3bbb.php 第 30 行.
NOTIC: [8] Use of undefined constant dksq - assumed 'dksq' D:\wamp\www\tp\Application\Runtime\Cache\Home\90fdf413e2bc55922994a4fa369f3bbb.php 第 31 行.
NOTIC: [8] Use of undefined constant staff - assumed 'staff' D:\wamp\www\tp\Application\Runtime\Cache\Home\90fdf413e2bc55922994a4fa369f3bbb.php 第 32 行.
NOTIC: [8] Use of undefined constant borrow - assumed 'borrow' D:\wamp\www\tp\Application\Runtime\Cache\Home\90fdf413e2bc55922994a4fa369f3bbb.php 第 33 行.
NOTIC: [8] Use of undefined constant auth - assumed 'auth' D:\wamp\www\tp\Application\Runtime\Cache\Home\90fdf413e2bc55922994a4fa369f3bbb.php 第 34 行.
NOTIC: [8] Use of undefined constant fhk - assumed 'fhk' D:\wamp\www\tp\Application\Runtime\Cache\Home\90fdf413e2bc55922994a4fa369f3bbb.php 第 35 行.
NOTIC: [8] Use of undefined constant index - assumed 'index' D:\wamp\www\tp\Application\Runtime\Cache\Home\90fdf413e2bc55922994a4fa369f3bbb.php 第 79 行.
NOTIC: [8] Use of undefined constant staff - assumed 'staff' D:\wamp\www\tp\Application\Runtime\Cache\Home\90fdf413e2bc55922994a4fa369f3bbb.php 第 82 行.
NOTIC: [8] Use of undefined constant dksq - assumed 'dksq' D:\wamp\www\tp\Application\Runtime\Cache\Home\90fdf413e2bc55922994a4fa369f3bbb.php 第 90 行.
NOTIC: [8] Use of undefined constant borrow - assumed 'borrow' D:\wamp\www\tp\Application\Runtime\Cache\Home\90fdf413e2bc55922994a4fa369f3bbb.php 第 103 行.
NOTIC: [8] Use of undefined constant auth - assumed 'auth' D:\wamp\www\tp\Application\Runtime\Cache\Home\90fdf413e2bc55922994a4fa369f3bbb.php 第 115 行.
NOTIC: [8] Use of undefined constant fhk - assumed 'fhk' D:\wamp\www\tp\Application\Runtime\Cache\Home\90fdf413e2bc55922994a4fa369f3bbb.php 第 123 行.
NOTIC: [8] Use of undefined constant index - assumed 'index' D:\wamp\www\tp\Application\Runtime\Cache\Home\90fdf413e2bc55922994a4fa369f3bbb.php 第 125 行.
NOTIC: [8] Use of undefined constant clientView - assumed 'clientView' D:\wamp\www\tp\Application\Runtime\Cache\Home\90fdf413e2bc55922994a4fa369f3bbb.php 第 126 行.
NOTIC: [8] Use of undefined constant DsList - assumed 'DsList' D:\wamp\www\tp\Application\Runtime\Cache\Home\90fdf413e2bc55922994a4fa369f3bbb.php 第 127 行.
NOTIC: [8] Use of undefined constant YsList - assumed 'YsList' D:\wamp\www\tp\Application\Runtime\Cache\Home\90fdf413e2bc55922994a4fa369f3bbb.php 第 128 行.
NOTIC: [8] Use of undefined constant AlreadyList - assumed 'AlreadyList' D:\wamp\www\tp\Application\Runtime\Cache\Home\90fdf413e2bc55922994a4fa369f3bbb.php 第 129 行.
NOTIC: [8] Use of undefined constant TcList - assumed 'TcList' D:\wamp\www\tp\Application\Runtime\Cache\Home\90fdf413e2bc55922994a4fa369f3bbb.php 第 130 行.
NOTIC: [8] Use of undefined constant pre - assumed 'pre' D:\wamp\www\tp\Application\Runtime\Cache\Home\90fdf413e2bc55922994a4fa369f3bbb.php 第 131 行.
INFO: Run Behavior\ParseTemplateBehavior [ RunTime:0.052003s ]
INFO: [ view_parse ] --END-- [ RunTime:0.052003s ]
INFO: [ view_filter ] --START--
INFO: Run Behavior\WriteHtmlCacheBehavior [ RunTime:0.001000s ]
INFO: [ view_filter ] --END-- [ RunTime:0.001000s ]
INFO: [ app_end ] --START--
INFO: Run Behavior\ShowPageTraceBehavior [ RunTime:0.001000s ]
INFO: [ app_end ] --END-- [ RunTime:0.001000s ]

