[ 2015-04-27T11:47:59+08:00 ] ::1 /tp/
INFO: [ app_init ] --START--
INFO: Run Behavior\BuildLiteBehavior [ RunTime:0.000000s ]
INFO: [ app_init ] --END-- [ RunTime:0.000000s ]
INFO: [ app_begin ] --START--
INFO: Run Behavior\ReadHtmlCacheBehavior [ RunTime:0.000000s ]
INFO: [ app_begin ] --END-- [ RunTime:0.002000s ]
INFO: [ view_parse ] --START--
INFO: [ template_filter ] --START--
INFO: Run Behavior\ContentReplaceBehavior [ RunTime:0.001000s ]
INFO: [ template_filter ] --END-- [ RunTime:0.001000s ]
NOTIC: [8] Use of undefined constant login - assumed 'login' D:\wamp\www\tp\Application\Runtime\Cache\Home\4a2c385fbfaec846964dc7028911284c.php 第 27 行.
NOTIC: [8] Use of undefined constant verify - assumed 'verify' D:\wamp\www\tp\Application\Runtime\Cache\Home\4a2c385fbfaec846964dc7028911284c.php 第 46 行.
INFO: Run Behavior\ParseTemplateBehavior [ RunTime:0.052003s ]
INFO: [ view_parse ] --END-- [ RunTime:0.053003s ]
INFO: [ view_filter ] --START--
INFO: Run Behavior\WriteHtmlCacheBehavior [ RunTime:0.001000s ]
INFO: [ view_filter ] --END-- [ RunTime:0.001000s ]
INFO: [ app_end ] --START--
INFO: Run Behavior\ShowPageTraceBehavior [ RunTime:0.001000s ]
INFO: [ app_end ] --END-- [ RunTime:0.001000s ]

[ 2015-04-27T11:47:59+08:00 ] ::1 /tp/Login/verify
INFO: [ app_init ] --START--
INFO: Run Behavior\BuildLiteBehavior [ RunTime:0.000000s ]
INFO: [ app_init ] --END-- [ RunTime:0.001000s ]
INFO: [ app_begin ] --START--
INFO: Run Behavior\ReadHtmlCacheBehavior [ RunTime:0.001000s ]
INFO: [ app_begin ] --END-- [ RunTime:0.001000s ]
INFO: [ app_end ] --START--
INFO: Run Behavior\ShowPageTraceBehavior [ RunTime:0.002000s ]
INFO: [ app_end ] --END-- [ RunTime:0.003001s ]

[ 2015-04-27T11:48:08+08:00 ] ::1 /tp/Login/login.html
INFO: [ app_init ] --START--
INFO: Run Behavior\BuildLiteBehavior [ RunTime:0.000000s ]
INFO: [ app_init ] --END-- [ RunTime:0.001000s ]
INFO: [ app_begin ] --START--
INFO: Run Behavior\ReadHtmlCacheBehavior [ RunTime:0.001000s ]
INFO: [ app_begin ] --END-- [ RunTime:0.001000s ]
SQL: SHOW COLUMNS FROM `tp_user` [ RunTime:0.0090s ]
SQL: SELECT `status` FROM `tp_user` WHERE `username` = 'admin' AND `password` = '4df84d141f9c9786e9862ae29b730062'  [ RunTime:0.0670s ]
SQL: SELECT * FROM `tp_user` WHERE `username` = 'admin' AND `password` = '4df84d141f9c9786e9862ae29b730062' LIMIT 1   [ RunTime:0.0010s ]
NOTIC: [8] Use of undefined constant UID - assumed 'UID' D:\wamp\www\tp\Application\Home\Common\Userlog.class.php 第 12 行.

[ 2015-04-27T11:48:08+08:00 ] ::1 /tp/Index/index.html
INFO: [ app_init ] --START--
INFO: Run Behavior\BuildLiteBehavior [ RunTime:0.000000s ]
INFO: [ app_init ] --END-- [ RunTime:0.001000s ]
INFO: [ app_begin ] --START--
INFO: Run Behavior\ReadHtmlCacheBehavior [ RunTime:0.001000s ]
INFO: [ app_begin ] --END-- [ RunTime:0.001000s ]
INFO: [ view_parse ] --START--
INFO: [ template_filter ] --START--
INFO: Run Behavior\ContentReplaceBehavior [ RunTime:0.001000s ]
INFO: [ template_filter ] --END-- [ RunTime:0.001000s ]
NOTIC: [8] Use of undefined constant index - assumed 'index' D:\wamp\www\tp\Application\Runtime\Cache\Home\0d6509e863112dc5821b22ecb897e16e.php 第 30 行.
NOTIC: [8] Undefined variable: daohang D:\wamp\www\tp\Application\Runtime\Cache\Home\0d6509e863112dc5821b22ecb897e16e.php 第 30 行.
NOTIC: [8] Use of undefined constant dksq - assumed 'dksq' D:\wamp\www\tp\Application\Runtime\Cache\Home\0d6509e863112dc5821b22ecb897e16e.php 第 31 行.
NOTIC: [8] Undefined variable: daohang D:\wamp\www\tp\Application\Runtime\Cache\Home\0d6509e863112dc5821b22ecb897e16e.php 第 31 行.
NOTIC: [8] Use of undefined constant staff - assumed 'staff' D:\wamp\www\tp\Application\Runtime\Cache\Home\0d6509e863112dc5821b22ecb897e16e.php 第 32 行.
NOTIC: [8] Undefined variable: daohang D:\wamp\www\tp\Application\Runtime\Cache\Home\0d6509e863112dc5821b22ecb897e16e.php 第 32 行.
NOTIC: [8] Use of undefined constant borrow - assumed 'borrow' D:\wamp\www\tp\Application\Runtime\Cache\Home\0d6509e863112dc5821b22ecb897e16e.php 第 33 行.
NOTIC: [8] Undefined variable: daohang D:\wamp\www\tp\Application\Runtime\Cache\Home\0d6509e863112dc5821b22ecb897e16e.php 第 33 行.
NOTIC: [8] Use of undefined constant auth - assumed 'auth' D:\wamp\www\tp\Application\Runtime\Cache\Home\0d6509e863112dc5821b22ecb897e16e.php 第 34 行.
NOTIC: [8] Undefined variable: daohang D:\wamp\www\tp\Application\Runtime\Cache\Home\0d6509e863112dc5821b22ecb897e16e.php 第 34 行.
NOTIC: [8] Use of undefined constant fhk - assumed 'fhk' D:\wamp\www\tp\Application\Runtime\Cache\Home\0d6509e863112dc5821b22ecb897e16e.php 第 35 行.
NOTIC: [8] Undefined variable: daohang D:\wamp\www\tp\Application\Runtime\Cache\Home\0d6509e863112dc5821b22ecb897e16e.php 第 35 行.
NOTIC: [8] Undefined variable: user D:\wamp\www\tp\Application\Runtime\Cache\Home\0d6509e863112dc5821b22ecb897e16e.php 第 41 行.
NOTIC: [8] Undefined variable: MessageCount D:\wamp\www\tp\Application\Runtime\Cache\Home\0d6509e863112dc5821b22ecb897e16e.php 第 52 行.
NOTIC: [8] Undefined variable: MessageCount D:\wamp\www\tp\Application\Runtime\Cache\Home\0d6509e863112dc5821b22ecb897e16e.php 第 57 行.
NOTIC: [8] Use of undefined constant index - assumed 'index' D:\wamp\www\tp\Application\Runtime\Cache\Home\0d6509e863112dc5821b22ecb897e16e.php 第 79 行.
NOTIC: [8] Undefined variable: daohang D:\wamp\www\tp\Application\Runtime\Cache\Home\0d6509e863112dc5821b22ecb897e16e.php 第 79 行.
NOTIC: [8] Use of undefined constant staff - assumed 'staff' D:\wamp\www\tp\Application\Runtime\Cache\Home\0d6509e863112dc5821b22ecb897e16e.php 第 82 行.
NOTIC: [8] Undefined variable: daohang D:\wamp\www\tp\Application\Runtime\Cache\Home\0d6509e863112dc5821b22ecb897e16e.php 第 82 行.
NOTIC: [8] Use of undefined constant dksq - assumed 'dksq' D:\wamp\www\tp\Application\Runtime\Cache\Home\0d6509e863112dc5821b22ecb897e16e.php 第 90 行.
NOTIC: [8] Undefined variable: daohang D:\wamp\www\tp\Application\Runtime\Cache\Home\0d6509e863112dc5821b22ecb897e16e.php 第 90 行.
NOTIC: [8] Use of undefined constant borrow - assumed 'borrow' D:\wamp\www\tp\Application\Runtime\Cache\Home\0d6509e863112dc5821b22ecb897e16e.php 第 103 行.
NOTIC: [8] Undefined variable: daohang D:\wamp\www\tp\Application\Runtime\Cache\Home\0d6509e863112dc5821b22ecb897e16e.php 第 103 行.
NOTIC: [8] Use of undefined constant auth - assumed 'auth' D:\wamp\www\tp\Application\Runtime\Cache\Home\0d6509e863112dc5821b22ecb897e16e.php 第 115 行.
NOTIC: [8] Undefined variable: daohang D:\wamp\www\tp\Application\Runtime\Cache\Home\0d6509e863112dc5821b22ecb897e16e.php 第 115 行.
NOTIC: [8] Use of undefined constant fhk - assumed 'fhk' D:\wamp\www\tp\Application\Runtime\Cache\Home\0d6509e863112dc5821b22ecb897e16e.php 第 123 行.
NOTIC: [8] Undefined variable: daohang D:\wamp\www\tp\Application\Runtime\Cache\Home\0d6509e863112dc5821b22ecb897e16e.php 第 123 行.
NOTIC: [8] Use of undefined constant Message - assumed 'Message' D:\wamp\www\tp\Application\Runtime\Cache\Home\0d6509e863112dc5821b22ecb897e16e.php 第 135 行.
NOTIC: [8] Undefined variable: daohang D:\wamp\www\tp\Application\Runtime\Cache\Home\0d6509e863112dc5821b22ecb897e16e.php 第 135 行.
INFO: Run Behavior\ParseTemplateBehavior [ RunTime:0.074004s ]
INFO: [ view_parse ] --END-- [ RunTime:0.074004s ]
INFO: [ view_filter ] --START--
INFO: Run Behavior\WriteHtmlCacheBehavior [ RunTime:0.001000s ]
INFO: [ view_filter ] --END-- [ RunTime:0.001000s ]
INFO: [ app_end ] --START--
INFO: Run Behavior\ShowPageTraceBehavior [ RunTime:0.001001s ]
INFO: [ app_end ] --END-- [ RunTime:0.002001s ]

[ 2015-04-27T11:48:10+08:00 ] ::1 /tp/Fhk/index.html
INFO: [ app_init ] --START--
INFO: Run Behavior\BuildLiteBehavior [ RunTime:0.000000s ]
INFO: [ app_init ] --END-- [ RunTime:0.001000s ]
INFO: [ app_begin ] --START--
INFO: Run Behavior\ReadHtmlCacheBehavior [ RunTime:0.001000s ]
INFO: [ app_begin ] --END-- [ RunTime:0.001000s ]
SQL: SHOW COLUMNS FROM `tp_user_message` [ RunTime:0.0070s ]
SQL: SELECT COUNT(*) AS tp_count FROM `tp_user_message` WHERE ( getid=1 and status=0 ) LIMIT 1   [ RunTime:0.0010s ]
NOTIC: [8] Use of undefined constant UID - assumed 'UID' D:\wamp\www\tp\Application\Common\Common\function.php 第 21 行.
SQL: SHOW COLUMNS FROM `tp_auth_group_access` [ RunTime:0.0060s ]
SQL: SELECT `uid`,`group_id`,`title`,`rules` FROM tp_auth_group_access a INNER JOIN tp_auth_group g on a.group_id=g.id  WHERE ( a.uid='1' and g.status='1' )  [ RunTime:0.0320s ]
NOTIC: [8] Use of undefined constant UID - assumed 'UID' D:\wamp\www\tp\Application\Common\Common\function.php 第 21 行.
NOTIC: [8] Use of undefined constant UID - assumed 'UID' D:\wamp\www\tp\Application\Common\Common\function.php 第 21 行.
NOTIC: [8] Use of undefined constant UID - assumed 'UID' D:\wamp\www\tp\Application\Common\Common\function.php 第 21 行.
SQL: SHOW COLUMNS FROM `tp_user` [ RunTime:0.0090s ]
SQL: SELECT `id`,`xingming` FROM `tp_user`  [ RunTime:0.0010s ]
SQL: SHOW COLUMNS FROM `tp_fhk_client` [ RunTime:0.0080s ]
SQL: SHOW COLUMNS FROM `tp_fhk_agree` [ RunTime:0.0060s ]
SQL: SELECT COUNT(*) AS tp_count FROM tp_fhk_client Fhk_client  JOIN tp_fhk_agree Fhk_agree ON Fhk_client.agree_num=Fhk_agree.agree_num LIMIT 1   [ RunTime:0.0010s ]
NOTIC: [8] Undefined variable: search D:\wamp\www\tp\Application\Home\Controller\FhkController.class.php 第 72 行.
SQL: SELECT Fhk_client.id AS id,Fhk_client.cname AS cname,Fhk_client.id_card AS id_card,Fhk_client.agree_num AS agree_num,Fhk_agree.id AS id,Fhk_agree.agree_num AS agree_num,Fhk_agree.fk_money AS fk_money,Fhk_agree.fk_type AS fk_type,Fhk_agree.limit_time AS limit_time,Fhk_agree.rate AS rate,Fhk_agree.fk_date AS fk_date,Fhk_agree.saler AS saler,Fhk_agree.hk_method AS hk_method,Fhk_agree.info AS info,Fhk_agree.status AS status FROM tp_fhk_client Fhk_client  JOIN tp_fhk_agree Fhk_agree ON Fhk_client.agree_num=Fhk_agree.agree_num ORDER BY Fhk_client.agree_num desc LIMIT 0,10   [ RunTime:0.0030s ]
SQL: SELECT Fhk_client.id AS id,Fhk_client.cname AS cname,Fhk_client.id_card AS id_card,Fhk_client.agree_num AS agree_num,Fhk_agree.id AS id,Fhk_agree.agree_num AS agree_num,Fhk_agree.fk_money AS fk_money,Fhk_agree.fk_type AS fk_type,Fhk_agree.limit_time AS limit_time,Fhk_agree.rate AS rate,Fhk_agree.fk_date AS fk_date,Fhk_agree.saler AS saler,Fhk_agree.hk_method AS hk_method,Fhk_agree.info AS info,Fhk_agree.status AS status FROM tp_fhk_client Fhk_client  JOIN tp_fhk_agree Fhk_agree ON Fhk_client.agree_num=Fhk_agree.agree_num  [ RunTime:0.0000s ]
INFO: [ view_parse ] --START--
INFO: [ template_filter ] --START--
INFO: Run Behavior\ContentReplaceBehavior [ RunTime:0.000000s ]
INFO: [ template_filter ] --END-- [ RunTime:0.000000s ]
NOTIC: [8] Use of undefined constant index - assumed 'index' D:\wamp\www\tp\Application\Runtime\Cache\Home\90fdf413e2bc55922994a4fa369f3bbb.php 第 30 行.
NOTIC: [8] Use of undefined constant dksq - assumed 'dksq' D:\wamp\www\tp\Application\Runtime\Cache\Home\90fdf413e2bc55922994a4fa369f3bbb.php 第 31 行.
NOTIC: [8] Use of undefined constant staff - assumed 'staff' D:\wamp\www\tp\Application\Runtime\Cache\Home\90fdf413e2bc55922994a4fa369f3bbb.php 第 32 行.
NOTIC: [8] Use of undefined constant borrow - assumed 'borrow' D:\wamp\www\tp\Application\Runtime\Cache\Home\90fdf413e2bc55922994a4fa369f3bbb.php 第 33 行.
NOTIC: [8] Use of undefined constant auth - assumed 'auth' D:\wamp\www\tp\Application\Runtime\Cache\Home\90fdf413e2bc55922994a4fa369f3bbb.php 第 34 行.
NOTIC: [8] Use of undefined constant fhk - assumed 'fhk' D:\wamp\www\tp\Application\Runtime\Cache\Home\90fdf413e2bc55922994a4fa369f3bbb.php 第 35 行.
NOTIC: [8] Use of undefined constant index - assumed 'index' D:\wamp\www\tp\Application\Runtime\Cache\Home\90fdf413e2bc55922994a4fa369f3bbb.php 第 79 行.
NOTIC: [8] Use of undefined constant staff - assumed 'staff' D:\wamp\www\tp\Application\Runtime\Cache\Home\90fdf413e2bc55922994a4fa369f3bbb.php 第 82 行.
NOTIC: [8] Use of undefined constant dksq - assumed 'dksq' D:\wamp\www\tp\Application\Runtime\Cache\Home\90fdf413e2bc55922994a4fa369f3bbb.php 第 90 行.
NOTIC: [8] Use of undefined constant borrow - assumed 'borrow' D:\wamp\www\tp\Application\Runtime\Cache\Home\90fdf413e2bc55922994a4fa369f3bbb.php 第 103 行.
NOTIC: [8] Use of undefined constant auth - assumed 'auth' D:\wamp\www\tp\Application\Runtime\Cache\Home\90fdf413e2bc55922994a4fa369f3bbb.php 第 115 行.
NOTIC: [8] Use of undefined constant fhk - assumed 'fhk' D:\wamp\www\tp\Application\Runtime\Cache\Home\90fdf413e2bc55922994a4fa369f3bbb.php 第 123 行.
NOTIC: [8] Use of undefined constant index - assumed 'index' D:\wamp\www\tp\Application\Runtime\Cache\Home\90fdf413e2bc55922994a4fa369f3bbb.php 第 125 行.
NOTIC: [8] Use of undefined constant clientView - assumed 'clientView' D:\wamp\www\tp\Application\Runtime\Cache\Home\90fdf413e2bc55922994a4fa369f3bbb.php 第 126 行.
NOTIC: [8] Use of undefined constant DsList - assumed 'DsList' D:\wamp\www\tp\Application\Runtime\Cache\Home\90fdf413e2bc55922994a4fa369f3bbb.php 第 127 行.
NOTIC: [8] Use of undefined constant YsList - assumed 'YsList' D:\wamp\www\tp\Application\Runtime\Cache\Home\90fdf413e2bc55922994a4fa369f3bbb.php 第 128 行.
NOTIC: [8] Use of undefined constant AlreadyList - assumed 'AlreadyList' D:\wamp\www\tp\Application\Runtime\Cache\Home\90fdf413e2bc55922994a4fa369f3bbb.php 第 129 行.
NOTIC: [8] Use of undefined constant TcList - assumed 'TcList' D:\wamp\www\tp\Application\Runtime\Cache\Home\90fdf413e2bc55922994a4fa369f3bbb.php 第 130 行.
NOTIC: [8] Use of undefined constant pre - assumed 'pre' D:\wamp\www\tp\Application\Runtime\Cache\Home\90fdf413e2bc55922994a4fa369f3bbb.php 第 131 行.
INFO: Run Behavior\ParseTemplateBehavior [ RunTime:0.088005s ]
INFO: [ view_parse ] --END-- [ RunTime:0.088005s ]
INFO: [ view_filter ] --START--
INFO: Run Behavior\WriteHtmlCacheBehavior [ RunTime:0.001000s ]
INFO: [ view_filter ] --END-- [ RunTime:0.001000s ]
INFO: [ app_end ] --START--
INFO: Run Behavior\ShowPageTraceBehavior [ RunTime:0.001000s ]
INFO: [ app_end ] --END-- [ RunTime:0.002000s ]

[ 2015-04-27T11:48:12+08:00 ] ::1 /tp/Fhk/scan/id/xbd65165265
INFO: [ app_init ] --START--
INFO: Run Behavior\BuildLiteBehavior [ RunTime:0.000000s ]
INFO: [ app_init ] --END-- [ RunTime:0.002000s ]
INFO: [ app_begin ] --START--
INFO: Run Behavior\ReadHtmlCacheBehavior [ RunTime:0.001000s ]
INFO: [ app_begin ] --END-- [ RunTime:0.002000s ]
SQL: SHOW COLUMNS FROM `tp_user_message` [ RunTime:0.0050s ]
SQL: SELECT COUNT(*) AS tp_count FROM `tp_user_message` WHERE ( getid=1 and status=0 ) LIMIT 1   [ RunTime:0.0000s ]
NOTIC: [8] Use of undefined constant UID - assumed 'UID' D:\wamp\www\tp\Application\Common\Common\function.php 第 21 行.
SQL: SHOW COLUMNS FROM `tp_auth_group_access` [ RunTime:0.0050s ]
SQL: SELECT `uid`,`group_id`,`title`,`rules` FROM tp_auth_group_access a INNER JOIN tp_auth_group g on a.group_id=g.id  WHERE ( a.uid='1' and g.status='1' )  [ RunTime:0.0000s ]
NOTIC: [8] Use of undefined constant UID - assumed 'UID' D:\wamp\www\tp\Application\Common\Common\function.php 第 21 行.
NOTIC: [8] Use of undefined constant UID - assumed 'UID' D:\wamp\www\tp\Application\Common\Common\function.php 第 21 行.
NOTIC: [8] Use of undefined constant UID - assumed 'UID' D:\wamp\www\tp\Application\Common\Common\function.php 第 21 行.
SQL: SHOW COLUMNS FROM `tp_fhk_client` [ RunTime:0.0050s ]
SQL: SHOW COLUMNS FROM `tp_fhk_agree` [ RunTime:0.0060s ]
SQL: SHOW COLUMNS FROM `tp_fhk_hk` [ RunTime:0.0060s ]
SQL: SHOW COLUMNS FROM `tp_fhk_receive` [ RunTime:0.0050s ]
SQL: SELECT Fhk_client.id AS id,Fhk_client.cname AS cname,Fhk_client.id_card AS id_card,Fhk_client.agree_num AS agree_num,Fhk_agree.id AS id,Fhk_agree.agree_num AS agree_num,Fhk_agree.fk_money AS fk_money,Fhk_agree.fk_type AS fk_type,Fhk_agree.limit_time AS limit_time,Fhk_agree.rate AS rate,Fhk_agree.fk_date AS fk_date,Fhk_agree.saler AS saler,Fhk_agree.hk_method AS hk_method,Fhk_agree.info AS info,Fhk_agree.status AS status,Fhk_hk.hk_date AS hk_date,Fhk_hk.hk_term AS hk_term,Fhk_hk.agree_hk AS agree_hk,Fhk_hk.agree_hb AS agree_hb,Fhk_hk.agree_hx AS agree_hx,Fhk_receive.id AS id,Fhk_receive.agree_num AS agree_num,Fhk_receive.receive_term AS receive_term,Fhk_receive.receive_num AS receive_num,Fhk_receive.tc_money AS tc_money,Fhk_receive.hk_status AS hk_status,Fhk_receive.dis_date AS dis_date,Fhk_receive.hk_detail_status AS hk_detail_status,Fhk_receive.result_money AS result_money,Fhk_receive.fac_hb AS fac_hb,Fhk_receive.fac_hx AS fac_hx,Fhk_receive.receive_date AS receive_date,Fhk_receive.hz_bj AS hz_bj,Fhk_receive.hzlx AS hzlx,Fhk_receive.tqhkqx AS tqhkqx,Fhk_receive.wyj AS wyj,Fhk_receive.fx AS fx,Fhk_receive.pre_status AS pre_status FROM tp_fhk_client Fhk_client  JOIN tp_fhk_agree Fhk_agree ON Fhk_client.agree_num=Fhk_agree.agree_num  JOIN tp_fhk_hk Fhk_hk ON Fhk_agree.agree_num=Fhk_hk.agree_num  JOIN tp_fhk_receive Fhk_receive ON Fhk_receive.agree_num=Fhk_hk.agree_num WHERE ( Fhk_agree.agree_num ="xbd65165265" and Fhk_hk.hk_term=Fhk_receive.receive_term ) GROUP BY Fhk_hk.hk_term ORDER BY Fhk_receive.id ASC  [ RunTime:0.0010s ]
SQL: SHOW COLUMNS FROM `tp_user` [ RunTime:0.0050s ]
SQL: SELECT `id`,`xingming`,`status` FROM `tp_user`  [ RunTime:0.0010s ]
SQL: SELECT `id`,`cname`,`id_card` FROM `tp_fhk_client` WHERE ( agree_num="xbd65165265" )  [ RunTime:0.0010s ]
INFO: [ view_parse ] --START--
INFO: [ template_filter ] --START--
INFO: Run Behavior\ContentReplaceBehavior [ RunTime:0.000000s ]
INFO: [ template_filter ] --END-- [ RunTime:0.000000s ]
NOTIC: [8] Use of undefined constant index - assumed 'index' D:\wamp\www\tp\Application\Runtime\Cache\Home\9a0046a5461287e7155d746d3979ca03.php 第 30 行.
NOTIC: [8] Use of undefined constant dksq - assumed 'dksq' D:\wamp\www\tp\Application\Runtime\Cache\Home\9a0046a5461287e7155d746d3979ca03.php 第 31 行.
NOTIC: [8] Use of undefined constant staff - assumed 'staff' D:\wamp\www\tp\Application\Runtime\Cache\Home\9a0046a5461287e7155d746d3979ca03.php 第 32 行.
NOTIC: [8] Use of undefined constant borrow - assumed 'borrow' D:\wamp\www\tp\Application\Runtime\Cache\Home\9a0046a5461287e7155d746d3979ca03.php 第 33 行.
NOTIC: [8] Use of undefined constant auth - assumed 'auth' D:\wamp\www\tp\Application\Runtime\Cache\Home\9a0046a5461287e7155d746d3979ca03.php 第 34 行.
NOTIC: [8] Use of undefined constant fhk - assumed 'fhk' D:\wamp\www\tp\Application\Runtime\Cache\Home\9a0046a5461287e7155d746d3979ca03.php 第 35 行.
NOTIC: [8] Use of undefined constant index - assumed 'index' D:\wamp\www\tp\Application\Runtime\Cache\Home\9a0046a5461287e7155d746d3979ca03.php 第 79 行.
NOTIC: [8] Use of undefined constant staff - assumed 'staff' D:\wamp\www\tp\Application\Runtime\Cache\Home\9a0046a5461287e7155d746d3979ca03.php 第 82 行.
NOTIC: [8] Use of undefined constant dksq - assumed 'dksq' D:\wamp\www\tp\Application\Runtime\Cache\Home\9a0046a5461287e7155d746d3979ca03.php 第 90 行.
NOTIC: [8] Use of undefined constant borrow - assumed 'borrow' D:\wamp\www\tp\Application\Runtime\Cache\Home\9a0046a5461287e7155d746d3979ca03.php 第 103 行.
NOTIC: [8] Use of undefined constant auth - assumed 'auth' D:\wamp\www\tp\Application\Runtime\Cache\Home\9a0046a5461287e7155d746d3979ca03.php 第 115 行.
NOTIC: [8] Use of undefined constant fhk - assumed 'fhk' D:\wamp\www\tp\Application\Runtime\Cache\Home\9a0046a5461287e7155d746d3979ca03.php 第 123 行.
NOTIC: [8] Use of undefined constant index - assumed 'index' D:\wamp\www\tp\Application\Runtime\Cache\Home\9a0046a5461287e7155d746d3979ca03.php 第 125 行.
NOTIC: [8] Use of undefined constant clientView - assumed 'clientView' D:\wamp\www\tp\Application\Runtime\Cache\Home\9a0046a5461287e7155d746d3979ca03.php 第 126 行.
NOTIC: [8] Use of undefined constant DsList - assumed 'DsList' D:\wamp\www\tp\Application\Runtime\Cache\Home\9a0046a5461287e7155d746d3979ca03.php 第 127 行.
NOTIC: [8] Use of undefined constant YsList - assumed 'YsList' D:\wamp\www\tp\Application\Runtime\Cache\Home\9a0046a5461287e7155d746d3979ca03.php 第 128 行.
NOTIC: [8] Use of undefined constant AlreadyList - assumed 'AlreadyList' D:\wamp\www\tp\Application\Runtime\Cache\Home\9a0046a5461287e7155d746d3979ca03.php 第 129 行.
NOTIC: [8] Use of undefined constant TcList - assumed 'TcList' D:\wamp\www\tp\Application\Runtime\Cache\Home\9a0046a5461287e7155d746d3979ca03.php 第 130 行.
NOTIC: [8] Use of undefined constant pre - assumed 'pre' D:\wamp\www\tp\Application\Runtime\Cache\Home\9a0046a5461287e7155d746d3979ca03.php 第 131 行.
NOTIC: [8] Undefined variable: isModify D:\wamp\www\tp\Application\Runtime\Cache\Home\9a0046a5461287e7155d746d3979ca03.php 第 155 行.
NOTIC: [8] Use of undefined constant fk_type - assumed 'fk_type' D:\wamp\www\tp\Application\Runtime\Cache\Home\9a0046a5461287e7155d746d3979ca03.php 第 157 行.
NOTIC: [8] Use of undefined constant fk_type - assumed 'fk_type' D:\wamp\www\tp\Application\Runtime\Cache\Home\9a0046a5461287e7155d746d3979ca03.php 第 197 行.
NOTIC: [8] Use of undefined constant fk_type - assumed 'fk_type' D:\wamp\www\tp\Application\Runtime\Cache\Home\9a0046a5461287e7155d746d3979ca03.php 第 197 行.
NOTIC: [8] Use of undefined constant fk_type - assumed 'fk_type' D:\wamp\www\tp\Application\Runtime\Cache\Home\9a0046a5461287e7155d746d3979ca03.php 第 197 行.
NOTIC: [8] Use of undefined constant fk_type - assumed 'fk_type' D:\wamp\www\tp\Application\Runtime\Cache\Home\9a0046a5461287e7155d746d3979ca03.php 第 197 行.
INFO: Run Behavior\ParseTemplateBehavior [ RunTime:0.102006s ]
INFO: [ view_parse ] --END-- [ RunTime:0.103006s ]
INFO: [ view_filter ] --START--
INFO: Run Behavior\WriteHtmlCacheBehavior [ RunTime:0.001000s ]
INFO: [ view_filter ] --END-- [ RunTime:0.001000s ]
INFO: [ app_end ] --START--
INFO: Run Behavior\ShowPageTraceBehavior [ RunTime:0.001000s ]
INFO: [ app_end ] --END-- [ RunTime:0.001000s ]

[ 2015-04-27T11:48:24+08:00 ] ::1 /tp/Fhk/scan/id/xbd65165265
INFO: [ app_init ] --START--
INFO: Run Behavior\BuildLiteBehavior [ RunTime:0.000000s ]
INFO: [ app_init ] --END-- [ RunTime:0.001000s ]
INFO: [ app_begin ] --START--
INFO: Run Behavior\ReadHtmlCacheBehavior [ RunTime:0.002000s ]
INFO: [ app_begin ] --END-- [ RunTime:0.002000s ]
SQL: SHOW COLUMNS FROM `tp_user_message` [ RunTime:0.0050s ]
SQL: SELECT COUNT(*) AS tp_count FROM `tp_user_message` WHERE ( getid=1 and status=0 ) LIMIT 1   [ RunTime:0.0010s ]
NOTIC: [8] Use of undefined constant UID - assumed 'UID' D:\wamp\www\tp\Application\Common\Common\function.php 第 21 行.
SQL: SHOW COLUMNS FROM `tp_auth_group_access` [ RunTime:0.0060s ]
SQL: SELECT `uid`,`group_id`,`title`,`rules` FROM tp_auth_group_access a INNER JOIN tp_auth_group g on a.group_id=g.id  WHERE ( a.uid='1' and g.status='1' )  [ RunTime:0.0010s ]
NOTIC: [8] Use of undefined constant UID - assumed 'UID' D:\wamp\www\tp\Application\Common\Common\function.php 第 21 行.
NOTIC: [8] Use of undefined constant UID - assumed 'UID' D:\wamp\www\tp\Application\Common\Common\function.php 第 21 行.
NOTIC: [8] Use of undefined constant UID - assumed 'UID' D:\wamp\www\tp\Application\Common\Common\function.php 第 21 行.
SQL: SHOW COLUMNS FROM `tp_fhk_client` [ RunTime:0.0050s ]
SQL: SHOW COLUMNS FROM `tp_fhk_agree` [ RunTime:0.0050s ]
SQL: SHOW COLUMNS FROM `tp_fhk_hk` [ RunTime:0.0050s ]
SQL: SHOW COLUMNS FROM `tp_fhk_receive` [ RunTime:0.0060s ]
SQL: SELECT Fhk_client.id AS id,Fhk_client.cname AS cname,Fhk_client.id_card AS id_card,Fhk_client.agree_num AS agree_num,Fhk_agree.id AS id,Fhk_agree.agree_num AS agree_num,Fhk_agree.fk_money AS fk_money,Fhk_agree.fk_type AS fk_type,Fhk_agree.limit_time AS limit_time,Fhk_agree.rate AS rate,Fhk_agree.fk_date AS fk_date,Fhk_agree.saler AS saler,Fhk_agree.hk_method AS hk_method,Fhk_agree.info AS info,Fhk_agree.status AS status,Fhk_hk.hk_date AS hk_date,Fhk_hk.hk_term AS hk_term,Fhk_hk.agree_hk AS agree_hk,Fhk_hk.agree_hb AS agree_hb,Fhk_hk.agree_hx AS agree_hx,Fhk_receive.id AS id,Fhk_receive.agree_num AS agree_num,Fhk_receive.receive_term AS receive_term,Fhk_receive.receive_num AS receive_num,Fhk_receive.tc_money AS tc_money,Fhk_receive.hk_status AS hk_status,Fhk_receive.dis_date AS dis_date,Fhk_receive.hk_detail_status AS hk_detail_status,Fhk_receive.result_money AS result_money,Fhk_receive.fac_hb AS fac_hb,Fhk_receive.fac_hx AS fac_hx,Fhk_receive.receive_date AS receive_date,Fhk_receive.hz_bj AS hz_bj,Fhk_receive.hzlx AS hzlx,Fhk_receive.tqhkqx AS tqhkqx,Fhk_receive.wyj AS wyj,Fhk_receive.fx AS fx,Fhk_receive.pre_status AS pre_status FROM tp_fhk_client Fhk_client  JOIN tp_fhk_agree Fhk_agree ON Fhk_client.agree_num=Fhk_agree.agree_num  JOIN tp_fhk_hk Fhk_hk ON Fhk_agree.agree_num=Fhk_hk.agree_num  JOIN tp_fhk_receive Fhk_receive ON Fhk_receive.agree_num=Fhk_hk.agree_num WHERE ( Fhk_agree.agree_num ="xbd65165265" and Fhk_hk.hk_term=Fhk_receive.receive_term ) GROUP BY Fhk_hk.hk_term ORDER BY Fhk_receive.id ASC  [ RunTime:0.0010s ]
SQL: SHOW COLUMNS FROM `tp_user` [ RunTime:0.0050s ]
SQL: SELECT `id`,`xingming`,`status` FROM `tp_user`  [ RunTime:0.0000s ]
SQL: SELECT `id`,`cname`,`id_card` FROM `tp_fhk_client` WHERE ( agree_num="xbd65165265" )  [ RunTime:0.0000s ]
INFO: [ view_parse ] --START--
INFO: [ template_filter ] --START--
INFO: Run Behavior\ContentReplaceBehavior [ RunTime:0.000000s ]
INFO: [ template_filter ] --END-- [ RunTime:0.000000s ]
NOTIC: [8] Use of undefined constant index - assumed 'index' D:\wamp\www\tp\Application\Runtime\Cache\Home\9a0046a5461287e7155d746d3979ca03.php 第 30 行.
NOTIC: [8] Use of undefined constant dksq - assumed 'dksq' D:\wamp\www\tp\Application\Runtime\Cache\Home\9a0046a5461287e7155d746d3979ca03.php 第 31 行.
NOTIC: [8] Use of undefined constant staff - assumed 'staff' D:\wamp\www\tp\Application\Runtime\Cache\Home\9a0046a5461287e7155d746d3979ca03.php 第 32 行.
NOTIC: [8] Use of undefined constant borrow - assumed 'borrow' D:\wamp\www\tp\Application\Runtime\Cache\Home\9a0046a5461287e7155d746d3979ca03.php 第 33 行.
NOTIC: [8] Use of undefined constant auth - assumed 'auth' D:\wamp\www\tp\Application\Runtime\Cache\Home\9a0046a5461287e7155d746d3979ca03.php 第 34 行.
NOTIC: [8] Use of undefined constant fhk - assumed 'fhk' D:\wamp\www\tp\Application\Runtime\Cache\Home\9a0046a5461287e7155d746d3979ca03.php 第 35 行.
NOTIC: [8] Use of undefined constant index - assumed 'index' D:\wamp\www\tp\Application\Runtime\Cache\Home\9a0046a5461287e7155d746d3979ca03.php 第 79 行.
NOTIC: [8] Use of undefined constant staff - assumed 'staff' D:\wamp\www\tp\Application\Runtime\Cache\Home\9a0046a5461287e7155d746d3979ca03.php 第 82 行.
NOTIC: [8] Use of undefined constant dksq - assumed 'dksq' D:\wamp\www\tp\Application\Runtime\Cache\Home\9a0046a5461287e7155d746d3979ca03.php 第 90 行.
NOTIC: [8] Use of undefined constant borrow - assumed 'borrow' D:\wamp\www\tp\Application\Runtime\Cache\Home\9a0046a5461287e7155d746d3979ca03.php 第 103 行.
NOTIC: [8] Use of undefined constant auth - assumed 'auth' D:\wamp\www\tp\Application\Runtime\Cache\Home\9a0046a5461287e7155d746d3979ca03.php 第 115 行.
NOTIC: [8] Use of undefined constant fhk - assumed 'fhk' D:\wamp\www\tp\Application\Runtime\Cache\Home\9a0046a5461287e7155d746d3979ca03.php 第 123 行.
NOTIC: [8] Use of undefined constant index - assumed 'index' D:\wamp\www\tp\Application\Runtime\Cache\Home\9a0046a5461287e7155d746d3979ca03.php 第 125 行.
NOTIC: [8] Use of undefined constant clientView - assumed 'clientView' D:\wamp\www\tp\Application\Runtime\Cache\Home\9a0046a5461287e7155d746d3979ca03.php 第 126 行.
NOTIC: [8] Use of undefined constant DsList - assumed 'DsList' D:\wamp\www\tp\Application\Runtime\Cache\Home\9a0046a5461287e7155d746d3979ca03.php 第 127 行.
NOTIC: [8] Use of undefined constant YsList - assumed 'YsList' D:\wamp\www\tp\Application\Runtime\Cache\Home\9a0046a5461287e7155d746d3979ca03.php 第 128 行.
NOTIC: [8] Use of undefined constant AlreadyList - assumed 'AlreadyList' D:\wamp\www\tp\Application\Runtime\Cache\Home\9a0046a5461287e7155d746d3979ca03.php 第 129 行.
NOTIC: [8] Use of undefined constant TcList - assumed 'TcList' D:\wamp\www\tp\Application\Runtime\Cache\Home\9a0046a5461287e7155d746d3979ca03.php 第 130 行.
NOTIC: [8] Use of undefined constant pre - assumed 'pre' D:\wamp\www\tp\Application\Runtime\Cache\Home\9a0046a5461287e7155d746d3979ca03.php 第 131 行.
NOTIC: [8] Undefined variable: isModify D:\wamp\www\tp\Application\Runtime\Cache\Home\9a0046a5461287e7155d746d3979ca03.php 第 155 行.
NOTIC: [8] Use of undefined constant fk_type - assumed 'fk_type' D:\wamp\www\tp\Application\Runtime\Cache\Home\9a0046a5461287e7155d746d3979ca03.php 第 157 行.
NOTIC: [8] Use of undefined constant fk_type - assumed 'fk_type' D:\wamp\www\tp\Application\Runtime\Cache\Home\9a0046a5461287e7155d746d3979ca03.php 第 197 行.
NOTIC: [8] Use of undefined constant fk_type - assumed 'fk_type' D:\wamp\www\tp\Application\Runtime\Cache\Home\9a0046a5461287e7155d746d3979ca03.php 第 197 行.
NOTIC: [8] Use of undefined constant fk_type - assumed 'fk_type' D:\wamp\www\tp\Application\Runtime\Cache\Home\9a0046a5461287e7155d746d3979ca03.php 第 197 行.
NOTIC: [8] Use of undefined constant fk_type - assumed 'fk_type' D:\wamp\www\tp\Application\Runtime\Cache\Home\9a0046a5461287e7155d746d3979ca03.php 第 197 行.
INFO: Run Behavior\ParseTemplateBehavior [ RunTime:0.084005s ]
INFO: [ view_parse ] --END-- [ RunTime:0.084005s ]
INFO: [ view_filter ] --START--
INFO: Run Behavior\WriteHtmlCacheBehavior [ RunTime:0.004000s ]
INFO: [ view_filter ] --END-- [ RunTime:0.004000s ]
INFO: [ app_end ] --START--
INFO: Run Behavior\ShowPageTraceBehavior [ RunTime:0.003000s ]
INFO: [ app_end ] --END-- [ RunTime:0.004000s ]

[ 2015-04-27T11:48:32+08:00 ] ::1 /tp/Fhk/scan/id/xbd65165265
INFO: [ app_init ] --START--
INFO: Run Behavior\BuildLiteBehavior [ RunTime:0.000000s ]
INFO: [ app_init ] --END-- [ RunTime:0.000000s ]
INFO: [ app_begin ] --START--
INFO: Run Behavior\ReadHtmlCacheBehavior [ RunTime:0.001000s ]
INFO: [ app_begin ] --END-- [ RunTime:0.002000s ]
SQL: SHOW COLUMNS FROM `tp_user_message` [ RunTime:0.0050s ]
SQL: SELECT COUNT(*) AS tp_count FROM `tp_user_message` WHERE ( getid=1 and status=0 ) LIMIT 1   [ RunTime:0.0000s ]
NOTIC: [8] Use of undefined constant UID - assumed 'UID' D:\wamp\www\tp\Application\Common\Common\function.php 第 21 行.
SQL: SHOW COLUMNS FROM `tp_auth_group_access` [ RunTime:0.0050s ]
SQL: SELECT `uid`,`group_id`,`title`,`rules` FROM tp_auth_group_access a INNER JOIN tp_auth_group g on a.group_id=g.id  WHERE ( a.uid='1' and g.status='1' )  [ RunTime:0.0000s ]
NOTIC: [8] Use of undefined constant UID - assumed 'UID' D:\wamp\www\tp\Application\Common\Common\function.php 第 21 行.
NOTIC: [8] Use of undefined constant UID - assumed 'UID' D:\wamp\www\tp\Application\Common\Common\function.php 第 21 行.
NOTIC: [8] Use of undefined constant UID - assumed 'UID' D:\wamp\www\tp\Application\Common\Common\function.php 第 21 行.
SQL: SHOW COLUMNS FROM `tp_fhk_client` [ RunTime:0.0050s ]
SQL: SHOW COLUMNS FROM `tp_fhk_agree` [ RunTime:0.0060s ]
SQL: SHOW COLUMNS FROM `tp_fhk_hk` [ RunTime:0.0050s ]
SQL: SHOW COLUMNS FROM `tp_fhk_receive` [ RunTime:0.0060s ]
SQL: SELECT Fhk_client.id AS id,Fhk_client.cname AS cname,Fhk_client.id_card AS id_card,Fhk_client.agree_num AS agree_num,Fhk_agree.id AS id,Fhk_agree.agree_num AS agree_num,Fhk_agree.fk_money AS fk_money,Fhk_agree.fk_type AS fk_type,Fhk_agree.limit_time AS limit_time,Fhk_agree.rate AS rate,Fhk_agree.fk_date AS fk_date,Fhk_agree.saler AS saler,Fhk_agree.hk_method AS hk_method,Fhk_agree.info AS info,Fhk_agree.status AS status,Fhk_hk.hk_date AS hk_date,Fhk_hk.hk_term AS hk_term,Fhk_hk.agree_hk AS agree_hk,Fhk_hk.agree_hb AS agree_hb,Fhk_hk.agree_hx AS agree_hx,Fhk_receive.id AS id,Fhk_receive.agree_num AS agree_num,Fhk_receive.receive_term AS receive_term,Fhk_receive.receive_num AS receive_num,Fhk_receive.tc_money AS tc_money,Fhk_receive.hk_status AS hk_status,Fhk_receive.dis_date AS dis_date,Fhk_receive.hk_detail_status AS hk_detail_status,Fhk_receive.result_money AS result_money,Fhk_receive.fac_hb AS fac_hb,Fhk_receive.fac_hx AS fac_hx,Fhk_receive.receive_date AS receive_date,Fhk_receive.hz_bj AS hz_bj,Fhk_receive.hzlx AS hzlx,Fhk_receive.tqhkqx AS tqhkqx,Fhk_receive.wyj AS wyj,Fhk_receive.fx AS fx,Fhk_receive.pre_status AS pre_status FROM tp_fhk_client Fhk_client  JOIN tp_fhk_agree Fhk_agree ON Fhk_client.agree_num=Fhk_agree.agree_num  JOIN tp_fhk_hk Fhk_hk ON Fhk_agree.agree_num=Fhk_hk.agree_num  JOIN tp_fhk_receive Fhk_receive ON Fhk_receive.agree_num=Fhk_hk.agree_num WHERE ( Fhk_agree.agree_num ="xbd65165265" and Fhk_hk.hk_term=Fhk_receive.receive_term ) GROUP BY Fhk_hk.hk_term ORDER BY Fhk_receive.id ASC  [ RunTime:0.0020s ]
SQL: SHOW COLUMNS FROM `tp_user` [ RunTime:0.0050s ]
SQL: SELECT `id`,`xingming`,`status` FROM `tp_user`  [ RunTime:0.0000s ]
SQL: SELECT `id`,`cname`,`id_card` FROM `tp_fhk_client` WHERE ( agree_num="xbd65165265" )  [ RunTime:0.0000s ]
INFO: [ view_parse ] --START--
INFO: [ template_filter ] --START--
INFO: Run Behavior\ContentReplaceBehavior [ RunTime:0.000000s ]
INFO: [ template_filter ] --END-- [ RunTime:0.000000s ]
NOTIC: [8] Use of undefined constant index - assumed 'index' D:\wamp\www\tp\Application\Runtime\Cache\Home\9a0046a5461287e7155d746d3979ca03.php 第 30 行.
NOTIC: [8] Use of undefined constant dksq - assumed 'dksq' D:\wamp\www\tp\Application\Runtime\Cache\Home\9a0046a5461287e7155d746d3979ca03.php 第 31 行.
NOTIC: [8] Use of undefined constant staff - assumed 'staff' D:\wamp\www\tp\Application\Runtime\Cache\Home\9a0046a5461287e7155d746d3979ca03.php 第 32 行.
NOTIC: [8] Use of undefined constant borrow - assumed 'borrow' D:\wamp\www\tp\Application\Runtime\Cache\Home\9a0046a5461287e7155d746d3979ca03.php 第 33 行.
NOTIC: [8] Use of undefined constant auth - assumed 'auth' D:\wamp\www\tp\Application\Runtime\Cache\Home\9a0046a5461287e7155d746d3979ca03.php 第 34 行.
NOTIC: [8] Use of undefined constant fhk - assumed 'fhk' D:\wamp\www\tp\Application\Runtime\Cache\Home\9a0046a5461287e7155d746d3979ca03.php 第 35 行.
NOTIC: [8] Use of undefined constant index - assumed 'index' D:\wamp\www\tp\Application\Runtime\Cache\Home\9a0046a5461287e7155d746d3979ca03.php 第 79 行.
NOTIC: [8] Use of undefined constant staff - assumed 'staff' D:\wamp\www\tp\Application\Runtime\Cache\Home\9a0046a5461287e7155d746d3979ca03.php 第 82 行.
NOTIC: [8] Use of undefined constant dksq - assumed 'dksq' D:\wamp\www\tp\Application\Runtime\Cache\Home\9a0046a5461287e7155d746d3979ca03.php 第 90 行.
NOTIC: [8] Use of undefined constant borrow - assumed 'borrow' D:\wamp\www\tp\Application\Runtime\Cache\Home\9a0046a5461287e7155d746d3979ca03.php 第 103 行.
NOTIC: [8] Use of undefined constant auth - assumed 'auth' D:\wamp\www\tp\Application\Runtime\Cache\Home\9a0046a5461287e7155d746d3979ca03.php 第 115 行.
NOTIC: [8] Use of undefined constant fhk - assumed 'fhk' D:\wamp\www\tp\Application\Runtime\Cache\Home\9a0046a5461287e7155d746d3979ca03.php 第 123 行.
NOTIC: [8] Use of undefined constant index - assumed 'index' D:\wamp\www\tp\Application\Runtime\Cache\Home\9a0046a5461287e7155d746d3979ca03.php 第 125 行.
NOTIC: [8] Use of undefined constant clientView - assumed 'clientView' D:\wamp\www\tp\Application\Runtime\Cache\Home\9a0046a5461287e7155d746d3979ca03.php 第 126 行.
NOTIC: [8] Use of undefined constant DsList - assumed 'DsList' D:\wamp\www\tp\Application\Runtime\Cache\Home\9a0046a5461287e7155d746d3979ca03.php 第 127 行.
NOTIC: [8] Use of undefined constant YsList - assumed 'YsList' D:\wamp\www\tp\Application\Runtime\Cache\Home\9a0046a5461287e7155d746d3979ca03.php 第 128 行.
NOTIC: [8] Use of undefined constant AlreadyList - assumed 'AlreadyList' D:\wamp\www\tp\Application\Runtime\Cache\Home\9a0046a5461287e7155d746d3979ca03.php 第 129 行.
NOTIC: [8] Use of undefined constant TcList - assumed 'TcList' D:\wamp\www\tp\Application\Runtime\Cache\Home\9a0046a5461287e7155d746d3979ca03.php 第 130 行.
NOTIC: [8] Use of undefined constant pre - assumed 'pre' D:\wamp\www\tp\Application\Runtime\Cache\Home\9a0046a5461287e7155d746d3979ca03.php 第 131 行.
NOTIC: [8] Undefined variable: isModify D:\wamp\www\tp\Application\Runtime\Cache\Home\9a0046a5461287e7155d746d3979ca03.php 第 155 行.
NOTIC: [8] Use of undefined constant fk_type - assumed 'fk_type' D:\wamp\www\tp\Application\Runtime\Cache\Home\9a0046a5461287e7155d746d3979ca03.php 第 157 行.
NOTIC: [8] Use of undefined constant fk_type - assumed 'fk_type' D:\wamp\www\tp\Application\Runtime\Cache\Home\9a0046a5461287e7155d746d3979ca03.php 第 197 行.
NOTIC: [8] Use of undefined constant fk_type - assumed 'fk_type' D:\wamp\www\tp\Application\Runtime\Cache\Home\9a0046a5461287e7155d746d3979ca03.php 第 197 行.
NOTIC: [8] Use of undefined constant fk_type - assumed 'fk_type' D:\wamp\www\tp\Application\Runtime\Cache\Home\9a0046a5461287e7155d746d3979ca03.php 第 197 行.
NOTIC: [8] Use of undefined constant fk_type - assumed 'fk_type' D:\wamp\www\tp\Application\Runtime\Cache\Home\9a0046a5461287e7155d746d3979ca03.php 第 197 行.
INFO: Run Behavior\ParseTemplateBehavior [ RunTime:0.127007s ]
INFO: [ view_parse ] --END-- [ RunTime:0.127007s ]
INFO: [ view_filter ] --START--
INFO: Run Behavior\WriteHtmlCacheBehavior [ RunTime:0.001000s ]
INFO: [ view_filter ] --END-- [ RunTime:0.002000s ]
INFO: [ app_end ] --START--
INFO: Run Behavior\ShowPageTraceBehavior [ RunTime:0.002000s ]
INFO: [ app_end ] --END-- [ RunTime:0.005000s ]

[ 2015-04-27T12:12:19+08:00 ] ::1 /tp/
INFO: [ app_init ] --START--
INFO: Run Behavior\BuildLiteBehavior [ RunTime:0.000000s ]
INFO: [ app_init ] --END-- [ RunTime:0.001000s ]
INFO: [ app_begin ] --START--
INFO: Run Behavior\ReadHtmlCacheBehavior [ RunTime:0.001000s ]
INFO: [ app_begin ] --END-- [ RunTime:0.001000s ]

[ 2015-04-27T12:12:19+08:00 ] ::1 /tp/Index/index.html
INFO: [ app_init ] --START--
INFO: Run Behavior\BuildLiteBehavior [ RunTime:0.000000s ]
INFO: [ app_init ] --END-- [ RunTime:0.001000s ]
INFO: [ app_begin ] --START--
INFO: Run Behavior\ReadHtmlCacheBehavior [ RunTime:0.001000s ]
INFO: [ app_begin ] --END-- [ RunTime:0.001000s ]
INFO: [ view_parse ] --START--
INFO: [ template_filter ] --START--
INFO: Run Behavior\ContentReplaceBehavior [ RunTime:0.000000s ]
INFO: [ template_filter ] --END-- [ RunTime:0.001000s ]
NOTIC: [8] Use of undefined constant index - assumed 'index' D:\wamp\www\tp\Application\Runtime\Cache\Home\0d6509e863112dc5821b22ecb897e16e.php 第 30 行.
NOTIC: [8] Undefined variable: daohang D:\wamp\www\tp\Application\Runtime\Cache\Home\0d6509e863112dc5821b22ecb897e16e.php 第 30 行.
NOTIC: [8] Use of undefined constant dksq - assumed 'dksq' D:\wamp\www\tp\Application\Runtime\Cache\Home\0d6509e863112dc5821b22ecb897e16e.php 第 31 行.
NOTIC: [8] Undefined variable: daohang D:\wamp\www\tp\Application\Runtime\Cache\Home\0d6509e863112dc5821b22ecb897e16e.php 第 31 行.
NOTIC: [8] Use of undefined constant staff - assumed 'staff' D:\wamp\www\tp\Application\Runtime\Cache\Home\0d6509e863112dc5821b22ecb897e16e.php 第 32 行.
NOTIC: [8] Undefined variable: daohang D:\wamp\www\tp\Application\Runtime\Cache\Home\0d6509e863112dc5821b22ecb897e16e.php 第 32 行.
NOTIC: [8] Use of undefined constant borrow - assumed 'borrow' D:\wamp\www\tp\Application\Runtime\Cache\Home\0d6509e863112dc5821b22ecb897e16e.php 第 33 行.
NOTIC: [8] Undefined variable: daohang D:\wamp\www\tp\Application\Runtime\Cache\Home\0d6509e863112dc5821b22ecb897e16e.php 第 33 行.
NOTIC: [8] Use of undefined constant auth - assumed 'auth' D:\wamp\www\tp\Application\Runtime\Cache\Home\0d6509e863112dc5821b22ecb897e16e.php 第 34 行.
NOTIC: [8] Undefined variable: daohang D:\wamp\www\tp\Application\Runtime\Cache\Home\0d6509e863112dc5821b22ecb897e16e.php 第 34 行.
NOTIC: [8] Use of undefined constant fhk - assumed 'fhk' D:\wamp\www\tp\Application\Runtime\Cache\Home\0d6509e863112dc5821b22ecb897e16e.php 第 35 行.
NOTIC: [8] Undefined variable: daohang D:\wamp\www\tp\Application\Runtime\Cache\Home\0d6509e863112dc5821b22ecb897e16e.php 第 35 行.
NOTIC: [8] Undefined variable: user D:\wamp\www\tp\Application\Runtime\Cache\Home\0d6509e863112dc5821b22ecb897e16e.php 第 41 行.
NOTIC: [8] Undefined variable: MessageCount D:\wamp\www\tp\Application\Runtime\Cache\Home\0d6509e863112dc5821b22ecb897e16e.php 第 52 行.
NOTIC: [8] Undefined variable: MessageCount D:\wamp\www\tp\Application\Runtime\Cache\Home\0d6509e863112dc5821b22ecb897e16e.php 第 57 行.
NOTIC: [8] Use of undefined constant index - assumed 'index' D:\wamp\www\tp\Application\Runtime\Cache\Home\0d6509e863112dc5821b22ecb897e16e.php 第 79 行.
NOTIC: [8] Undefined variable: daohang D:\wamp\www\tp\Application\Runtime\Cache\Home\0d6509e863112dc5821b22ecb897e16e.php 第 79 行.
NOTIC: [8] Use of undefined constant staff - assumed 'staff' D:\wamp\www\tp\Application\Runtime\Cache\Home\0d6509e863112dc5821b22ecb897e16e.php 第 82 行.
NOTIC: [8] Undefined variable: daohang D:\wamp\www\tp\Application\Runtime\Cache\Home\0d6509e863112dc5821b22ecb897e16e.php 第 82 行.
NOTIC: [8] Use of undefined constant dksq - assumed 'dksq' D:\wamp\www\tp\Application\Runtime\Cache\Home\0d6509e863112dc5821b22ecb897e16e.php 第 90 行.
NOTIC: [8] Undefined variable: daohang D:\wamp\www\tp\Application\Runtime\Cache\Home\0d6509e863112dc5821b22ecb897e16e.php 第 90 行.
NOTIC: [8] Use of undefined constant borrow - assumed 'borrow' D:\wamp\www\tp\Application\Runtime\Cache\Home\0d6509e863112dc5821b22ecb897e16e.php 第 103 行.
NOTIC: [8] Undefined variable: daohang D:\wamp\www\tp\Application\Runtime\Cache\Home\0d6509e863112dc5821b22ecb897e16e.php 第 103 行.
NOTIC: [8] Use of undefined constant auth - assumed 'auth' D:\wamp\www\tp\Application\Runtime\Cache\Home\0d6509e863112dc5821b22ecb897e16e.php 第 115 行.
NOTIC: [8] Undefined variable: daohang D:\wamp\www\tp\Application\Runtime\Cache\Home\0d6509e863112dc5821b22ecb897e16e.php 第 115 行.
NOTIC: [8] Use of undefined constant fhk - assumed 'fhk' D:\wamp\www\tp\Application\Runtime\Cache\Home\0d6509e863112dc5821b22ecb897e16e.php 第 123 行.
NOTIC: [8] Undefined variable: daohang D:\wamp\www\tp\Application\Runtime\Cache\Home\0d6509e863112dc5821b22ecb897e16e.php 第 123 行.
NOTIC: [8] Use of undefined constant Message - assumed 'Message' D:\wamp\www\tp\Application\Runtime\Cache\Home\0d6509e863112dc5821b22ecb897e16e.php 第 135 行.
NOTIC: [8] Undefined variable: daohang D:\wamp\www\tp\Application\Runtime\Cache\Home\0d6509e863112dc5821b22ecb897e16e.php 第 135 行.
INFO: Run Behavior\ParseTemplateBehavior [ RunTime:0.049003s ]
INFO: [ view_parse ] --END-- [ RunTime:0.050003s ]
INFO: [ view_filter ] --START--
INFO: Run Behavior\WriteHtmlCacheBehavior [ RunTime:0.000000s ]
INFO: [ view_filter ] --END-- [ RunTime:0.001000s ]
INFO: [ app_end ] --START--
INFO: Run Behavior\ShowPageTraceBehavior [ RunTime:0.001000s ]
INFO: [ app_end ] --END-- [ RunTime:0.001000s ]

[ 2015-04-27T12:12:24+08:00 ] ::1 /tp/Fhk/index.html
INFO: [ app_init ] --START--
INFO: Run Behavior\BuildLiteBehavior [ RunTime:0.000000s ]
INFO: [ app_init ] --END-- [ RunTime:0.000000s ]
INFO: [ app_begin ] --START--
INFO: Run Behavior\ReadHtmlCacheBehavior [ RunTime:0.001000s ]
INFO: [ app_begin ] --END-- [ RunTime:0.003000s ]
SQL: SHOW COLUMNS FROM `tp_user_message` [ RunTime:0.0060s ]
SQL: SELECT COUNT(*) AS tp_count FROM `tp_user_message` WHERE ( getid=1 and status=0 ) LIMIT 1   [ RunTime:0.0000s ]
NOTIC: [8] Use of undefined constant UID - assumed 'UID' D:\wamp\www\tp\Application\Common\Common\function.php 第 21 行.
SQL: SHOW COLUMNS FROM `tp_auth_group_access` [ RunTime:0.0050s ]
SQL: SELECT `uid`,`group_id`,`title`,`rules` FROM tp_auth_group_access a INNER JOIN tp_auth_group g on a.group_id=g.id  WHERE ( a.uid='1' and g.status='1' )  [ RunTime:0.0000s ]
NOTIC: [8] Use of undefined constant UID - assumed 'UID' D:\wamp\www\tp\Application\Common\Common\function.php 第 21 行.
NOTIC: [8] Use of undefined constant UID - assumed 'UID' D:\wamp\www\tp\Application\Common\Common\function.php 第 21 行.
NOTIC: [8] Use of undefined constant UID - assumed 'UID' D:\wamp\www\tp\Application\Common\Common\function.php 第 21 行.
SQL: SHOW COLUMNS FROM `tp_user` [ RunTime:0.0050s ]
SQL: SELECT `id`,`xingming` FROM `tp_user`  [ RunTime:0.0000s ]
SQL: SHOW COLUMNS FROM `tp_fhk_client` [ RunTime:0.0050s ]
SQL: SHOW COLUMNS FROM `tp_fhk_agree` [ RunTime:0.0060s ]
SQL: SELECT COUNT(*) AS tp_count FROM tp_fhk_client Fhk_client  JOIN tp_fhk_agree Fhk_agree ON Fhk_client.agree_num=Fhk_agree.agree_num LIMIT 1   [ RunTime:0.0000s ]
NOTIC: [8] Undefined variable: search D:\wamp\www\tp\Application\Home\Controller\FhkController.class.php 第 72 行.
SQL: SELECT Fhk_client.id AS id,Fhk_client.cname AS cname,Fhk_client.id_card AS id_card,Fhk_client.agree_num AS agree_num,Fhk_agree.id AS id,Fhk_agree.agree_num AS agree_num,Fhk_agree.fk_money AS fk_money,Fhk_agree.fk_type AS fk_type,Fhk_agree.limit_time AS limit_time,Fhk_agree.rate AS rate,Fhk_agree.fk_date AS fk_date,Fhk_agree.saler AS saler,Fhk_agree.hk_method AS hk_method,Fhk_agree.info AS info,Fhk_agree.status AS status FROM tp_fhk_client Fhk_client  JOIN tp_fhk_agree Fhk_agree ON Fhk_client.agree_num=Fhk_agree.agree_num ORDER BY Fhk_client.agree_num desc LIMIT 0,10   [ RunTime:0.0000s ]
SQL: SELECT Fhk_client.id AS id,Fhk_client.cname AS cname,Fhk_client.id_card AS id_card,Fhk_client.agree_num AS agree_num,Fhk_agree.id AS id,Fhk_agree.agree_num AS agree_num,Fhk_agree.fk_money AS fk_money,Fhk_agree.fk_type AS fk_type,Fhk_agree.limit_time AS limit_time,Fhk_agree.rate AS rate,Fhk_agree.fk_date AS fk_date,Fhk_agree.saler AS saler,Fhk_agree.hk_method AS hk_method,Fhk_agree.info AS info,Fhk_agree.status AS status FROM tp_fhk_client Fhk_client  JOIN tp_fhk_agree Fhk_agree ON Fhk_client.agree_num=Fhk_agree.agree_num  [ RunTime:0.0000s ]
INFO: [ view_parse ] --START--
INFO: [ template_filter ] --START--
INFO: Run Behavior\ContentReplaceBehavior [ RunTime:0.000000s ]
INFO: [ template_filter ] --END-- [ RunTime:0.000000s ]
NOTIC: [8] Use of undefined constant index - assumed 'index' D:\wamp\www\tp\Application\Runtime\Cache\Home\90fdf413e2bc55922994a4fa369f3bbb.php 第 30 行.
NOTIC: [8] Use of undefined constant dksq - assumed 'dksq' D:\wamp\www\tp\Application\Runtime\Cache\Home\90fdf413e2bc55922994a4fa369f3bbb.php 第 31 行.
NOTIC: [8] Use of undefined constant staff - assumed 'staff' D:\wamp\www\tp\Application\Runtime\Cache\Home\90fdf413e2bc55922994a4fa369f3bbb.php 第 32 行.
NOTIC: [8] Use of undefined constant borrow - assumed 'borrow' D:\wamp\www\tp\Application\Runtime\Cache\Home\90fdf413e2bc55922994a4fa369f3bbb.php 第 33 行.
NOTIC: [8] Use of undefined constant auth - assumed 'auth' D:\wamp\www\tp\Application\Runtime\Cache\Home\90fdf413e2bc55922994a4fa369f3bbb.php 第 34 行.
NOTIC: [8] Use of undefined constant fhk - assumed 'fhk' D:\wamp\www\tp\Application\Runtime\Cache\Home\90fdf413e2bc55922994a4fa369f3bbb.php 第 35 行.
NOTIC: [8] Use of undefined constant index - assumed 'index' D:\wamp\www\tp\Application\Runtime\Cache\Home\90fdf413e2bc55922994a4fa369f3bbb.php 第 79 行.
NOTIC: [8] Use of undefined constant staff - assumed 'staff' D:\wamp\www\tp\Application\Runtime\Cache\Home\90fdf413e2bc55922994a4fa369f3bbb.php 第 82 行.
NOTIC: [8] Use of undefined constant dksq - assumed 'dksq' D:\wamp\www\tp\Application\Runtime\Cache\Home\90fdf413e2bc55922994a4fa369f3bbb.php 第 90 行.
NOTIC: [8] Use of undefined constant borrow - assumed 'borrow' D:\wamp\www\tp\Application\Runtime\Cache\Home\90fdf413e2bc55922994a4fa369f3bbb.php 第 103 行.
NOTIC: [8] Use of undefined constant auth - assumed 'auth' D:\wamp\www\tp\Application\Runtime\Cache\Home\90fdf413e2bc55922994a4fa369f3bbb.php 第 115 行.
NOTIC: [8] Use of undefined constant fhk - assumed 'fhk' D:\wamp\www\tp\Application\Runtime\Cache\Home\90fdf413e2bc55922994a4fa369f3bbb.php 第 123 行.
NOTIC: [8] Use of undefined constant index - assumed 'index' D:\wamp\www\tp\Application\Runtime\Cache\Home\90fdf413e2bc55922994a4fa369f3bbb.php 第 125 行.
NOTIC: [8] Use of undefined constant clientView - assumed 'clientView' D:\wamp\www\tp\Application\Runtime\Cache\Home\90fdf413e2bc55922994a4fa369f3bbb.php 第 126 行.
NOTIC: [8] Use of undefined constant DsList - assumed 'DsList' D:\wamp\www\tp\Application\Runtime\Cache\Home\90fdf413e2bc55922994a4fa369f3bbb.php 第 127 行.
NOTIC: [8] Use of undefined constant YsList - assumed 'YsList' D:\wamp\www\tp\Application\Runtime\Cache\Home\90fdf413e2bc55922994a4fa369f3bbb.php 第 128 行.
NOTIC: [8] Use of undefined constant AlreadyList - assumed 'AlreadyList' D:\wamp\www\tp\Application\Runtime\Cache\Home\90fdf413e2bc55922994a4fa369f3bbb.php 第 129 行.
NOTIC: [8] Use of undefined constant TcList - assumed 'TcList' D:\wamp\www\tp\Application\Runtime\Cache\Home\90fdf413e2bc55922994a4fa369f3bbb.php 第 130 行.
NOTIC: [8] Use of undefined constant pre - assumed 'pre' D:\wamp\www\tp\Application\Runtime\Cache\Home\90fdf413e2bc55922994a4fa369f3bbb.php 第 131 行.
INFO: Run Behavior\ParseTemplateBehavior [ RunTime:0.052003s ]
INFO: [ view_parse ] --END-- [ RunTime:0.052003s ]
INFO: [ view_filter ] --START--
INFO: Run Behavior\WriteHtmlCacheBehavior [ RunTime:0.001000s ]
INFO: [ view_filter ] --END-- [ RunTime:0.001000s ]
INFO: [ app_end ] --START--
INFO: Run Behavior\ShowPageTraceBehavior [ RunTime:0.001000s ]
INFO: [ app_end ] --END-- [ RunTime:0.001000s ]

[ 2015-04-27T12:12:27+08:00 ] ::1 /tp/Index/index.html
INFO: [ app_init ] --START--
INFO: Run Behavior\BuildLiteBehavior [ RunTime:0.000000s ]
INFO: [ app_init ] --END-- [ RunTime:0.001000s ]
INFO: [ app_begin ] --START--
INFO: Run Behavior\ReadHtmlCacheBehavior [ RunTime:0.001000s ]
INFO: [ app_begin ] --END-- [ RunTime:0.002000s ]
INFO: [ view_parse ] --START--
INFO: [ template_filter ] --START--
INFO: Run Behavior\ContentReplaceBehavior [ RunTime:0.000000s ]
INFO: [ template_filter ] --END-- [ RunTime:0.000000s ]
NOTIC: [8] Use of undefined constant index - assumed 'index' D:\wamp\www\tp\Application\Runtime\Cache\Home\0d6509e863112dc5821b22ecb897e16e.php 第 30 行.
NOTIC: [8] Undefined variable: daohang D:\wamp\www\tp\Application\Runtime\Cache\Home\0d6509e863112dc5821b22ecb897e16e.php 第 30 行.
NOTIC: [8] Use of undefined constant dksq - assumed 'dksq' D:\wamp\www\tp\Application\Runtime\Cache\Home\0d6509e863112dc5821b22ecb897e16e.php 第 31 行.
NOTIC: [8] Undefined variable: daohang D:\wamp\www\tp\Application\Runtime\Cache\Home\0d6509e863112dc5821b22ecb897e16e.php 第 31 行.
NOTIC: [8] Use of undefined constant staff - assumed 'staff' D:\wamp\www\tp\Application\Runtime\Cache\Home\0d6509e863112dc5821b22ecb897e16e.php 第 32 行.
NOTIC: [8] Undefined variable: daohang D:\wamp\www\tp\Application\Runtime\Cache\Home\0d6509e863112dc5821b22ecb897e16e.php 第 32 行.
NOTIC: [8] Use of undefined constant borrow - assumed 'borrow' D:\wamp\www\tp\Application\Runtime\Cache\Home\0d6509e863112dc5821b22ecb897e16e.php 第 33 行.
NOTIC: [8] Undefined variable: daohang D:\wamp\www\tp\Application\Runtime\Cache\Home\0d6509e863112dc5821b22ecb897e16e.php 第 33 行.
NOTIC: [8] Use of undefined constant auth - assumed 'auth' D:\wamp\www\tp\Application\Runtime\Cache\Home\0d6509e863112dc5821b22ecb897e16e.php 第 34 行.
NOTIC: [8] Undefined variable: daohang D:\wamp\www\tp\Application\Runtime\Cache\Home\0d6509e863112dc5821b22ecb897e16e.php 第 34 行.
NOTIC: [8] Use of undefined constant fhk - assumed 'fhk' D:\wamp\www\tp\Application\Runtime\Cache\Home\0d6509e863112dc5821b22ecb897e16e.php 第 35 行.
NOTIC: [8] Undefined variable: daohang D:\wamp\www\tp\Application\Runtime\Cache\Home\0d6509e863112dc5821b22ecb897e16e.php 第 35 行.
NOTIC: [8] Undefined variable: user D:\wamp\www\tp\Application\Runtime\Cache\Home\0d6509e863112dc5821b22ecb897e16e.php 第 41 行.
NOTIC: [8] Undefined variable: MessageCount D:\wamp\www\tp\Application\Runtime\Cache\Home\0d6509e863112dc5821b22ecb897e16e.php 第 52 行.
NOTIC: [8] Undefined variable: MessageCount D:\wamp\www\tp\Application\Runtime\Cache\Home\0d6509e863112dc5821b22ecb897e16e.php 第 57 行.
NOTIC: [8] Use of undefined constant index - assumed 'index' D:\wamp\www\tp\Application\Runtime\Cache\Home\0d6509e863112dc5821b22ecb897e16e.php 第 79 行.
NOTIC: [8] Undefined variable: daohang D:\wamp\www\tp\Application\Runtime\Cache\Home\0d6509e863112dc5821b22ecb897e16e.php 第 79 行.
NOTIC: [8] Use of undefined constant staff - assumed 'staff' D:\wamp\www\tp\Application\Runtime\Cache\Home\0d6509e863112dc5821b22ecb897e16e.php 第 82 行.
NOTIC: [8] Undefined variable: daohang D:\wamp\www\tp\Application\Runtime\Cache\Home\0d6509e863112dc5821b22ecb897e16e.php 第 82 行.
NOTIC: [8] Use of undefined constant dksq - assumed 'dksq' D:\wamp\www\tp\Application\Runtime\Cache\Home\0d6509e863112dc5821b22ecb897e16e.php 第 90 行.
NOTIC: [8] Undefined variable: daohang D:\wamp\www\tp\Application\Runtime\Cache\Home\0d6509e863112dc5821b22ecb897e16e.php 第 90 行.
NOTIC: [8] Use of undefined constant borrow - assumed 'borrow' D:\wamp\www\tp\Application\Runtime\Cache\Home\0d6509e863112dc5821b22ecb897e16e.php 第 103 行.
NOTIC: [8] Undefined variable: daohang D:\wamp\www\tp\Application\Runtime\Cache\Home\0d6509e863112dc5821b22ecb897e16e.php 第 103 行.
NOTIC: [8] Use of undefined constant auth - assumed 'auth' D:\wamp\www\tp\Application\Runtime\Cache\Home\0d6509e863112dc5821b22ecb897e16e.php 第 115 行.
NOTIC: [8] Undefined variable: daohang D:\wamp\www\tp\Application\Runtime\Cache\Home\0d6509e863112dc5821b22ecb897e16e.php 第 115 行.
NOTIC: [8] Use of undefined constant fhk - assumed 'fhk' D:\wamp\www\tp\Application\Runtime\Cache\Home\0d6509e863112dc5821b22ecb897e16e.php 第 123 行.
NOTIC: [8] Undefined variable: daohang D:\wamp\www\tp\Application\Runtime\Cache\Home\0d6509e863112dc5821b22ecb897e16e.php 第 123 行.
NOTIC: [8] Use of undefined constant Message - assumed 'Message' D:\wamp\www\tp\Application\Runtime\Cache\Home\0d6509e863112dc5821b22ecb897e16e.php 第 135 行.
NOTIC: [8] Undefined variable: daohang D:\wamp\www\tp\Application\Runtime\Cache\Home\0d6509e863112dc5821b22ecb897e16e.php 第 135 行.
INFO: Run Behavior\ParseTemplateBehavior [ RunTime:0.033002s ]
INFO: [ view_parse ] --END-- [ RunTime:0.033002s ]
INFO: [ view_filter ] --START--
INFO: Run Behavior\WriteHtmlCacheBehavior [ RunTime:0.001000s ]
INFO: [ view_filter ] --END-- [ RunTime:0.001000s ]
INFO: [ app_end ] --START--
INFO: Run Behavior\ShowPageTraceBehavior [ RunTime:0.001000s ]
INFO: [ app_end ] --END-- [ RunTime:0.001000s ]

[ 2015-04-27T12:12:28+08:00 ] ::1 /tp/Staff/index.html
INFO: [ app_init ] --START--
INFO: Run Behavior\BuildLiteBehavior [ RunTime:0.000000s ]
INFO: [ app_init ] --END-- [ RunTime:0.001000s ]
INFO: [ app_begin ] --START--
INFO: Run Behavior\ReadHtmlCacheBehavior [ RunTime:0.001001s ]
INFO: [ app_begin ] --END-- [ RunTime:0.001001s ]
NOTIC: [8] Use of undefined constant UID - assumed 'UID' D:\wamp\www\tp\Application\Common\Common\function.php 第 21 行.
SQL: SHOW COLUMNS FROM `tp_auth_group_access` [ RunTime:0.0050s ]
SQL: SELECT `uid`,`group_id`,`title`,`rules` FROM tp_auth_group_access a INNER JOIN tp_auth_group g on a.group_id=g.id  WHERE ( a.uid='1' and g.status='1' )  [ RunTime:0.0010s ]
NOTIC: [8] Use of undefined constant UID - assumed 'UID' D:\wamp\www\tp\Application\Common\Common\function.php 第 21 行.
SQL: SHOW COLUMNS FROM `tp_user_message` [ RunTime:0.0050s ]
SQL: SELECT COUNT(*) AS tp_count FROM `tp_user_message` WHERE ( getid=1 and status=0 ) LIMIT 1   [ RunTime:0.0000s ]
SQL: SHOW COLUMNS FROM `tp_user` [ RunTime:0.0050s ]
SQL: SELECT COUNT(*) AS tp_count FROM `tp_user` WHERE ( id!=1 ) LIMIT 1   [ RunTime:0.0160s ]
SQL: SELECT * FROM `tp_user` WHERE ( id!=1 ) ORDER BY bumeng LIMIT 0,13   [ RunTime:0.0010s ]
INFO: [ view_parse ] --START--
INFO: [ template_filter ] --START--
INFO: Run Behavior\ContentReplaceBehavior [ RunTime:0.000000s ]
INFO: [ template_filter ] --END-- [ RunTime:0.000000s ]
NOTIC: [8] Use of undefined constant index - assumed 'index' D:\wamp\www\tp\Application\Runtime\Cache\Home\0a3f8630f5875a1356a304234e809867.php 第 30 行.
NOTIC: [8] Use of undefined constant dksq - assumed 'dksq' D:\wamp\www\tp\Application\Runtime\Cache\Home\0a3f8630f5875a1356a304234e809867.php 第 31 行.
NOTIC: [8] Use of undefined constant staff - assumed 'staff' D:\wamp\www\tp\Application\Runtime\Cache\Home\0a3f8630f5875a1356a304234e809867.php 第 32 行.
NOTIC: [8] Use of undefined constant borrow - assumed 'borrow' D:\wamp\www\tp\Application\Runtime\Cache\Home\0a3f8630f5875a1356a304234e809867.php 第 33 行.
NOTIC: [8] Use of undefined constant auth - assumed 'auth' D:\wamp\www\tp\Application\Runtime\Cache\Home\0a3f8630f5875a1356a304234e809867.php 第 34 行.
NOTIC: [8] Use of undefined constant fhk - assumed 'fhk' D:\wamp\www\tp\Application\Runtime\Cache\Home\0a3f8630f5875a1356a304234e809867.php 第 35 行.
NOTIC: [8] Use of undefined constant index - assumed 'index' D:\wamp\www\tp\Application\Runtime\Cache\Home\0a3f8630f5875a1356a304234e809867.php 第 79 行.
NOTIC: [8] Use of undefined constant staff - assumed 'staff' D:\wamp\www\tp\Application\Runtime\Cache\Home\0a3f8630f5875a1356a304234e809867.php 第 82 行.
NOTIC: [8] Use of undefined constant staff_index - assumed 'staff_index' D:\wamp\www\tp\Application\Runtime\Cache\Home\0a3f8630f5875a1356a304234e809867.php 第 84 行.
NOTIC: [8] Use of undefined constant staff_ulog - assumed 'staff_ulog' D:\wamp\www\tp\Application\Runtime\Cache\Home\0a3f8630f5875a1356a304234e809867.php 第 87 行.
INFO: Run Behavior\ParseTemplateBehavior [ RunTime:0.052003s ]
INFO: [ view_parse ] --END-- [ RunTime:0.053003s ]
INFO: [ view_filter ] --START--
INFO: Run Behavior\WriteHtmlCacheBehavior [ RunTime:0.001000s ]
INFO: [ view_filter ] --END-- [ RunTime:0.001000s ]
INFO: [ app_end ] --START--
INFO: Run Behavior\ShowPageTraceBehavior [ RunTime:0.002000s ]
INFO: [ app_end ] --END-- [ RunTime:0.003000s ]

[ 2015-04-27T12:12:32+08:00 ] ::1 /tp/Staff/index.html
INFO: [ app_init ] --START--
INFO: Run Behavior\BuildLiteBehavior [ RunTime:0.000000s ]
INFO: [ app_init ] --END-- [ RunTime:0.001000s ]
INFO: [ app_begin ] --START--
INFO: Run Behavior\ReadHtmlCacheBehavior [ RunTime:0.001000s ]
INFO: [ app_begin ] --END-- [ RunTime:0.001000s ]
NOTIC: [8] Use of undefined constant UID - assumed 'UID' D:\wamp\www\tp\Application\Common\Common\function.php 第 21 行.
SQL: SHOW COLUMNS FROM `tp_auth_group_access` [ RunTime:0.0050s ]
SQL: SELECT `uid`,`group_id`,`title`,`rules` FROM tp_auth_group_access a INNER JOIN tp_auth_group g on a.group_id=g.id  WHERE ( a.uid='1' and g.status='1' )  [ RunTime:0.0000s ]
NOTIC: [8] Use of undefined constant UID - assumed 'UID' D:\wamp\www\tp\Application\Common\Common\function.php 第 21 行.
SQL: SHOW COLUMNS FROM `tp_user_message` [ RunTime:0.0050s ]
SQL: SELECT COUNT(*) AS tp_count FROM `tp_user_message` WHERE ( getid=1 and status=0 ) LIMIT 1   [ RunTime:0.0000s ]
SQL: SHOW COLUMNS FROM `tp_user` [ RunTime:0.0050s ]
SQL: SELECT COUNT(*) AS tp_count FROM `tp_user` WHERE ( id!=1 ) LIMIT 1   [ RunTime:0.0000s ]
SQL: SELECT * FROM `tp_user` WHERE ( id!=1 ) ORDER BY bumeng LIMIT 0,13   [ RunTime:0.0010s ]
INFO: [ view_parse ] --START--
INFO: [ template_filter ] --START--
INFO: Run Behavior\ContentReplaceBehavior [ RunTime:0.000000s ]
INFO: [ template_filter ] --END-- [ RunTime:0.000000s ]
NOTIC: [8] Use of undefined constant index - assumed 'index' D:\wamp\www\tp\Application\Runtime\Cache\Home\0a3f8630f5875a1356a304234e809867.php 第 30 行.
NOTIC: [8] Use of undefined constant dksq - assumed 'dksq' D:\wamp\www\tp\Application\Runtime\Cache\Home\0a3f8630f5875a1356a304234e809867.php 第 31 行.
NOTIC: [8] Use of undefined constant staff - assumed 'staff' D:\wamp\www\tp\Application\Runtime\Cache\Home\0a3f8630f5875a1356a304234e809867.php 第 32 行.
NOTIC: [8] Use of undefined constant borrow - assumed 'borrow' D:\wamp\www\tp\Application\Runtime\Cache\Home\0a3f8630f5875a1356a304234e809867.php 第 33 行.
NOTIC: [8] Use of undefined constant auth - assumed 'auth' D:\wamp\www\tp\Application\Runtime\Cache\Home\0a3f8630f5875a1356a304234e809867.php 第 34 行.
NOTIC: [8] Use of undefined constant fhk - assumed 'fhk' D:\wamp\www\tp\Application\Runtime\Cache\Home\0a3f8630f5875a1356a304234e809867.php 第 35 行.
NOTIC: [8] Use of undefined constant index - assumed 'index' D:\wamp\www\tp\Application\Runtime\Cache\Home\0a3f8630f5875a1356a304234e809867.php 第 79 行.
NOTIC: [8] Use of undefined constant staff - assumed 'staff' D:\wamp\www\tp\Application\Runtime\Cache\Home\0a3f8630f5875a1356a304234e809867.php 第 82 行.
NOTIC: [8] Use of undefined constant staff_index - assumed 'staff_index' D:\wamp\www\tp\Application\Runtime\Cache\Home\0a3f8630f5875a1356a304234e809867.php 第 84 行.
NOTIC: [8] Use of undefined constant staff_ulog - assumed 'staff_ulog' D:\wamp\www\tp\Application\Runtime\Cache\Home\0a3f8630f5875a1356a304234e809867.php 第 87 行.
INFO: Run Behavior\ParseTemplateBehavior [ RunTime:0.052003s ]
INFO: [ view_parse ] --END-- [ RunTime:0.052003s ]
INFO: [ view_filter ] --START--
INFO: Run Behavior\WriteHtmlCacheBehavior [ RunTime:0.001000s ]
INFO: [ view_filter ] --END-- [ RunTime:0.001000s ]
INFO: [ app_end ] --START--
INFO: Run Behavior\ShowPageTraceBehavior [ RunTime:0.007000s ]
INFO: [ app_end ] --END-- [ RunTime:0.007000s ]

[ 2015-04-27T12:12:36+08:00 ] ::1 /tp/Staff/index.html
INFO: [ app_init ] --START--
INFO: Run Behavior\BuildLiteBehavior [ RunTime:0.001000s ]
INFO: [ app_init ] --END-- [ RunTime:0.002000s ]
INFO: [ app_begin ] --START--
INFO: Run Behavior\ReadHtmlCacheBehavior [ RunTime:0.001000s ]
INFO: [ app_begin ] --END-- [ RunTime:0.001000s ]
NOTIC: [8] Use of undefined constant UID - assumed 'UID' D:\wamp\www\tp\Application\Common\Common\function.php 第 21 行.
SQL: SHOW COLUMNS FROM `tp_auth_group_access` [ RunTime:0.0050s ]
SQL: SELECT `uid`,`group_id`,`title`,`rules` FROM tp_auth_group_access a INNER JOIN tp_auth_group g on a.group_id=g.id  WHERE ( a.uid='1' and g.status='1' )  [ RunTime:0.0000s ]
NOTIC: [8] Use of undefined constant UID - assumed 'UID' D:\wamp\www\tp\Application\Common\Common\function.php 第 21 行.
SQL: SHOW COLUMNS FROM `tp_user_message` [ RunTime:0.0050s ]
SQL: SELECT COUNT(*) AS tp_count FROM `tp_user_message` WHERE ( getid=1 and status=0 ) LIMIT 1   [ RunTime:0.0010s ]
SQL: SHOW COLUMNS FROM `tp_user` [ RunTime:0.0050s ]
SQL: SELECT COUNT(*) AS tp_count FROM `tp_user` WHERE ( id!=1 ) LIMIT 1   [ RunTime:0.0000s ]
SQL: SELECT * FROM `tp_user` WHERE ( id!=1 ) ORDER BY bumeng LIMIT 0,13   [ RunTime:0.0000s ]
INFO: [ view_parse ] --START--
INFO: [ template_filter ] --START--
INFO: Run Behavior\ContentReplaceBehavior [ RunTime:0.001000s ]
INFO: [ template_filter ] --END-- [ RunTime:0.001000s ]
NOTIC: [8] Use of undefined constant index - assumed 'index' D:\wamp\www\tp\Application\Runtime\Cache\Home\0a3f8630f5875a1356a304234e809867.php 第 30 行.
NOTIC: [8] Use of undefined constant dksq - assumed 'dksq' D:\wamp\www\tp\Application\Runtime\Cache\Home\0a3f8630f5875a1356a304234e809867.php 第 31 行.
NOTIC: [8] Use of undefined constant staff - assumed 'staff' D:\wamp\www\tp\Application\Runtime\Cache\Home\0a3f8630f5875a1356a304234e809867.php 第 32 行.
NOTIC: [8] Use of undefined constant borrow - assumed 'borrow' D:\wamp\www\tp\Application\Runtime\Cache\Home\0a3f8630f5875a1356a304234e809867.php 第 33 行.
NOTIC: [8] Use of undefined constant auth - assumed 'auth' D:\wamp\www\tp\Application\Runtime\Cache\Home\0a3f8630f5875a1356a304234e809867.php 第 34 行.
NOTIC: [8] Use of undefined constant fhk - assumed 'fhk' D:\wamp\www\tp\Application\Runtime\Cache\Home\0a3f8630f5875a1356a304234e809867.php 第 35 行.
NOTIC: [8] Use of undefined constant index - assumed 'index' D:\wamp\www\tp\Application\Runtime\Cache\Home\0a3f8630f5875a1356a304234e809867.php 第 79 行.
NOTIC: [8] Use of undefined constant staff - assumed 'staff' D:\wamp\www\tp\Application\Runtime\Cache\Home\0a3f8630f5875a1356a304234e809867.php 第 82 行.
NOTIC: [8] Use of undefined constant staff_index - assumed 'staff_index' D:\wamp\www\tp\Application\Runtime\Cache\Home\0a3f8630f5875a1356a304234e809867.php 第 84 行.
NOTIC: [8] Use of undefined constant staff_ulog - assumed 'staff_ulog' D:\wamp\www\tp\Application\Runtime\Cache\Home\0a3f8630f5875a1356a304234e809867.php 第 87 行.
INFO: Run Behavior\ParseTemplateBehavior [ RunTime:0.052003s ]
INFO: [ view_parse ] --END-- [ RunTime:0.052003s ]
INFO: [ view_filter ] --START--
INFO: Run Behavior\WriteHtmlCacheBehavior [ RunTime:0.001001s ]
INFO: [ view_filter ] --END-- [ RunTime:0.002001s ]
INFO: [ app_end ] --START--
INFO: Run Behavior\ShowPageTraceBehavior [ RunTime:0.006000s ]
INFO: [ app_end ] --END-- [ RunTime:0.006000s ]

[ 2015-04-27T12:13:13+08:00 ] ::1 /tp/Staff/index.html
INFO: [ app_init ] --START--
INFO: Run Behavior\BuildLiteBehavior [ RunTime:0.001001s ]
INFO: [ app_init ] --END-- [ RunTime:0.001001s ]
INFO: [ app_begin ] --START--
INFO: Run Behavior\ReadHtmlCacheBehavior [ RunTime:0.001000s ]
INFO: [ app_begin ] --END-- [ RunTime:0.001000s ]
NOTIC: [8] Use of undefined constant UID - assumed 'UID' D:\wamp\www\tp\Application\Common\Common\function.php 第 21 行.
SQL: SHOW COLUMNS FROM `tp_auth_group_access` [ RunTime:0.0050s ]
SQL: SELECT `uid`,`group_id`,`title`,`rules` FROM tp_auth_group_access a INNER JOIN tp_auth_group g on a.group_id=g.id  WHERE ( a.uid='1' and g.status='1' )  [ RunTime:0.0000s ]
NOTIC: [8] Use of undefined constant UID - assumed 'UID' D:\wamp\www\tp\Application\Common\Common\function.php 第 21 行.
SQL: SHOW COLUMNS FROM `tp_user_message` [ RunTime:0.0060s ]
SQL: SELECT COUNT(*) AS tp_count FROM `tp_user_message` WHERE ( getid=1 and status=0 ) LIMIT 1   [ RunTime:0.0010s ]
SQL: SHOW COLUMNS FROM `tp_user` [ RunTime:0.0060s ]
SQL: SELECT COUNT(*) AS tp_count FROM `tp_user` WHERE ( id!=1 ) LIMIT 1   [ RunTime:0.0000s ]
SQL: SELECT * FROM `tp_user` WHERE ( id!=1 ) ORDER BY bumeng LIMIT 0,13   [ RunTime:0.0010s ]
INFO: [ view_parse ] --START--
INFO: [ template_filter ] --START--
INFO: Run Behavior\ContentReplaceBehavior [ RunTime:0.000000s ]
INFO: [ template_filter ] --END-- [ RunTime:0.000000s ]
NOTIC: [8] Use of undefined constant index - assumed 'index' D:\wamp\www\tp\Application\Runtime\Cache\Home\0a3f8630f5875a1356a304234e809867.php 第 30 行.
NOTIC: [8] Use of undefined constant dksq - assumed 'dksq' D:\wamp\www\tp\Application\Runtime\Cache\Home\0a3f8630f5875a1356a304234e809867.php 第 31 行.
NOTIC: [8] Use of undefined constant staff - assumed 'staff' D:\wamp\www\tp\Application\Runtime\Cache\Home\0a3f8630f5875a1356a304234e809867.php 第 32 行.
NOTIC: [8] Use of undefined constant borrow - assumed 'borrow' D:\wamp\www\tp\Application\Runtime\Cache\Home\0a3f8630f5875a1356a304234e809867.php 第 33 行.
NOTIC: [8] Use of undefined constant auth - assumed 'auth' D:\wamp\www\tp\Application\Runtime\Cache\Home\0a3f8630f5875a1356a304234e809867.php 第 34 行.
NOTIC: [8] Use of undefined constant fhk - assumed 'fhk' D:\wamp\www\tp\Application\Runtime\Cache\Home\0a3f8630f5875a1356a304234e809867.php 第 35 行.
NOTIC: [8] Use of undefined constant index - assumed 'index' D:\wamp\www\tp\Application\Runtime\Cache\Home\0a3f8630f5875a1356a304234e809867.php 第 79 行.
NOTIC: [8] Use of undefined constant staff - assumed 'staff' D:\wamp\www\tp\Application\Runtime\Cache\Home\0a3f8630f5875a1356a304234e809867.php 第 82 行.
NOTIC: [8] Use of undefined constant staff_index - assumed 'staff_index' D:\wamp\www\tp\Application\Runtime\Cache\Home\0a3f8630f5875a1356a304234e809867.php 第 84 行.
NOTIC: [8] Use of undefined constant staff_ulog - assumed 'staff_ulog' D:\wamp\www\tp\Application\Runtime\Cache\Home\0a3f8630f5875a1356a304234e809867.php 第 87 行.
INFO: Run Behavior\ParseTemplateBehavior [ RunTime:0.050002s ]
INFO: [ view_parse ] --END-- [ RunTime:0.051002s ]
INFO: [ view_filter ] --START--
INFO: Run Behavior\WriteHtmlCacheBehavior [ RunTime:0.001001s ]
INFO: [ view_filter ] --END-- [ RunTime:0.001001s ]
INFO: [ app_end ] --START--
INFO: Run Behavior\ShowPageTraceBehavior [ RunTime:0.005000s ]
INFO: [ app_end ] --END-- [ RunTime:0.005000s ]

[ 2015-04-27T12:13:15+08:00 ] ::1 /tp/Staff/index.html
INFO: [ app_init ] --START--
INFO: Run Behavior\BuildLiteBehavior [ RunTime:0.000000s ]
INFO: [ app_init ] --END-- [ RunTime:0.001000s ]
INFO: [ app_begin ] --START--
INFO: Run Behavior\ReadHtmlCacheBehavior [ RunTime:0.001000s ]
INFO: [ app_begin ] --END-- [ RunTime:0.002000s ]
NOTIC: [8] Use of undefined constant UID - assumed 'UID' D:\wamp\www\tp\Application\Common\Common\function.php 第 21 行.
SQL: SHOW COLUMNS FROM `tp_auth_group_access` [ RunTime:0.0150s ]
SQL: SELECT `uid`,`group_id`,`title`,`rules` FROM tp_auth_group_access a INNER JOIN tp_auth_group g on a.group_id=g.id  WHERE ( a.uid='1' and g.status='1' )  [ RunTime:0.0000s ]
NOTIC: [8] Use of undefined constant UID - assumed 'UID' D:\wamp\www\tp\Application\Common\Common\function.php 第 21 行.
SQL: SHOW COLUMNS FROM `tp_user_message` [ RunTime:0.0050s ]
SQL: SELECT COUNT(*) AS tp_count FROM `tp_user_message` WHERE ( getid=1 and status=0 ) LIMIT 1   [ RunTime:0.0000s ]
SQL: SHOW COLUMNS FROM `tp_user` [ RunTime:0.0070s ]
SQL: SELECT COUNT(*) AS tp_count FROM `tp_user` WHERE ( id!=1 ) LIMIT 1   [ RunTime:0.0000s ]
SQL: SELECT * FROM `tp_user` WHERE ( id!=1 ) ORDER BY bumeng LIMIT 0,13   [ RunTime:0.0010s ]
INFO: [ view_parse ] --START--
INFO: [ template_filter ] --START--
INFO: Run Behavior\ContentReplaceBehavior [ RunTime:0.000000s ]
INFO: [ template_filter ] --END-- [ RunTime:0.000000s ]
NOTIC: [8] Use of undefined constant index - assumed 'index' D:\wamp\www\tp\Application\Runtime\Cache\Home\0a3f8630f5875a1356a304234e809867.php 第 30 行.
NOTIC: [8] Use of undefined constant dksq - assumed 'dksq' D:\wamp\www\tp\Application\Runtime\Cache\Home\0a3f8630f5875a1356a304234e809867.php 第 31 行.
NOTIC: [8] Use of undefined constant staff - assumed 'staff' D:\wamp\www\tp\Application\Runtime\Cache\Home\0a3f8630f5875a1356a304234e809867.php 第 32 行.
NOTIC: [8] Use of undefined constant borrow - assumed 'borrow' D:\wamp\www\tp\Application\Runtime\Cache\Home\0a3f8630f5875a1356a304234e809867.php 第 33 行.
NOTIC: [8] Use of undefined constant auth - assumed 'auth' D:\wamp\www\tp\Application\Runtime\Cache\Home\0a3f8630f5875a1356a304234e809867.php 第 34 行.
NOTIC: [8] Use of undefined constant fhk - assumed 'fhk' D:\wamp\www\tp\Application\Runtime\Cache\Home\0a3f8630f5875a1356a304234e809867.php 第 35 行.
NOTIC: [8] Use of undefined constant index - assumed 'index' D:\wamp\www\tp\Application\Runtime\Cache\Home\0a3f8630f5875a1356a304234e809867.php 第 79 行.
NOTIC: [8] Use of undefined constant staff - assumed 'staff' D:\wamp\www\tp\Application\Runtime\Cache\Home\0a3f8630f5875a1356a304234e809867.php 第 82 行.
NOTIC: [8] Use of undefined constant staff_index - assumed 'staff_index' D:\wamp\www\tp\Application\Runtime\Cache\Home\0a3f8630f5875a1356a304234e809867.php 第 84 行.
NOTIC: [8] Use of undefined constant staff_ulog - assumed 'staff_ulog' D:\wamp\www\tp\Application\Runtime\Cache\Home\0a3f8630f5875a1356a304234e809867.php 第 87 行.
INFO: Run Behavior\ParseTemplateBehavior [ RunTime:0.051003s ]
INFO: [ view_parse ] --END-- [ RunTime:0.051003s ]
INFO: [ view_filter ] --START--
INFO: Run Behavior\WriteHtmlCacheBehavior [ RunTime:0.001000s ]
INFO: [ view_filter ] --END-- [ RunTime:0.001000s ]
INFO: [ app_end ] --START--
INFO: Run Behavior\ShowPageTraceBehavior [ RunTime:0.059003s ]
INFO: [ app_end ] --END-- [ RunTime:0.059003s ]

[ 2015-04-27T12:13:16+08:00 ] ::1 /tp/Staff/index.html
INFO: [ app_init ] --START--
INFO: Run Behavior\BuildLiteBehavior [ RunTime:0.000000s ]
INFO: [ app_init ] --END-- [ RunTime:0.001000s ]
INFO: [ app_begin ] --START--
INFO: Run Behavior\ReadHtmlCacheBehavior [ RunTime:0.001000s ]
INFO: [ app_begin ] --END-- [ RunTime:0.001000s ]
NOTIC: [8] Use of undefined constant UID - assumed 'UID' D:\wamp\www\tp\Application\Common\Common\function.php 第 21 行.
SQL: SHOW COLUMNS FROM `tp_auth_group_access` [ RunTime:0.0150s ]
SQL: SELECT `uid`,`group_id`,`title`,`rules` FROM tp_auth_group_access a INNER JOIN tp_auth_group g on a.group_id=g.id  WHERE ( a.uid='1' and g.status='1' )  [ RunTime:0.0000s ]
NOTIC: [8] Use of undefined constant UID - assumed 'UID' D:\wamp\www\tp\Application\Common\Common\function.php 第 21 行.
SQL: SHOW COLUMNS FROM `tp_user_message` [ RunTime:0.0050s ]
SQL: SELECT COUNT(*) AS tp_count FROM `tp_user_message` WHERE ( getid=1 and status=0 ) LIMIT 1   [ RunTime:0.0010s ]
SQL: SHOW COLUMNS FROM `tp_user` [ RunTime:0.0050s ]
SQL: SELECT COUNT(*) AS tp_count FROM `tp_user` WHERE ( id!=1 ) LIMIT 1   [ RunTime:0.0000s ]
SQL: SELECT * FROM `tp_user` WHERE ( id!=1 ) ORDER BY bumeng LIMIT 0,13   [ RunTime:0.0010s ]
INFO: [ view_parse ] --START--
INFO: [ template_filter ] --START--
INFO: Run Behavior\ContentReplaceBehavior [ RunTime:0.000000s ]
INFO: [ template_filter ] --END-- [ RunTime:0.000000s ]
NOTIC: [8] Use of undefined constant index - assumed 'index' D:\wamp\www\tp\Application\Runtime\Cache\Home\0a3f8630f5875a1356a304234e809867.php 第 30 行.
NOTIC: [8] Use of undefined constant dksq - assumed 'dksq' D:\wamp\www\tp\Application\Runtime\Cache\Home\0a3f8630f5875a1356a304234e809867.php 第 31 行.
NOTIC: [8] Use of undefined constant staff - assumed 'staff' D:\wamp\www\tp\Application\Runtime\Cache\Home\0a3f8630f5875a1356a304234e809867.php 第 32 行.
NOTIC: [8] Use of undefined constant borrow - assumed 'borrow' D:\wamp\www\tp\Application\Runtime\Cache\Home\0a3f8630f5875a1356a304234e809867.php 第 33 行.
NOTIC: [8] Use of undefined constant auth - assumed 'auth' D:\wamp\www\tp\Application\Runtime\Cache\Home\0a3f8630f5875a1356a304234e809867.php 第 34 行.
NOTIC: [8] Use of undefined constant fhk - assumed 'fhk' D:\wamp\www\tp\Application\Runtime\Cache\Home\0a3f8630f5875a1356a304234e809867.php 第 35 行.
NOTIC: [8] Use of undefined constant index - assumed 'index' D:\wamp\www\tp\Application\Runtime\Cache\Home\0a3f8630f5875a1356a304234e809867.php 第 79 行.
NOTIC: [8] Use of undefined constant staff - assumed 'staff' D:\wamp\www\tp\Application\Runtime\Cache\Home\0a3f8630f5875a1356a304234e809867.php 第 82 行.
NOTIC: [8] Use of undefined constant staff_index - assumed 'staff_index' D:\wamp\www\tp\Application\Runtime\Cache\Home\0a3f8630f5875a1356a304234e809867.php 第 84 行.
NOTIC: [8] Use of undefined constant staff_ulog - assumed 'staff_ulog' D:\wamp\www\tp\Application\Runtime\Cache\Home\0a3f8630f5875a1356a304234e809867.php 第 87 行.
INFO: Run Behavior\ParseTemplateBehavior [ RunTime:0.051003s ]
INFO: [ view_parse ] --END-- [ RunTime:0.052003s ]
INFO: [ view_filter ] --START--
INFO: Run Behavior\WriteHtmlCacheBehavior [ RunTime:0.001000s ]
INFO: [ view_filter ] --END-- [ RunTime:0.001000s ]
INFO: [ app_end ] --START--
INFO: Run Behavior\ShowPageTraceBehavior [ RunTime:0.001000s ]
INFO: [ app_end ] --END-- [ RunTime:0.001000s ]

[ 2015-04-27T12:21:38+08:00 ] ::1 /tp/
INFO: [ app_init ] --START--
INFO: Run Behavior\BuildLiteBehavior [ RunTime:0.000000s ]
INFO: [ app_init ] --END-- [ RunTime:0.000000s ]
INFO: [ app_begin ] --START--
INFO: Run Behavior\ReadHtmlCacheBehavior [ RunTime:0.001000s ]
INFO: [ app_begin ] --END-- [ RunTime:0.001000s ]

[ 2015-04-27T12:21:38+08:00 ] ::1 /tp/Index/index.html
INFO: [ app_init ] --START--
INFO: Run Behavior\BuildLiteBehavior [ RunTime:0.000000s ]
INFO: [ app_init ] --END-- [ RunTime:0.001000s ]
INFO: [ app_begin ] --START--
INFO: Run Behavior\ReadHtmlCacheBehavior [ RunTime:0.001000s ]
INFO: [ app_begin ] --END-- [ RunTime:0.002000s ]
INFO: [ view_parse ] --START--
INFO: [ template_filter ] --START--
INFO: Run Behavior\ContentReplaceBehavior [ RunTime:0.000000s ]
INFO: [ template_filter ] --END-- [ RunTime:0.001000s ]
NOTIC: [8] Use of undefined constant index - assumed 'index' D:\wamp\www\tp\Application\Runtime\Cache\Home\0d6509e863112dc5821b22ecb897e16e.php 第 30 行.
NOTIC: [8] Undefined variable: daohang D:\wamp\www\tp\Application\Runtime\Cache\Home\0d6509e863112dc5821b22ecb897e16e.php 第 30 行.
NOTIC: [8] Use of undefined constant dksq - assumed 'dksq' D:\wamp\www\tp\Application\Runtime\Cache\Home\0d6509e863112dc5821b22ecb897e16e.php 第 31 行.
NOTIC: [8] Undefined variable: daohang D:\wamp\www\tp\Application\Runtime\Cache\Home\0d6509e863112dc5821b22ecb897e16e.php 第 31 行.
NOTIC: [8] Use of undefined constant staff - assumed 'staff' D:\wamp\www\tp\Application\Runtime\Cache\Home\0d6509e863112dc5821b22ecb897e16e.php 第 32 行.
NOTIC: [8] Undefined variable: daohang D:\wamp\www\tp\Application\Runtime\Cache\Home\0d6509e863112dc5821b22ecb897e16e.php 第 32 行.
NOTIC: [8] Use of undefined constant borrow - assumed 'borrow' D:\wamp\www\tp\Application\Runtime\Cache\Home\0d6509e863112dc5821b22ecb897e16e.php 第 33 行.
NOTIC: [8] Undefined variable: daohang D:\wamp\www\tp\Application\Runtime\Cache\Home\0d6509e863112dc5821b22ecb897e16e.php 第 33 行.
NOTIC: [8] Use of undefined constant auth - assumed 'auth' D:\wamp\www\tp\Application\Runtime\Cache\Home\0d6509e863112dc5821b22ecb897e16e.php 第 34 行.
NOTIC: [8] Undefined variable: daohang D:\wamp\www\tp\Application\Runtime\Cache\Home\0d6509e863112dc5821b22ecb897e16e.php 第 34 行.
NOTIC: [8] Use of undefined constant fhk - assumed 'fhk' D:\wamp\www\tp\Application\Runtime\Cache\Home\0d6509e863112dc5821b22ecb897e16e.php 第 35 行.
NOTIC: [8] Undefined variable: daohang D:\wamp\www\tp\Application\Runtime\Cache\Home\0d6509e863112dc5821b22ecb897e16e.php 第 35 行.
NOTIC: [8] Undefined variable: user D:\wamp\www\tp\Application\Runtime\Cache\Home\0d6509e863112dc5821b22ecb897e16e.php 第 41 行.
NOTIC: [8] Undefined variable: MessageCount D:\wamp\www\tp\Application\Runtime\Cache\Home\0d6509e863112dc5821b22ecb897e16e.php 第 52 行.
NOTIC: [8] Undefined variable: MessageCount D:\wamp\www\tp\Application\Runtime\Cache\Home\0d6509e863112dc5821b22ecb897e16e.php 第 57 行.
NOTIC: [8] Use of undefined constant index - assumed 'index' D:\wamp\www\tp\Application\Runtime\Cache\Home\0d6509e863112dc5821b22ecb897e16e.php 第 79 行.
NOTIC: [8] Undefined variable: daohang D:\wamp\www\tp\Application\Runtime\Cache\Home\0d6509e863112dc5821b22ecb897e16e.php 第 79 行.
NOTIC: [8] Use of undefined constant staff - assumed 'staff' D:\wamp\www\tp\Application\Runtime\Cache\Home\0d6509e863112dc5821b22ecb897e16e.php 第 82 行.
NOTIC: [8] Undefined variable: daohang D:\wamp\www\tp\Application\Runtime\Cache\Home\0d6509e863112dc5821b22ecb897e16e.php 第 82 行.
NOTIC: [8] Use of undefined constant dksq - assumed 'dksq' D:\wamp\www\tp\Application\Runtime\Cache\Home\0d6509e863112dc5821b22ecb897e16e.php 第 90 行.
NOTIC: [8] Undefined variable: daohang D:\wamp\www\tp\Application\Runtime\Cache\Home\0d6509e863112dc5821b22ecb897e16e.php 第 90 行.
NOTIC: [8] Use of undefined constant borrow - assumed 'borrow' D:\wamp\www\tp\Application\Runtime\Cache\Home\0d6509e863112dc5821b22ecb897e16e.php 第 103 行.
NOTIC: [8] Undefined variable: daohang D:\wamp\www\tp\Application\Runtime\Cache\Home\0d6509e863112dc5821b22ecb897e16e.php 第 103 行.
NOTIC: [8] Use of undefined constant auth - assumed 'auth' D:\wamp\www\tp\Application\Runtime\Cache\Home\0d6509e863112dc5821b22ecb897e16e.php 第 115 行.
NOTIC: [8] Undefined variable: daohang D:\wamp\www\tp\Application\Runtime\Cache\Home\0d6509e863112dc5821b22ecb897e16e.php 第 115 行.
NOTIC: [8] Use of undefined constant fhk - assumed 'fhk' D:\wamp\www\tp\Application\Runtime\Cache\Home\0d6509e863112dc5821b22ecb897e16e.php 第 123 行.
NOTIC: [8] Undefined variable: daohang D:\wamp\www\tp\Application\Runtime\Cache\Home\0d6509e863112dc5821b22ecb897e16e.php 第 123 行.
NOTIC: [8] Use of undefined constant Message - assumed 'Message' D:\wamp\www\tp\Application\Runtime\Cache\Home\0d6509e863112dc5821b22ecb897e16e.php 第 135 行.
NOTIC: [8] Undefined variable: daohang D:\wamp\www\tp\Application\Runtime\Cache\Home\0d6509e863112dc5821b22ecb897e16e.php 第 135 行.
INFO: Run Behavior\ParseTemplateBehavior [ RunTime:0.032002s ]
INFO: [ view_parse ] --END-- [ RunTime:0.032002s ]
INFO: [ view_filter ] --START--
INFO: Run Behavior\WriteHtmlCacheBehavior [ RunTime:0.001000s ]
INFO: [ view_filter ] --END-- [ RunTime:0.001000s ]
INFO: [ app_end ] --START--
INFO: Run Behavior\ShowPageTraceBehavior [ RunTime:0.001000s ]
INFO: [ app_end ] --END-- [ RunTime:0.001000s ]

[ 2015-04-27T12:21:41+08:00 ] ::1 /tp/Login/tuichu.html
INFO: [ app_init ] --START--
INFO: Run Behavior\BuildLiteBehavior [ RunTime:0.000000s ]
INFO: [ app_init ] --END-- [ RunTime:0.001000s ]
INFO: [ app_begin ] --START--
INFO: Run Behavior\ReadHtmlCacheBehavior [ RunTime:0.001000s ]
INFO: [ app_begin ] --END-- [ RunTime:0.002000s ]
NOTIC: [8] Use of undefined constant UID - assumed 'UID' D:\wamp\www\tp\Application\Home\Common\Userlog.class.php 第 12 行.
INFO: [ view_parse ] --START--
INFO: [ template_filter ] --START--
INFO: Run Behavior\ContentReplaceBehavior [ RunTime:0.000000s ]
INFO: [ template_filter ] --END-- [ RunTime:0.001000s ]
NOTIC: [8] Use of undefined constant index - assumed 'index' D:\wamp\www\tp\Application\Runtime\Cache\Home\fa91e5d2ec5521bcbc9758fccd852d37.php 第 30 行.
NOTIC: [8] Undefined variable: daohang D:\wamp\www\tp\Application\Runtime\Cache\Home\fa91e5d2ec5521bcbc9758fccd852d37.php 第 30 行.
NOTIC: [8] Use of undefined constant dksq - assumed 'dksq' D:\wamp\www\tp\Application\Runtime\Cache\Home\fa91e5d2ec5521bcbc9758fccd852d37.php 第 31 行.
NOTIC: [8] Undefined variable: daohang D:\wamp\www\tp\Application\Runtime\Cache\Home\fa91e5d2ec5521bcbc9758fccd852d37.php 第 31 行.
NOTIC: [8] Use of undefined constant staff - assumed 'staff' D:\wamp\www\tp\Application\Runtime\Cache\Home\fa91e5d2ec5521bcbc9758fccd852d37.php 第 32 行.
NOTIC: [8] Undefined variable: daohang D:\wamp\www\tp\Application\Runtime\Cache\Home\fa91e5d2ec5521bcbc9758fccd852d37.php 第 32 行.
NOTIC: [8] Use of undefined constant borrow - assumed 'borrow' D:\wamp\www\tp\Application\Runtime\Cache\Home\fa91e5d2ec5521bcbc9758fccd852d37.php 第 33 行.
NOTIC: [8] Undefined variable: daohang D:\wamp\www\tp\Application\Runtime\Cache\Home\fa91e5d2ec5521bcbc9758fccd852d37.php 第 33 行.
NOTIC: [8] Use of undefined constant auth - assumed 'auth' D:\wamp\www\tp\Application\Runtime\Cache\Home\fa91e5d2ec5521bcbc9758fccd852d37.php 第 34 行.
NOTIC: [8] Undefined variable: daohang D:\wamp\www\tp\Application\Runtime\Cache\Home\fa91e5d2ec5521bcbc9758fccd852d37.php 第 34 行.
NOTIC: [8] Use of undefined constant fhk - assumed 'fhk' D:\wamp\www\tp\Application\Runtime\Cache\Home\fa91e5d2ec5521bcbc9758fccd852d37.php 第 35 行.
NOTIC: [8] Undefined variable: daohang D:\wamp\www\tp\Application\Runtime\Cache\Home\fa91e5d2ec5521bcbc9758fccd852d37.php 第 35 行.
NOTIC: [8] Undefined variable: user D:\wamp\www\tp\Application\Runtime\Cache\Home\fa91e5d2ec5521bcbc9758fccd852d37.php 第 41 行.
NOTIC: [8] Undefined variable: MessageCount D:\wamp\www\tp\Application\Runtime\Cache\Home\fa91e5d2ec5521bcbc9758fccd852d37.php 第 52 行.
NOTIC: [8] Undefined variable: MessageCount D:\wamp\www\tp\Application\Runtime\Cache\Home\fa91e5d2ec5521bcbc9758fccd852d37.php 第 57 行.
INFO: Run Behavior\ParseTemplateBehavior [ RunTime:0.021001s ]
INFO: [ view_parse ] --END-- [ RunTime:0.021001s ]
INFO: [ view_filter ] --START--
INFO: Run Behavior\WriteHtmlCacheBehavior [ RunTime:0.002000s ]
INFO: [ view_filter ] --END-- [ RunTime:0.002000s ]
INFO: [ app_end ] --START--
INFO: Run Behavior\ShowPageTraceBehavior [ RunTime:0.001000s ]
INFO: [ app_end ] --END-- [ RunTime:0.001000s ]

[ 2015-04-27T12:21:42+08:00 ] ::1 /tp/Login/index.html
INFO: [ app_init ] --START--
INFO: Run Behavior\BuildLiteBehavior [ RunTime:0.000000s ]
INFO: [ app_init ] --END-- [ RunTime:0.001000s ]
INFO: [ app_begin ] --START--
INFO: Run Behavior\ReadHtmlCacheBehavior [ RunTime:0.001000s ]
INFO: [ app_begin ] --END-- [ RunTime:0.001000s ]
INFO: [ view_parse ] --START--
INFO: [ template_filter ] --START--
INFO: Run Behavior\ContentReplaceBehavior [ RunTime:0.000000s ]
INFO: [ template_filter ] --END-- [ RunTime:0.000000s ]
NOTIC: [8] Use of undefined constant login - assumed 'login' D:\wamp\www\tp\Application\Runtime\Cache\Home\4a2c385fbfaec846964dc7028911284c.php 第 27 行.
NOTIC: [8] Use of undefined constant verify - assumed 'verify' D:\wamp\www\tp\Application\Runtime\Cache\Home\4a2c385fbfaec846964dc7028911284c.php 第 46 行.
INFO: Run Behavior\ParseTemplateBehavior [ RunTime:0.010000s ]
INFO: [ view_parse ] --END-- [ RunTime:0.010000s ]
INFO: [ view_filter ] --START--
INFO: Run Behavior\WriteHtmlCacheBehavior [ RunTime:0.001000s ]
INFO: [ view_filter ] --END-- [ RunTime:0.001000s ]
INFO: [ app_end ] --START--
INFO: Run Behavior\ShowPageTraceBehavior [ RunTime:0.001000s ]
INFO: [ app_end ] --END-- [ RunTime:0.002000s ]

[ 2015-04-27T12:21:42+08:00 ] ::1 /tp/Login/verify
INFO: [ app_init ] --START--
INFO: Run Behavior\BuildLiteBehavior [ RunTime:0.000000s ]
INFO: [ app_init ] --END-- [ RunTime:0.001000s ]
INFO: [ app_begin ] --START--
INFO: Run Behavior\ReadHtmlCacheBehavior [ RunTime:0.001000s ]
INFO: [ app_begin ] --END-- [ RunTime:0.001000s ]
INFO: [ app_end ] --START--
INFO: Run Behavior\ShowPageTraceBehavior [ RunTime:0.002000s ]
INFO: [ app_end ] --END-- [ RunTime:0.003000s ]

[ 2015-04-27T12:22:47+08:00 ] ::1 /tp/Login/index.html
INFO: [ app_init ] --START--
INFO: Run Behavior\BuildLiteBehavior [ RunTime:0.000000s ]
INFO: [ app_init ] --END-- [ RunTime:0.000000s ]
INFO: [ app_begin ] --START--
INFO: Run Behavior\ReadHtmlCacheBehavior [ RunTime:0.002000s ]
INFO: [ app_begin ] --END-- [ RunTime:0.002000s ]
INFO: [ view_parse ] --START--
INFO: [ template_filter ] --START--
INFO: Run Behavior\ContentReplaceBehavior [ RunTime:0.000000s ]
INFO: [ template_filter ] --END-- [ RunTime:0.000000s ]
NOTIC: [8] Use of undefined constant login - assumed 'login' D:\wamp\www\tp\Application\Runtime\Cache\Home\4a2c385fbfaec846964dc7028911284c.php 第 27 行.
NOTIC: [8] Use of undefined constant verify - assumed 'verify' D:\wamp\www\tp\Application\Runtime\Cache\Home\4a2c385fbfaec846964dc7028911284c.php 第 46 行.
INFO: Run Behavior\ParseTemplateBehavior [ RunTime:0.011000s ]
INFO: [ view_parse ] --END-- [ RunTime:0.011000s ]
INFO: [ view_filter ] --START--
INFO: Run Behavior\WriteHtmlCacheBehavior [ RunTime:0.002000s ]
INFO: [ view_filter ] --END-- [ RunTime:0.002000s ]
INFO: [ app_end ] --START--
INFO: Run Behavior\ShowPageTraceBehavior [ RunTime:0.001000s ]
INFO: [ app_end ] --END-- [ RunTime:0.002000s ]

[ 2015-04-27T12:22:48+08:00 ] ::1 /tp/Login/verify
INFO: [ app_init ] --START--
INFO: Run Behavior\BuildLiteBehavior [ RunTime:0.000000s ]
INFO: [ app_init ] --END-- [ RunTime:0.001000s ]
INFO: [ app_begin ] --START--
INFO: Run Behavior\ReadHtmlCacheBehavior [ RunTime:0.001000s ]
INFO: [ app_begin ] --END-- [ RunTime:0.002000s ]
INFO: [ app_end ] --START--
INFO: Run Behavior\ShowPageTraceBehavior [ RunTime:0.002000s ]
INFO: [ app_end ] --END-- [ RunTime:0.002000s ]

[ 2015-04-27T12:22:50+08:00 ] ::1 /tp/Login/index.html
INFO: [ app_init ] --START--
INFO: Run Behavior\BuildLiteBehavior [ RunTime:0.000000s ]
INFO: [ app_init ] --END-- [ RunTime:0.001000s ]
INFO: [ app_begin ] --START--
INFO: Run Behavior\ReadHtmlCacheBehavior [ RunTime:0.003000s ]
INFO: [ app_begin ] --END-- [ RunTime:0.003000s ]
INFO: [ view_parse ] --START--
INFO: [ template_filter ] --START--
INFO: Run Behavior\ContentReplaceBehavior [ RunTime:0.000000s ]
INFO: [ template_filter ] --END-- [ RunTime:0.001000s ]
NOTIC: [8] Use of undefined constant login - assumed 'login' D:\wamp\www\tp\Application\Runtime\Cache\Home\4a2c385fbfaec846964dc7028911284c.php 第 27 行.
NOTIC: [8] Use of undefined constant verify - assumed 'verify' D:\wamp\www\tp\Application\Runtime\Cache\Home\4a2c385fbfaec846964dc7028911284c.php 第 46 行.
INFO: Run Behavior\ParseTemplateBehavior [ RunTime:0.012001s ]
INFO: [ view_parse ] --END-- [ RunTime:0.012001s ]
INFO: [ view_filter ] --START--
INFO: Run Behavior\WriteHtmlCacheBehavior [ RunTime:0.001000s ]
INFO: [ view_filter ] --END-- [ RunTime:0.001000s ]
INFO: [ app_end ] --START--
INFO: Run Behavior\ShowPageTraceBehavior [ RunTime:0.001000s ]
INFO: [ app_end ] --END-- [ RunTime:0.002000s ]

[ 2015-04-27T12:22:50+08:00 ] ::1 /tp/Login/verify
INFO: [ app_init ] --START--
INFO: Run Behavior\BuildLiteBehavior [ RunTime:0.000000s ]
INFO: [ app_init ] --END-- [ RunTime:0.001000s ]
INFO: [ app_begin ] --START--
INFO: Run Behavior\ReadHtmlCacheBehavior [ RunTime:0.001000s ]
INFO: [ app_begin ] --END-- [ RunTime:0.002000s ]
INFO: [ app_end ] --START--
INFO: Run Behavior\ShowPageTraceBehavior [ RunTime:0.001000s ]
INFO: [ app_end ] --END-- [ RunTime:0.002001s ]

